SF:lib\shared\services\auth_service.dart
DA:28,0
DA:29,0
DA:31,0
DA:34,0
DA:36,0
DA:37,0
DA:38,0
DA:39,0
DA:41,0
DA:44,0
DA:49,0
DA:50,0
DA:53,0
DA:55,0
DA:56,0
DA:60,0
DA:67,0
DA:72,0
DA:79,0
DA:80,0
DA:82,0
DA:83,0
DA:89,0
DA:90,0
DA:91,0
DA:92,0
DA:99,0
DA:101,0
DA:108,0
DA:109,0
DA:110,0
DA:117,0
DA:121,0
DA:122,0
DA:123,0
DA:125,0
DA:126,0
DA:129,0
DA:134,0
DA:137,0
DA:138,0
DA:139,0
DA:144,0
DA:148,0
DA:149,0
LF:45
LH:0
end_of_record
SF:lib\features\health_tracking\screens\blood_pressure_graph_screen.dart
DA:6,3
DA:8,1
DA:10,1
DA:58,1
DA:60,1
DA:61,2
DA:63,1
DA:64,1
DA:65,1
DA:67,1
DA:68,1
DA:70,3
DA:72,2
DA:74,3
DA:75,2
DA:78,1
DA:80,1
DA:82,1
DA:84,1
DA:88,1
DA:92,1
DA:96,1
DA:103,1
DA:108,2
DA:109,2
DA:110,1
DA:111,1
DA:113,1
DA:114,1
DA:115,1
DA:120,0
DA:121,0
DA:122,0
DA:124,1
DA:126,1
DA:127,1
DA:130,0
DA:131,3
DA:134,1
DA:135,1
DA:138,0
DA:139,3
DA:146,1
DA:148,1
DA:149,1
DA:150,1
DA:151,1
DA:152,1
DA:155,1
DA:164,1
DA:165,1
DA:166,1
DA:169,3
DA:182,1
DA:183,1
DA:185,1
DA:186,1
DA:188,3
DA:195,1
DA:196,9
DA:197,3
DA:200,0
DA:210,1
DA:212,1
DA:213,1
DA:214,1
DA:215,1
DA:216,1
DA:217,3
DA:222,1
DA:224,3
DA:227,0
DA:233,1
DA:235,3
DA:239,0
DA:243,1
DA:244,1
DA:245,1
DA:246,1
DA:247,3
DA:252,1
DA:254,3
DA:257,0
DA:263,1
DA:268,1
DA:269,3
DA:270,1
DA:271,1
DA:272,3
DA:275,1
DA:277,1
DA:291,1
DA:292,1
DA:293,1
DA:294,1
DA:299,0
DA:300,0
DA:301,0
DA:303,1
DA:305,1
DA:306,1
DA:309,0
DA:310,3
DA:313,1
DA:314,1
DA:317,0
DA:318,3
DA:325,1
DA:327,1
DA:329,1
DA:330,1
DA:332,3
DA:338,1
DA:340,1
DA:343,1
DA:345,1
DA:346,1
DA:347,1
DA:348,1
DA:363,1
DA:368,1
DA:370,1
DA:371,1
DA:372,1
DA:373,1
DA:379,1
DA:386,1
DA:387,1
DA:388,1
DA:390,3
DA:395,1
DA:397,3
DA:400,0
DA:408,1
DA:413,1
DA:414,1
DA:415,1
DA:420,0
DA:421,0
DA:422,0
DA:424,1
DA:426,1
DA:427,1
DA:430,0
DA:431,3
DA:434,1
DA:435,1
DA:438,0
DA:439,3
DA:446,1
DA:448,1
DA:450,1
DA:451,1
DA:452,1
DA:459,1
DA:461,3
DA:469,1
DA:471,3
DA:474,0
DA:484,1
DA:489,1
DA:490,1
DA:491,1
DA:496,0
DA:497,0
DA:498,0
DA:500,1
DA:502,1
DA:503,1
DA:506,0
DA:507,3
DA:510,1
DA:511,1
DA:514,0
DA:515,3
DA:522,1
DA:524,1
DA:526,1
DA:527,1
DA:528,1
DA:535,1
DA:537,3
DA:545,1
DA:553,1
DA:561,1
DA:574,1
DA:581,1
DA:583,1
DA:584,1
DA:594,1
DA:595,1
DA:597,1
DA:598,1
DA:600,3
DA:606,1
DA:608,3
DA:611,0
DA:622,1
DA:623,2
DA:624,0
DA:625,0
DA:626,0
DA:630,1
DA:632,1
DA:634,0
DA:636,0
DA:638,0
DA:652,1
DA:659,1
DA:662,1
DA:663,1
DA:664,1
DA:665,1
DA:666,1
DA:669,1
DA:670,1
DA:671,1
DA:672,1
DA:673,1
DA:676,1
DA:677,1
DA:678,1
DA:679,0
DA:680,3
DA:681,1
DA:684,2
DA:685,3
DA:686,4
DA:690,2
DA:691,1
DA:692,1
DA:694,4
DA:695,6
DA:697,5
DA:698,4
DA:699,2
DA:702,2
DA:703,5
DA:704,3
DA:705,5
DA:707,1
DA:710,2
DA:711,3
DA:716,2
DA:717,1
DA:718,1
DA:720,4
DA:721,6
DA:723,5
DA:724,4
DA:725,2
DA:728,2
DA:729,5
DA:730,3
DA:731,5
DA:733,1
DA:736,2
DA:737,3
DA:742,0
LF:259
LH:224
end_of_record
SF:lib\core\theme\app_theme.dart
DA:12,2
DA:13,2
DA:15,2
DA:32,2
DA:37,4
DA:47,2
DA:48,2
DA:49,2
DA:52,2
DA:55,2
DA:58,4
DA:65,2
DA:68,2
DA:70,4
DA:73,4
DA:76,4
DA:82,2
DA:83,2
DA:85,2
DA:102,2
DA:107,4
DA:117,2
DA:118,2
DA:119,2
DA:122,2
DA:125,2
DA:128,4
DA:135,2
DA:138,2
DA:140,4
DA:143,4
DA:146,4
DA:152,2
DA:157,2
DA:158,2
DA:159,2
DA:162,2
DA:164,2
DA:165,2
DA:169,2
DA:170,2
DA:174,2
DA:175,2
DA:179,2
DA:180,2
DA:184,2
DA:185,2
DA:189,2
DA:190,2
DA:194,2
DA:195,2
DA:199,2
DA:200,2
DA:204,2
DA:205,2
DA:210,2
DA:211,2
DA:216,2
DA:217,2
DA:222,2
DA:223,2
DA:227,2
DA:228,2
DA:232,2
DA:233,2
DA:241,2
DA:244,2
DA:245,2
DA:250,4
DA:251,2
DA:252,2
DA:261,2
DA:264,2
DA:265,2
DA:269,4
DA:270,2
DA:271,2
DA:280,2
DA:281,2
DA:282,2
DA:285,2
DA:286,2
DA:295,2
DA:296,2
DA:299,2
DA:300,2
DA:303,2
DA:304,2
DA:307,2
DA:308,2
DA:311,2
DA:312,2
DA:316,2
DA:317,2
DA:320,2
DA:321,2
LF:96
LH:96
end_of_record
SF:lib\router\router.dart
DA:57,6
DA:58,0
DA:61,0
DA:63,0
DA:66,0
DA:67,0
DA:71,0
DA:72,0
DA:75,0
DA:76,0
DA:77,0
DA:78,0
DA:79,0
DA:82,0
DA:83,0
DA:88,0
DA:89,0
DA:91,0
DA:96,0
DA:100,0
DA:103,0
DA:114,0
DA:115,0
DA:120,0
DA:121,0
DA:124,0
DA:125,0
DA:126,0
DA:127,0
DA:130,0
DA:140,0
DA:147,0
DA:153,0
DA:155,0
DA:156,0
DA:158,0
DA:160,0
DA:162,0
DA:164,0
DA:166,0
DA:168,0
DA:169,0
DA:171,0
DA:173,0
DA:175,0
DA:177,0
DA:179,0
DA:181,0
DA:183,0
DA:185,0
DA:187,0
DA:189,0
DA:190,0
DA:191,0
DA:192,0
DA:194,0
DA:196,0
DA:198,0
DA:200,0
DA:202,0
DA:203,0
DA:204,0
DA:207,0
DA:211,0
DA:213,0
DA:215,0
DA:217,0
DA:219,0
DA:221,0
DA:223,0
DA:225,0
DA:228,0
DA:230,0
DA:231,0
DA:232,0
DA:234,0
DA:236,0
DA:238,0
DA:240,0
DA:242,0
DA:244,0
DA:246,0
DA:249,0
DA:251,0
DA:253,0
DA:255,0
DA:257,0
DA:259,0
DA:261,0
DA:263,0
DA:265,0
DA:268,0
DA:272,0
DA:274,0
DA:276,0
DA:278,0
DA:280,0
DA:282,0
DA:283,0
DA:284,0
DA:287,0
DA:289,0
DA:291,0
DA:292,0
DA:293,0
DA:295,0
DA:297,0
DA:299,0
DA:301,0
DA:303,0
DA:307,0
DA:309,0
DA:310,0
DA:311,0
DA:313,0
DA:315,0
DA:317,0
DA:321,0
DA:323,0
DA:324,0
DA:325,0
DA:327,0
DA:329,0
DA:331,0
DA:333,0
DA:335,0
DA:339,0
DA:341,0
DA:342,0
DA:343,0
DA:345,0
DA:347,0
DA:349,0
DA:351,0
DA:353,0
LF:135
LH:1
end_of_record
SF:lib\shared\providers\auth_provider.dart
DA:5,6
DA:8,0
DA:11,0
DA:20,2
DA:26,0
DA:27,0
DA:28,0
DA:29,0
DA:30,0
DA:39,0
DA:40,0
DA:43,0
DA:44,0
DA:45,0
DA:48,0
DA:49,0
DA:51,0
DA:53,0
DA:59,0
DA:62,0
DA:63,0
DA:66,0
DA:67,0
DA:68,0
DA:73,0
DA:78,0
DA:79,0
DA:82,0
DA:83,0
DA:89,0
DA:94,0
DA:95,0
DA:99,0
DA:102,0
DA:104,0
LF:35
LH:2
end_of_record
SF:lib\core\constants\auth_constants.dart
DA:159,0
LF:1
LH:0
end_of_record
SF:lib\core\utils\validators.dart
DA:7,0
DA:8,0
DA:9,0
DA:13,0
DA:16,0
DA:17,0
DA:21,0
DA:22,0
DA:29,0
DA:30,0
DA:31,0
DA:35,0
DA:39,0
DA:40,0
DA:52,0
DA:53,0
DA:54,0
DA:57,0
DA:59,0
DA:60,0
DA:61,0
DA:63,0
DA:64,0
DA:67,0
DA:68,0
DA:72,0
DA:73,0
DA:77,0
DA:78,0
DA:85,0
DA:90,0
DA:91,0
DA:97,0
DA:98,0
DA:99,0
DA:102,0
DA:103,0
DA:107,0
DA:108,0
DA:109,0
LF:40
LH:0
end_of_record
SF:lib\shared\mixins\auth_mixin.dart
DA:16,0
DA:17,0
DA:18,0
DA:19,0
DA:20,0
DA:28,0
DA:29,0
DA:30,0
DA:31,0
DA:32,0
DA:40,0
DA:41,0
DA:45,0
DA:46,0
DA:50,0
DA:51,0
DA:55,0
DA:56,0
DA:60,0
DA:61,0
DA:65,0
DA:66,0
DA:68,0
DA:73,0
DA:76,0
DA:80,0
DA:83,0
DA:87,0
DA:96,0
DA:97,0
DA:98,0
DA:104,0
DA:106,0
DA:117,0
DA:118,0
DA:120,0
DA:121,0
DA:122,0
DA:123,0
DA:124,0
DA:125,0
DA:128,0
DA:129,0
DA:130,0
DA:131,0
DA:132,0
DA:137,0
DA:140,0
DA:142,0
DA:143,0
DA:144,0
DA:145,0
DA:148,0
DA:149,0
DA:150,0
DA:162,0
DA:163,0
DA:164,0
DA:165,0
DA:167,0
LF:60
LH:0
end_of_record
SF:lib\features\auth\screens\forgot_password_screen.dart
DA:16,2
DA:18,0
DA:20,0
DA:31,0
DA:33,0
DA:34,0
DA:37,0
DA:38,0
DA:39,0
DA:40,0
DA:41,0
DA:42,0
DA:44,0
DA:45,0
DA:46,0
DA:47,0
DA:51,0
DA:53,0
DA:54,0
DA:55,0
DA:57,0
DA:60,0
DA:61,0
DA:62,0
DA:63,0
DA:68,0
DA:69,0
DA:74,0
DA:80,0
DA:81,0
DA:83,0
DA:85,0
DA:87,0
DA:89,0
DA:90,0
DA:91,0
DA:94,0
DA:97,0
DA:98,0
DA:100,0
DA:101,0
DA:103,0
DA:106,0
DA:109,0
DA:110,0
DA:112,0
DA:113,0
DA:124,0
DA:125,0
DA:126,0
DA:127,0
DA:131,0
DA:132,0
DA:133,0
DA:143,0
DA:145,0
DA:146,0
DA:147,0
DA:149,0
DA:150,0
DA:152,0
DA:155,0
DA:156,0
DA:157,0
DA:158,0
DA:159,0
DA:160,0
DA:161,0
DA:162,0
DA:164,0
DA:165,0
DA:167,0
DA:172,0
DA:173,0
DA:174,0
DA:175,0
DA:179,0
DA:180,0
DA:181,0
LF:79
LH:1
end_of_record
SF:lib\shared\widgets\buttons\custom_button.dart
DA:20,0
DA:36,0
DA:44,0
DA:57,0
DA:65,0
DA:79,0
DA:87,0
DA:99,0
DA:102,0
DA:103,0
DA:105,0
DA:106,0
DA:108,0
DA:111,0
DA:112,0
DA:113,0
DA:114,0
DA:116,0
DA:117,0
DA:118,0
DA:129,0
DA:135,0
DA:136,0
DA:146,0
DA:148,0
DA:149,0
DA:150,0
DA:155,0
DA:157,0
DA:158,0
DA:161,0
DA:167,0
DA:172,0
DA:173,0
DA:174,0
DA:177,0
DA:182,0
DA:183,0
DA:184,0
DA:187,0
DA:192,0
DA:193,0
DA:194,0
DA:195,0
DA:196,0
DA:199,0
DA:201,0
DA:202,0
DA:208,0
DA:209,0
DA:211,0
DA:216,0
DA:217,0
DA:219,0
DA:220,0
DA:221,0
DA:230,0
DA:232,0
DA:233,0
DA:235,0
DA:237,0
DA:238,0
DA:239,0
DA:252,0
DA:254,0
DA:256,0
DA:257,0
DA:258,0
DA:279,0
DA:288,0
DA:289,0
DA:295,0
DA:296,0
DA:298,0
DA:299,0
DA:303,0
DA:306,0
DA:308,0
DA:309,0
DA:310,0
DA:316,0
DA:318,0
DA:319,0
DA:320,0
DA:321,0
DA:322,0
DA:323,0
DA:324,0
LF:88
LH:0
end_of_record
SF:lib\shared\widgets\forms\custom_text_field.dart
DA:33,0
DA:60,0
DA:70,0
DA:81,0
DA:82,0
DA:83,0
DA:89,0
DA:101,0
DA:116,0
DA:126,0
DA:142,0
DA:152,0
DA:167,0
DA:168,0
DA:174,0
DA:176,0
DA:177,0
DA:178,0
DA:179,0
DA:183,0
DA:185,0
DA:186,0
DA:188,0
DA:191,0
DA:193,0
DA:194,0
DA:195,0
DA:196,0
DA:198,0
DA:200,0
DA:202,0
DA:203,0
DA:204,0
DA:206,0
DA:208,0
DA:209,0
DA:210,0
DA:217,0
DA:218,0
DA:219,0
DA:220,0
DA:221,0
DA:222,0
DA:223,0
DA:224,0
DA:225,0
DA:226,0
DA:227,0
DA:228,0
DA:229,0
DA:230,0
DA:231,0
DA:232,0
DA:234,0
DA:235,0
DA:238,0
DA:239,0
DA:241,0
DA:242,0
DA:243,0
DA:251,0
DA:252,0
DA:253,0
DA:258,0
DA:264,0
DA:265,0
DA:266,0
DA:272,0
DA:273,0
DA:274,0
DA:280,0
DA:281,0
DA:282,0
DA:288,0
DA:289,0
DA:296,0
DA:297,0
DA:304,0
DA:305,0
DA:328,0
DA:341,0
DA:342,0
DA:348,0
DA:349,0
DA:350,0
DA:354,0
DA:356,0
DA:357,0
DA:358,0
DA:359,0
DA:361,0
DA:364,0
DA:365,0
DA:366,0
DA:367,0
DA:371,0
DA:373,0
DA:374,0
DA:375,0
DA:378,0
DA:379,0
DA:380,0
DA:381,0
DA:382,0
LF:104
LH:0
end_of_record
SF:lib\features\auth\widgets\auth_floating_card.dart
DA:52,2
DA:62,0
DA:64,0
DA:66,0
DA:68,0
DA:69,0
DA:70,0
DA:71,0
DA:74,0
DA:76,0
DA:77,0
DA:78,0
DA:81,0
DA:82,0
DA:83,0
DA:84,0
DA:89,0
DA:94,0
DA:95,0
DA:97,0
DA:98,0
DA:99,0
DA:101,0
DA:102,0
DA:103,0
DA:105,0
DA:107,0
DA:108,0
DA:109,0
DA:111,0
DA:112,0
DA:113,0
DA:117,0
DA:118,0
DA:119,0
DA:121,0
DA:122,0
DA:123,0
DA:129,0
DA:130,0
DA:132,0
DA:133,0
DA:134,0
DA:136,0
DA:137,0
DA:140,0
DA:141,0
DA:146,0
DA:147,0
DA:149,0
DA:150,0
DA:151,0
DA:153,0
DA:154,0
DA:157,0
DA:158,0
LF:56
LH:1
end_of_record
SF:lib\features\auth\widgets\auth_section_title.dart
DA:8,0
DA:10,0
DA:12,0
DA:13,0
DA:14,0
DA:16,0
DA:17,0
DA:18,0
DA:20,0
LF:9
LH:0
end_of_record
SF:lib\features\auth\screens\login_screen.dart
DA:27,2
DA:29,0
DA:30,0
DA:44,0
DA:46,0
DA:47,0
DA:50,0
DA:52,0
DA:53,0
DA:54,0
DA:55,0
DA:56,0
DA:60,0
DA:62,0
DA:66,0
DA:68,0
DA:71,0
DA:72,0
DA:73,0
DA:74,0
DA:77,0
DA:78,0
DA:79,0
DA:80,0
DA:81,0
DA:82,0
DA:83,0
DA:84,0
DA:85,0
DA:86,0
DA:88,0
DA:89,0
DA:95,0
DA:96,0
DA:102,0
DA:103,0
DA:105,0
DA:106,0
DA:107,0
DA:113,0
DA:114,0
DA:116,0
DA:118,0
DA:119,0
DA:121,0
DA:122,0
DA:123,0
DA:124,0
DA:126,0
DA:128,0
DA:130,0
DA:132,0
DA:134,0
DA:138,0
DA:140,0
DA:141,0
DA:142,0
DA:144,0
DA:145,0
DA:146,0
DA:147,0
DA:148,0
DA:149,0
DA:150,0
DA:152,0
DA:154,0
DA:155,0
DA:159,0
DA:160,0
DA:161,0
DA:162,0
DA:163,0
DA:165,0
DA:166,0
DA:168,0
DA:169,0
DA:173,0
DA:175,0
DA:176,0
DA:177,0
DA:180,0
DA:181,0
DA:182,0
DA:184,0
DA:197,0
DA:198,0
DA:199,0
DA:200,0
DA:201,0
DA:202,0
DA:205,0
DA:206,0
DA:207,0
DA:213,0
DA:214,0
DA:215,0
DA:216,0
DA:217,0
DA:218,0
DA:223,0
DA:225,0
DA:226,0
DA:228,0
DA:230,0
DA:231,0
DA:232,0
DA:237,0
DA:238,0
DA:239,0
DA:240,0
DA:242,0
DA:247,0
DA:249,0
DA:251,0
DA:252,0
DA:253,0
DA:258,0
DA:259,0
DA:260,0
DA:261,0
DA:263,0
DA:271,0
DA:272,0
DA:273,0
DA:274,0
DA:276,0
DA:277,0
DA:278,0
DA:280,0
DA:281,0
DA:289,0
DA:291,0
DA:292,0
DA:293,0
DA:294,0
DA:297,0
DA:298,0
DA:300,0
DA:301,0
DA:302,0
DA:304,0
DA:305,0
DA:316,0
DA:317,0
DA:318,0
DA:319,0
DA:320,0
DA:321,0
DA:325,0
DA:327,0
DA:328,0
DA:329,0
DA:330,0
DA:332,0
DA:335,0
DA:336,0
DA:337,0
DA:343,0
DA:344,0
DA:345,0
DA:350,0
DA:351,0
DA:352,0
DA:353,0
DA:360,0
DA:361,0
DA:362,0
DA:363,0
DA:367,0
DA:369,0
DA:370,0
DA:371,0
DA:372,0
DA:374,0
DA:377,0
DA:378,0
DA:379,0
DA:385,0
DA:386,0
DA:387,0
DA:392,0
DA:393,0
DA:394,0
DA:395,0
DA:404,0
LF:185
LH:1
end_of_record
SF:lib\shared\models\auth_models.dart
DA:16,2
DA:36,4
DA:44,0
DA:51,0
DA:52,0
DA:53,0
DA:54,0
DA:55,0
DA:56,0
DA:68,2
DA:75,0
DA:81,0
DA:82,0
DA:83,0
DA:84,0
DA:85,0
DA:89,0
DA:90,0
LF:18
LH:3
end_of_record
SF:lib\features\auth\widgets\auth_biometric_button.dart
DA:10,0
DA:18,0
DA:20,0
DA:21,0
DA:22,0
DA:25,0
DA:27,0
DA:28,0
DA:29,0
DA:30,0
DA:31,0
DA:33,0
DA:34,0
DA:35,0
DA:37,0
DA:38,0
DA:40,0
DA:41,0
DA:42,0
DA:48,0
DA:50,0
DA:51,0
DA:52,0
DA:53,0
DA:55,0
DA:56,0
DA:65,0
DA:66,0
DA:67,0
DA:68,0
LF:30
LH:0
end_of_record
SF:lib\features\auth\widgets\auth_logo_header.dart
DA:34,0
DA:41,0
DA:43,0
DA:44,0
DA:45,0
DA:46,0
DA:51,0
DA:53,0
DA:54,0
DA:55,0
DA:58,0
DA:65,0
DA:67,0
DA:68,0
DA:69,0
DA:71,0
LF:16
LH:0
end_of_record
SF:lib\features\auth\widgets\auth_social_button_row.dart
DA:39,0
DA:46,0
DA:48,0
DA:49,0
DA:50,0
DA:51,0
DA:52,0
DA:54,0
DA:58,0
DA:59,0
DA:63,0
DA:64,0
DA:66,0
DA:70,0
DA:71,0
LF:15
LH:0
end_of_record
SF:lib\features\auth\screens\onboarding_screen.dart
DA:15,2
DA:17,0
DA:18,0
DA:83,0
DA:84,0
DA:85,0
DA:91,0
DA:92,0
DA:93,0
DA:94,0
DA:98,0
DA:99,0
DA:100,0
DA:107,0
DA:109,0
DA:110,0
DA:112,0
DA:115,0
DA:116,0
DA:117,0
DA:119,0
DA:123,0
DA:124,0
DA:126,0
DA:127,0
DA:129,0
DA:132,0
DA:141,0
DA:142,0
DA:144,0
DA:145,0
DA:146,0
DA:147,0
DA:148,0
DA:149,0
DA:150,0
DA:152,0
DA:157,0
DA:159,0
DA:176,0
DA:177,0
DA:178,0
DA:180,0
DA:181,0
DA:182,0
DA:183,0
DA:184,0
DA:186,0
DA:191,0
DA:193,0
DA:194,0
DA:196,0
DA:198,0
DA:199,0
DA:201,0
DA:202,0
DA:206,0
DA:207,0
DA:209,0
DA:214,0
DA:216,0
DA:227,0
DA:229,0
DA:230,0
DA:231,0
DA:232,0
DA:245,0
DA:249,0
DA:251,0
DA:253,0
DA:255,0
DA:257,0
DA:259,0
DA:264,0
DA:266,0
DA:267,0
DA:269,0
DA:272,0
DA:273,0
DA:280,0
DA:281,0
DA:282,0
DA:284,0
DA:312,0
DA:314,0
DA:316,0
DA:318,0
DA:324,0
DA:328,0
DA:329,0
DA:331,0
DA:339,0
DA:342,0
DA:356,0
DA:364,0
DA:366,0
DA:369,0
DA:370,0
DA:371,0
DA:372,0
DA:373,0
DA:376,0
DA:380,0
DA:382,0
DA:383,0
DA:385,0
DA:389,0
DA:390,0
DA:392,0
DA:393,0
DA:396,0
DA:399,0
DA:401,0
DA:402,0
DA:403,0
DA:406,0
DA:408,0
DA:413,0
LF:118
LH:1
end_of_record
SF:lib\features\auth\widgets\auth_onboarding_card.dart
DA:9,0
DA:11,0
DA:13,0
DA:14,0
DA:15,0
DA:16,0
DA:19,0
DA:21,0
DA:23,0
DA:25,0
DA:26,0
DA:30,0
DA:31,0
DA:34,0
DA:35,0
DA:38,0
DA:39,0
DA:40,0
DA:44,0
DA:45,0
DA:47,0
DA:48,0
DA:53,0
DA:56,0
DA:57,0
DA:58,0
DA:68,0
DA:71,0
DA:72,0
DA:73,0
DA:76,0
DA:87,0
DA:90,0
DA:91,0
DA:92,0
DA:93,0
DA:105,0
DA:107,0
DA:110,0
DA:111,0
DA:112,0
DA:114,0
DA:115,0
DA:118,0
DA:119,0
DA:120,0
DA:125,0
DA:128,0
DA:129,0
DA:130,0
DA:134,0
DA:136,0
DA:137,0
DA:141,0
DA:143,0
DA:146,0
DA:151,0
DA:152,0
DA:154,0
DA:155,0
DA:158,0
DA:159,0
DA:173,0
DA:179,0
DA:181,0
DA:182,0
DA:183,0
DA:186,0
LF:68
LH:0
end_of_record
SF:lib\features\auth\screens\register_screen.dart
DA:22,2
DA:24,0
DA:25,0
DA:47,0
DA:49,0
DA:50,0
DA:51,0
DA:53,0
DA:55,0
DA:56,0
DA:57,0
DA:60,0
DA:63,0
DA:71,0
DA:73,0
DA:74,0
DA:75,0
DA:76,0
DA:77,0
DA:78,0
DA:79,0
DA:80,0
DA:81,0
DA:82,0
DA:83,0
DA:84,0
DA:87,0
DA:88,0
DA:91,0
DA:92,0
DA:93,0
DA:95,0
DA:96,0
DA:97,0
DA:98,0
DA:99,0
DA:101,0
DA:105,0
DA:106,0
DA:107,0
DA:108,0
DA:109,0
DA:110,0
DA:111,0
DA:112,0
DA:114,0
DA:117,0
DA:118,0
DA:119,0
DA:122,0
DA:123,0
DA:124,0
DA:130,0
DA:131,0
DA:134,0
DA:136,0
DA:137,0
DA:138,0
DA:139,0
DA:140,0
DA:141,0
DA:143,0
DA:145,0
DA:147,0
DA:149,0
DA:151,0
DA:155,0
DA:157,0
DA:158,0
DA:159,0
DA:160,0
DA:161,0
DA:162,0
DA:163,0
DA:164,0
DA:165,0
DA:166,0
DA:168,0
DA:170,0
DA:171,0
DA:175,0
DA:176,0
DA:177,0
DA:178,0
DA:179,0
DA:181,0
DA:183,0
DA:184,0
DA:188,0
DA:189,0
DA:190,0
DA:191,0
DA:192,0
DA:194,0
DA:196,0
DA:197,0
DA:201,0
DA:202,0
DA:203,0
DA:204,0
DA:205,0
DA:207,0
DA:208,0
DA:210,0
DA:211,0
DA:215,0
DA:216,0
DA:217,0
DA:218,0
DA:219,0
DA:220,0
DA:221,0
DA:222,0
DA:224,0
DA:225,0
DA:230,0
DA:231,0
DA:241,0
DA:245,0
DA:254,0
DA:255,0
DA:256,0
DA:258,0
DA:259,0
DA:260,0
DA:261,0
DA:268,0
DA:269,0
DA:270,0
DA:278,0
DA:279,0
DA:280,0
DA:282,0
DA:284,0
DA:286,0
DA:287,0
DA:288,0
DA:292,0
DA:293,0
DA:294,0
DA:295,0
DA:302,0
DA:303,0
DA:304,0
DA:312,0
DA:313,0
DA:314,0
DA:316,0
DA:326,0
DA:327,0
DA:328,0
DA:329,0
DA:330,0
DA:331,0
DA:334,0
DA:335,0
DA:336,0
DA:343,0
DA:346,0
DA:348,0
DA:349,0
DA:350,0
DA:351,0
DA:354,0
DA:355,0
DA:356,0
LF:166
LH:1
end_of_record
SF:lib\shared\providers\voice_feedback_provider.dart
DA:3,0
LF:1
LH:0
end_of_record
SF:lib\features\auth\screens\splash_screen.dart
DA:15,2
DA:17,0
DA:18,0
DA:27,0
DA:29,0
DA:30,0
DA:31,0
DA:34,0
DA:35,0
DA:40,0
DA:45,0
DA:46,0
DA:50,0
DA:51,0
DA:52,0
DA:53,0
DA:54,0
DA:56,0
DA:58,0
DA:59,0
DA:60,0
DA:63,0
DA:65,0
DA:66,0
DA:69,0
DA:71,0
DA:72,0
DA:73,0
DA:78,0
DA:80,0
DA:84,0
DA:86,0
DA:87,0
DA:88,0
DA:91,0
DA:93,0
DA:94,0
DA:96,0
DA:100,0
DA:102,0
DA:105,0
DA:106,0
DA:107,0
DA:109,0
DA:110,0
DA:112,0
DA:115,0
DA:123,0
DA:124,0
DA:125,0
DA:126,0
DA:127,0
DA:128,0
DA:129,0
DA:130,0
DA:132,0
DA:134,0
DA:136,0
DA:145,0
DA:146,0
DA:147,0
DA:148,0
DA:149,0
DA:150,0
DA:151,0
DA:152,0
DA:153,0
DA:156,0
DA:158,0
DA:159,0
DA:164,0
DA:166,0
LF:72
LH:1
end_of_record
SF:lib\features\auth\screens\welcome_screen.dart
DA:14,2
DA:16,0
DA:18,0
DA:19,0
DA:20,0
DA:21,0
DA:24,0
DA:25,0
DA:26,0
DA:38,0
DA:42,0
DA:47,0
DA:49,0
DA:51,0
DA:53,0
DA:54,0
DA:55,0
DA:60,0
DA:62,0
DA:63,0
DA:64,0
DA:65,0
DA:68,0
DA:69,0
DA:76,0
DA:77,0
DA:78,0
DA:79,0
DA:80,0
LF:29
LH:1
end_of_record
SF:lib\shared\widgets\access\accessibility_controls.dart
DA:12,4
DA:14,0
DA:16,0
DA:17,0
DA:18,0
DA:19,0
DA:20,0
DA:22,0
DA:24,0
DA:26,0
DA:28,0
DA:30,0
DA:31,0
DA:32,0
DA:34,0
DA:39,0
DA:42,0
DA:43,0
DA:52,0
DA:53,0
DA:54,0
DA:64,0
DA:65,0
DA:68,0
DA:72,0
DA:73,0
DA:76,0
DA:80,0
DA:81,0
DA:84,0
DA:88,0
DA:89,0
DA:92,0
DA:107,0
DA:114,0
DA:116,0
DA:118,0
DA:120,0
DA:122,0
DA:123,0
DA:124,0
DA:125,0
DA:126,0
DA:128,0
DA:129,0
DA:133,0
DA:134,0
DA:136,0
DA:137,0
DA:140,0
DA:146,0
DA:148,0
DA:149,0
DA:150,0
DA:151,0
DA:152,0
DA:155,0
DA:158,0
DA:159,0
DA:160,0
DA:164,0
DA:165,0
DA:172,0
DA:182,0
DA:184,0
DA:186,0
DA:187,0
DA:188,0
DA:189,0
DA:192,0
DA:193,0
DA:194,0
DA:195,0
DA:197,0
DA:199,0
DA:200,0
DA:201,0
DA:202,0
DA:208,0
DA:211,0
DA:212,0
DA:215,0
DA:216,0
DA:219,0
DA:220,0
DA:221,0
DA:226,0
DA:228,0
DA:229,0
DA:230,0
DA:234,0
DA:235,0
DA:236,0
DA:237,0
DA:240,0
DA:241,0
DA:257,0
DA:265,0
DA:267,0
DA:269,0
DA:270,0
DA:271,0
DA:272,0
DA:273,0
DA:274,0
DA:275,0
DA:276,0
DA:278,0
DA:279,0
DA:280,0
DA:285,0
DA:286,0
DA:287,0
DA:288,0
DA:290,0
DA:291,0
DA:292,0
DA:304,0
DA:306,0
DA:308,0
DA:309,0
DA:310,0
DA:311,0
DA:312,0
DA:313,0
DA:314,0
DA:315,0
DA:317,0
DA:318,0
DA:319,0
DA:324,0
DA:325,0
DA:326,0
DA:327,0
DA:329,0
DA:330,0
DA:331,0
DA:336,0
DA:337,0
DA:338,0
DA:339,0
DA:341,0
DA:342,0
DA:343,0
DA:355,0
DA:357,0
DA:359,0
DA:360,0
DA:361,0
DA:363,0
DA:365,0
DA:368,0
DA:370,0
DA:371,0
DA:374,0
DA:379,0
DA:380,0
DA:381,0
DA:384,0
DA:388,0
DA:389,0
DA:392,0
DA:393,0
DA:396,0
DA:397,0
DA:398,0
DA:399,0
DA:404,0
DA:423,0
DA:429,0
DA:431,0
DA:433,0
DA:434,0
DA:435,0
DA:441,0
DA:443,0
DA:444,0
DA:445,0
DA:448,0
DA:450,0
DA:451,0
DA:453,0
DA:456,0
DA:461,0
DA:462,0
DA:463,0
DA:466,0
DA:473,0
DA:474,0
DA:475,0
DA:477,0
DA:480,0
DA:482,0
LF:193
LH:1
end_of_record
SF:lib\features\auth\widgets\auth_message_container.dart
DA:13,0
DA:20,0
DA:22,0
DA:25,0
DA:26,0
DA:28,0
DA:29,0
DA:32,0
DA:34,0
DA:35,0
DA:36,0
DA:39,0
DA:40,0
DA:41,0
DA:42,0
DA:43,0
DA:47,0
DA:48,0
DA:49,0
DA:50,0
DA:51,0
LF:21
LH:0
end_of_record
SF:lib\features\auth\widgets\auth_social_button.dart
DA:14,0
DA:25,0
DA:27,0
DA:29,0
DA:30,0
DA:31,0
DA:32,0
DA:33,0
DA:36,0
DA:37,0
DA:38,0
DA:44,0
DA:46,0
DA:47,0
DA:48,0
DA:49,0
DA:53,0
DA:55,0
DA:56,0
DA:57,0
DA:62,0
DA:63,0
DA:64,0
DA:65,0
LF:24
LH:0
end_of_record
SF:lib\features\chat\screens\chat.dart
DA:10,2
DA:12,0
DA:13,0
DA:21,0
DA:23,0
DA:25,0
DA:26,0
DA:30,0
DA:32,0
DA:33,0
DA:34,0
DA:35,0
DA:38,0
DA:39,0
DA:40,0
DA:41,0
DA:48,0
DA:49,0
DA:50,0
DA:53,0
DA:56,0
DA:59,0
DA:60,0
DA:61,0
DA:64,0
DA:67,0
DA:68,0
DA:71,0
DA:72,0
DA:73,0
DA:76,0
DA:79,0
DA:80,0
DA:81,0
DA:82,0
DA:85,0
DA:86,0
DA:90,0
DA:91,0
DA:92,0
DA:94,0
DA:97,0
DA:98,0
DA:99,0
DA:102,0
DA:103,0
DA:104,0
DA:105,0
DA:106,0
DA:115,0
DA:117,0
DA:118,0
DA:119,0
DA:121,0
DA:122,0
DA:126,0
DA:127,0
DA:129,0
DA:134,0
DA:135,0
DA:136,0
DA:138,0
DA:139,0
DA:140,0
DA:145,0
DA:147,0
DA:149,0
DA:151,0
DA:152,0
DA:153,0
DA:164,0
DA:166,0
DA:168,0
DA:175,0
DA:177,0
DA:178,0
DA:184,0
DA:192,0
DA:193,0
DA:194,0
DA:196,0
DA:197,0
DA:198,0
DA:199,0
DA:206,0
DA:210,0
DA:211,0
DA:212,0
DA:213,0
DA:215,0
DA:216,0
DA:217,0
DA:219,0
DA:220,0
DA:221,0
DA:222,0
DA:225,0
DA:228,0
DA:229,0
DA:238,0
DA:240,0
DA:241,0
DA:242,0
DA:243,0
DA:246,0
DA:247,0
DA:248,0
DA:249,0
DA:250,0
DA:251,0
DA:252,0
DA:254,0
DA:255,0
DA:259,0
DA:267,0
DA:271,0
DA:272,0
DA:274,0
DA:276,0
DA:277,0
DA:302,0
DA:303,0
DA:304,0
DA:306,0
DA:308,0
DA:312,0
DA:313,0
DA:314,0
DA:316,0
DA:317,0
DA:318,0
DA:329,0
DA:330,0
DA:332,0
DA:336,0
DA:337,0
DA:350,0
DA:351,0
DA:352,0
DA:358,0
DA:360,0
DA:361,0
DA:362,0
DA:364,0
DA:365,0
DA:368,0
DA:370,0
DA:376,0
DA:378,0
DA:379,0
DA:387,0
DA:388,0
DA:389,0
DA:393,0
DA:398,0
DA:399,0
DA:401,0
DA:402,0
DA:410,0
DA:412,0
DA:414,0
DA:415,0
DA:418,0
DA:426,0
DA:427,0
DA:434,0
DA:436,0
DA:438,0
DA:439,0
DA:441,0
DA:447,0
DA:452,0
DA:453,0
DA:454,0
DA:455,0
DA:456,0
DA:458,0
DA:463,0
DA:464,0
DA:465,0
DA:467,0
DA:468,0
DA:469,0
DA:470,0
DA:475,0
DA:477,0
DA:478,0
DA:479,0
DA:487,0
LF:189
LH:1
end_of_record
SF:lib\shared\providers\ai_chat_provider.dart
DA:5,0
DA:6,0
DA:10,0
DA:11,0
DA:12,0
DA:16,0
DA:19,0
DA:22,0
DA:24,0
DA:25,0
DA:28,0
DA:29,0
DA:30,0
DA:31,0
DA:35,0
DA:38,0
DA:39,0
DA:40,0
DA:43,0
DA:45,0
DA:48,0
DA:49,0
DA:50,0
DA:53,0
DA:55,0
DA:58,0
DA:59,0
DA:60,0
DA:63,0
DA:66,0
DA:69,0
DA:70,0
DA:72,0
DA:76,0
DA:82,0
DA:83,0
DA:86,0
DA:87,0
DA:90,0
DA:91,0
LF:40
LH:0
end_of_record
SF:lib\shared\services\ai_chat_service.dart
DA:13,0
DA:21,0
DA:28,0
DA:29,0
DA:30,0
DA:31,0
DA:32,0
DA:33,0
DA:39,0
DA:40,0
DA:41,0
DA:48,0
DA:49,0
DA:53,0
DA:54,0
DA:55,0
DA:60,0
DA:62,0
DA:71,0
DA:72,0
DA:75,0
DA:79,0
DA:86,0
DA:87,0
DA:88,0
DA:92,0
DA:95,0
DA:97,0
DA:100,0
DA:101,0
DA:102,0
DA:106,0
DA:111,0
DA:112,0
DA:114,0
DA:116,0
DA:117,0
DA:119,0
DA:120,0
DA:122,0
DA:124,0
DA:125,0
DA:127,0
DA:135,0
DA:136,0
DA:137,0
DA:141,0
DA:144,0
DA:145,0
DA:148,0
DA:149,0
DA:154,0
DA:161,0
DA:162,0
DA:164,0
DA:169,0
DA:170,0
DA:174,0
DA:177,0
DA:178,0
DA:179,0
LF:61
LH:0
end_of_record
SF:lib\features\dashboard\screens\advanced_analytics_screen.dart
DA:12,2
DA:16,2
DA:18,0
DA:20,0
DA:29,0
DA:30,0
DA:31,0
DA:32,0
DA:42,0
DA:44,0
DA:45,0
DA:46,0
DA:47,0
DA:48,0
DA:49,0
DA:54,0
DA:56,0
DA:57,0
DA:60,0
DA:62,0
DA:63,0
DA:64,0
DA:66,0
DA:67,0
DA:69,0
DA:70,0
DA:71,0
DA:73,0
DA:74,0
DA:76,0
DA:78,0
DA:79,0
DA:80,0
DA:81,0
DA:86,0
DA:87,0
DA:88,0
DA:89,0
DA:90,0
DA:91,0
DA:99,0
DA:100,0
DA:101,0
DA:103,0
DA:104,0
DA:106,0
DA:108,0
DA:110,0
DA:111,0
DA:112,0
DA:113,0
DA:114,0
DA:120,0
DA:130,0
DA:132,0
DA:139,0
DA:140,0
DA:141,0
DA:142,0
DA:145,0
DA:146,0
DA:147,0
DA:153,0
DA:159,0
DA:164,0
DA:166,0
DA:167,0
DA:177,0
DA:183,0
DA:185,0
DA:186,0
DA:187,0
DA:188,0
DA:189,0
DA:193,0
DA:195,0
DA:196,0
DA:197,0
DA:199,0
DA:201,0
DA:209,0
DA:210,0
DA:211,0
DA:213,0
DA:214,0
DA:216,0
DA:218,0
DA:220,0
DA:221,0
DA:222,0
DA:223,0
DA:224,0
DA:230,0
DA:240,0
DA:242,0
DA:249,0
DA:254,0
DA:259,0
DA:261,0
DA:263,0
DA:264,0
DA:274,0
DA:275,0
DA:277,0
DA:278,0
DA:279,0
DA:280,0
DA:285,0
DA:287,0
DA:288,0
DA:289,0
DA:291,0
DA:293,0
DA:301,0
DA:302,0
DA:303,0
DA:305,0
DA:306,0
DA:308,0
DA:310,0
DA:312,0
DA:313,0
DA:314,0
DA:315,0
DA:316,0
DA:322,0
DA:332,0
DA:334,0
DA:341,0
DA:343,0
DA:346,0
DA:348,0
DA:349,0
DA:350,0
LF:134
LH:2
end_of_record
SF:lib\shared\widgets\access\role_based_access.dart
DA:14,2
DA:21,0
DA:23,0
DA:24,0
DA:26,0
DA:27,0
DA:30,0
DA:33,0
DA:34,0
DA:36,0
DA:38,0
DA:39,0
DA:42,0
DA:45,0
DA:47,0
DA:49,0
DA:53,0
DA:55,0
DA:56,0
DA:58,0
DA:63,0
DA:64,0
DA:65,0
DA:67,0
DA:68,0
DA:69,0
DA:82,0
DA:83,0
DA:84,0
DA:88,0
DA:89,0
DA:90,0
DA:94,0
DA:95,0
DA:96,0
LF:35
LH:1
end_of_record
SF:lib\shared\widgets\navigation\premium_tabbar.dart
DA:9,0
DA:17,0
DA:19,0
DA:20,0
DA:22,0
DA:24,0
DA:25,0
DA:27,0
DA:28,0
DA:30,0
DA:31,0
DA:35,0
DA:36,0
DA:38,0
DA:39,0
DA:40,0
DA:47,0
DA:48,0
DA:49,0
DA:50,0
DA:51,0
DA:52,0
DA:53,0
DA:59,0
DA:65,0
DA:66,0
DA:67,0
DA:70,0
DA:78,0
DA:81,0
DA:82,0
DA:83,0
DA:88,0
DA:90,0
DA:92,0
DA:93,0
DA:94,0
DA:115,0
LF:38
LH:0
end_of_record
SF:lib\features\dashboard\screens\advanced_coach_ai_screen.dart
DA:14,2
DA:16,0
DA:18,0
DA:38,0
DA:39,0
DA:40,0
DA:41,0
DA:51,0
DA:53,0
DA:54,0
DA:55,0
DA:56,0
DA:57,0
DA:58,0
DA:63,0
DA:65,0
DA:66,0
DA:69,0
DA:71,0
DA:72,0
DA:74,0
DA:76,0
DA:77,0
DA:79,0
DA:80,0
DA:81,0
DA:83,0
DA:84,0
DA:86,0
DA:88,0
DA:89,0
DA:90,0
DA:91,0
DA:96,0
DA:97,0
DA:98,0
DA:99,0
DA:100,0
DA:101,0
DA:108,0
DA:109,0
DA:111,0
DA:113,0
DA:114,0
DA:116,0
DA:125,0
DA:132,0
DA:134,0
DA:141,0
DA:143,0
DA:151,0
DA:154,0
DA:156,0
DA:162,0
DA:163,0
DA:164,0
DA:166,0
DA:168,0
DA:169,0
DA:174,0
DA:175,0
DA:176,0
DA:178,0
DA:180,0
DA:182,0
DA:183,0
DA:184,0
DA:187,0
DA:193,0
DA:194,0
DA:195,0
DA:198,0
DA:211,0
DA:212,0
DA:214,0
DA:215,0
DA:217,0
DA:223,0
DA:225,0
DA:238,0
DA:239,0
DA:240,0
DA:242,0
DA:244,0
DA:246,0
DA:247,0
DA:248,0
DA:251,0
DA:253,0
DA:260,0
DA:262,0
DA:263,0
DA:264,0
DA:265,0
DA:266,0
DA:269,0
DA:271,0
DA:272,0
DA:273,0
DA:274,0
DA:280,0
DA:282,0
DA:288,0
DA:290,0
DA:291,0
DA:303,0
DA:304,0
DA:305,0
DA:345,0
DA:346,0
DA:347,0
DA:349,0
DA:351,0
DA:352,0
DA:355,0
DA:356,0
DA:357,0
DA:360,0
DA:362,0
DA:363,0
DA:366,0
DA:368,0
DA:375,0
DA:377,0
DA:378,0
DA:387,0
DA:388,0
DA:390,0
DA:392,0
DA:393,0
DA:395,0
DA:397,0
DA:403,0
DA:404,0
DA:405,0
DA:407,0
DA:409,0
DA:411,0
DA:412,0
DA:413,0
DA:420,0
DA:422,0
DA:429,0
DA:430,0
DA:431,0
DA:433,0
DA:434,0
DA:442,0
DA:443,0
DA:444,0
DA:445,0
DA:447,0
DA:452,0
DA:454,0
DA:455,0
DA:456,0
DA:457,0
DA:458,0
DA:472,0
DA:473,0
DA:474,0
DA:476,0
DA:478,0
DA:480,0
DA:481,0
DA:483,0
DA:485,0
DA:517,0
DA:518,0
DA:519,0
DA:521,0
DA:523,0
DA:525,0
DA:526,0
DA:528,0
DA:530,0
DA:552,0
DA:553,0
DA:555,0
DA:557,0
DA:558,0
DA:560,0
DA:562,0
DA:568,0
DA:569,0
DA:570,0
DA:572,0
DA:574,0
DA:576,0
DA:577,0
DA:579,0
DA:581,0
DA:637,0
DA:638,0
DA:639,0
DA:641,0
DA:643,0
DA:645,0
DA:646,0
DA:648,0
DA:650,0
DA:653,0
DA:655,0
DA:657,0
DA:666,0
DA:667,0
DA:668,0
DA:670,0
DA:672,0
DA:674,0
DA:675,0
DA:677,0
DA:679,0
DA:718,2
DA:725,0
DA:727,0
DA:729,0
DA:730,0
DA:732,0
DA:733,0
DA:735,0
DA:736,0
DA:737,0
DA:738,0
DA:740,0
DA:743,0
DA:744,0
DA:745,0
DA:746,0
DA:764,2
DA:772,0
DA:774,0
DA:776,0
DA:777,0
DA:778,0
DA:779,0
DA:781,0
DA:783,0
DA:784,0
DA:785,0
DA:786,0
DA:788,0
DA:789,0
DA:790,0
DA:791,0
DA:793,0
DA:796,0
DA:797,0
DA:798,0
DA:800,0
DA:806,0
DA:807,0
DA:808,0
DA:810,0
DA:813,0
DA:814,0
DA:815,0
DA:816,0
DA:819,0
DA:820,0
DA:821,0
DA:822,0
DA:838,2
DA:845,0
DA:847,0
DA:849,0
DA:850,0
DA:851,0
DA:852,0
DA:854,0
DA:855,0
DA:858,0
DA:859,0
DA:861,0
DA:862,0
DA:863,0
DA:864,0
DA:870,0
DA:871,0
DA:872,0
DA:873,0
DA:879,0
DA:880,0
DA:881,0
DA:882,0
DA:899,2
DA:907,0
DA:909,0
DA:911,0
DA:912,0
DA:913,0
DA:914,0
DA:916,0
DA:917,0
DA:918,0
DA:920,0
DA:921,0
DA:922,0
DA:924,0
DA:927,0
DA:928,0
DA:929,0
DA:931,0
DA:934,0
DA:935,0
DA:936,0
DA:937,0
DA:950,0
DA:952,0
DA:955,0
DA:956,0
DA:957,0
DA:958,0
DA:960,0
DA:961,0
DA:962,0
DA:963,0
DA:964,0
DA:966,0
DA:967,0
DA:968,0
DA:969,0
DA:971,0
DA:972,0
DA:974,0
DA:978,0
DA:981,0
DA:992,2
DA:1000,0
DA:1002,0
DA:1004,0
DA:1005,0
DA:1006,0
DA:1007,0
DA:1009,0
DA:1010,0
DA:1011,0
DA:1013,0
DA:1014,0
DA:1016,0
DA:1017,0
DA:1018,0
DA:1019,0
DA:1021,0
DA:1024,0
DA:1025,0
DA:1026,0
DA:1027,0
DA:1033,0
DA:1034,0
DA:1035,0
DA:1036,0
DA:1049,2
LF:353
LH:7
end_of_record
SF:lib\shared\widgets\cards\premium_recommendation_card.dart
DA:12,0
DA:23,0
DA:25,0
DA:26,0
DA:27,0
DA:30,0
DA:32,0
DA:34,0
DA:35,0
DA:36,0
DA:37,0
DA:39,0
DA:40,0
DA:41,0
DA:43,0
DA:46,0
DA:47,0
DA:48,0
DA:49,0
DA:54,0
DA:59,0
DA:60,0
DA:61,0
DA:63,0
DA:64,0
DA:75,0
DA:76,0
DA:77,0
DA:78,0
DA:81,0
DA:83,0
DA:85,0
DA:86,0
DA:87,0
DA:88,0
DA:90,0
DA:91,0
DA:95,0
LF:38
LH:0
end_of_record
SF:lib\shared\widgets\sections\section_header.dart
DA:11,10
DA:21,0
DA:23,0
DA:24,0
DA:25,0
DA:26,0
DA:28,0
DA:31,0
DA:32,0
DA:33,0
DA:36,0
DA:37,0
DA:41,0
DA:42,0
DA:43,0
DA:44,0
DA:51,0
DA:52,0
DA:53,0
DA:54,0
DA:55,0
DA:56,0
DA:57,0
DA:58,0
DA:60,0
DA:61,0
DA:67,0
DA:70,0
DA:72,0
DA:73,0
DA:74,0
DA:75,0
DA:76,0
DA:79,0
DA:88,0
DA:92,0
DA:93,0
DA:94,0
DA:95,0
DA:96,0
DA:97,0
DA:98,0
LF:42
LH:1
end_of_record
SF:lib\features\dashboard\screens\dashboard_screen.dart
DA:18,2
DA:20,0
DA:30,2
DA:32,0
DA:34,0
DA:35,0
DA:37,0
DA:39,0
DA:40,0
DA:41,0
DA:43,0
DA:45,0
DA:51,0
DA:62,0
DA:64,0
DA:65,0
DA:66,0
DA:68,0
DA:70,0
DA:83,0
DA:85,0
DA:92,0
DA:93,0
DA:95,0
DA:98,0
DA:99,0
DA:101,0
DA:103,0
DA:106,0
DA:108,0
DA:111,0
DA:114,0
DA:116,0
DA:119,0
DA:122,0
DA:129,0
DA:131,0
DA:133,0
DA:135,0
DA:136,0
DA:138,0
DA:139,0
DA:140,0
DA:141,0
DA:143,0
DA:144,0
DA:145,0
DA:148,0
DA:154,0
DA:163,0
DA:164,0
DA:167,0
DA:168,0
DA:170,0
DA:171,0
DA:174,0
DA:176,0
DA:178,0
DA:179,0
DA:198,0
DA:200,0
DA:202,0
DA:204,0
DA:205,0
DA:207,0
DA:208,0
DA:209,0
DA:210,0
DA:212,0
DA:213,0
DA:214,0
DA:217,0
DA:223,0
DA:232,0
DA:233,0
DA:236,0
DA:237,0
DA:239,0
DA:240,0
DA:243,0
DA:245,0
DA:247,0
DA:248,0
DA:275,0
DA:277,0
DA:278,0
DA:279,0
DA:282,0
DA:283,0
DA:284,0
DA:285,0
DA:287,0
DA:288,0
DA:289,0
DA:292,0
DA:298,0
DA:307,0
DA:308,0
DA:310,0
DA:311,0
DA:313,0
DA:318,0
DA:320,0
DA:321,0
DA:327,0
DA:337,0
DA:339,0
DA:340,0
DA:341,0
DA:344,0
DA:345,0
DA:346,0
DA:347,0
DA:349,0
DA:350,0
DA:351,0
DA:354,0
DA:360,0
DA:369,0
DA:370,0
DA:372,0
DA:373,0
DA:375,0
DA:380,0
DA:382,0
DA:383,0
DA:389,0
DA:399,0
DA:401,0
DA:405,0
DA:406,0
DA:419,0
DA:421,0
DA:422,0
DA:425,0
DA:430,0
DA:434,0
DA:439,0
DA:443,0
DA:448,0
DA:462,0
DA:464,0
DA:465,0
DA:471,0
DA:473,0
DA:474,0
DA:475,0
DA:478,0
DA:483,0
DA:484,0
DA:485,0
DA:488,0
DA:489,0
DA:490,0
DA:491,0
DA:498,0
DA:516,0
DA:521,0
DA:524,0
DA:525,0
DA:530,0
DA:531,0
DA:532,0
DA:534,0
DA:536,0
DA:537,0
DA:540,0
DA:541,0
DA:544,0
DA:545,0
DA:548,0
DA:549,0
DA:555,0
DA:556,0
DA:557,0
DA:560,0
DA:566,0
DA:567,0
DA:568,0
DA:569,0
DA:582,0
DA:583,0
DA:585,0
DA:586,0
DA:588,0
DA:594,0
DA:596,0
DA:597,0
DA:604,0
DA:606,0
DA:612,0
DA:613,0
DA:614,0
DA:615,0
DA:651,0
DA:659,0
DA:661,0
DA:662,0
DA:663,0
DA:664,0
DA:667,0
DA:668,0
DA:671,0
DA:672,0
DA:673,0
DA:676,0
DA:677,0
DA:678,0
DA:681,0
DA:682,0
DA:683,0
DA:690,0
DA:691,0
DA:692,0
DA:693,0
DA:698,0
DA:701,0
DA:702,0
DA:704,0
DA:707,0
DA:708,0
DA:711,0
DA:712,0
DA:713,0
DA:716,0
DA:717,0
DA:718,0
DA:719,0
DA:725,0
DA:727,0
DA:728,0
DA:740,0
DA:742,0
DA:744,0
DA:745,0
DA:746,0
DA:748,0
DA:754,0
DA:756,0
DA:758,0
DA:759,0
DA:760,0
DA:762,0
LF:243
LH:2
end_of_record
SF:lib\shared\providers\health_metrics_provider.dart
DA:5,0
DA:6,0
DA:7,0
DA:21,0
DA:22,0
DA:23,0
LF:6
LH:0
end_of_record
SF:lib\shared\widgets\buttons\emergency_button.dart
DA:8,0
DA:15,0
DA:17,0
DA:18,0
DA:20,0
DA:22,0
DA:28,0
DA:29,0
DA:30,0
DA:31,0
DA:35,0
DA:38,0
DA:39,0
DA:45,0
DA:47,0
DA:48,0
DA:49,0
DA:50,0
DA:52,0
DA:54,0
DA:56,0
DA:59,0
DA:60,0
DA:61,0
DA:63,0
DA:64,0
DA:72,0
DA:73,0
DA:74,0
DA:75,0
DA:76,0
DA:77,0
DA:85,0
DA:87,0
DA:88,0
DA:98,0
DA:101,0
DA:102,0
DA:103,0
LF:39
LH:0
end_of_record
SF:lib\shared\widgets\cards\alert_card.dart
DA:10,0
DA:19,0
DA:21,0
DA:22,0
DA:27,0
DA:28,0
DA:32,0
DA:33,0
DA:37,0
DA:38,0
DA:40,0
DA:42,0
DA:43,0
DA:44,0
DA:45,0
DA:47,0
DA:48,0
DA:49,0
DA:50,0
DA:53,0
DA:54,0
DA:60,0
DA:62,0
DA:63,0
DA:65,0
DA:68,0
DA:69,0
DA:72,0
DA:73,0
DA:74,0
DA:77,0
DA:78,0
DA:79,0
DA:80,0
DA:86,0
DA:87,0
DA:95,0
DA:96,0
DA:98,0
DA:99,0
DA:100,0
DA:101,0
DA:107,0
DA:109,0
DA:110,0
DA:111,0
DA:112,0
DA:122,0
DA:125,0
DA:126,0
DA:138,0
DA:140,0
DA:142,0
DA:144,0
DA:146,0
LF:55
LH:0
end_of_record
SF:lib\shared\widgets\cards\coach_card.dart
DA:9,0
DA:17,0
DA:19,0
DA:20,0
DA:22,0
DA:24,0
DA:25,0
DA:26,0
DA:31,0
DA:32,0
DA:33,0
DA:35,0
DA:37,0
DA:38,0
DA:41,0
DA:42,0
DA:45,0
DA:46,0
DA:49,0
DA:50,0
DA:56,0
DA:58,0
DA:60,0
DA:62,0
DA:63,0
DA:65,0
DA:68,0
DA:74,0
DA:75,0
DA:76,0
DA:79,0
DA:92,0
DA:93,0
DA:95,0
DA:96,0
DA:98,0
DA:105,0
DA:107,0
DA:108,0
DA:116,0
DA:119,0
DA:122,0
DA:123,0
DA:126,0
DA:139,0
DA:141,0
DA:146,0
DA:147,0
DA:148,0
DA:149,0
DA:154,0
DA:159,0
DA:161,0
DA:162,0
DA:165,0
DA:168,0
DA:169,0
DA:170,0
DA:171,0
DA:172,0
DA:173,0
DA:176,0
DA:189,0
DA:190,0
DA:191,0
DA:192,0
DA:195,0
DA:201,0
DA:202,0
DA:205,0
DA:227,0
DA:235,0
DA:237,0
DA:239,0
DA:241,0
DA:249,0
DA:251,0
DA:252,0
DA:254,0
DA:256,0
DA:258,0
DA:260,0
DA:263,0
DA:268,0
DA:269,0
DA:270,0
DA:273,0
DA:280,0
DA:282,0
DA:283,0
DA:284,0
DA:285,0
DA:287,0
DA:288,0
DA:289,0
DA:292,0
DA:294,0
DA:295,0
DA:299,0
DA:300,0
DA:301,0
DA:305,0
DA:307,0
DA:308,0
LF:104
LH:0
end_of_record
SF:lib\shared\widgets\cards\unified_vital_cards.dart
DA:14,0
DA:22,0
DA:24,0
DA:25,0
DA:27,0
DA:28,0
DA:30,0
DA:34,0
DA:38,0
DA:42,0
DA:47,0
DA:48,0
DA:50,0
DA:51,0
DA:55,0
DA:60,0
DA:66,0
DA:67,0
DA:68,0
DA:73,0
DA:74,0
DA:75,0
DA:77,0
DA:79,0
DA:80,0
DA:83,0
DA:84,0
DA:87,0
DA:88,0
DA:91,0
DA:92,0
DA:99,0
DA:101,0
DA:102,0
DA:104,0
DA:106,0
DA:108,0
DA:109,0
DA:110,0
DA:111,0
DA:114,0
DA:123,0
DA:124,0
DA:125,0
DA:128,0
DA:141,0
DA:142,0
DA:144,0
DA:145,0
DA:146,0
DA:147,0
DA:149,0
DA:158,0
DA:163,0
DA:170,0
DA:184,0
DA:186,0
DA:189,0
DA:190,0
DA:198,0
DA:202,0
DA:209,0
DA:210,0
DA:211,0
DA:212,0
DA:222,0
DA:223,0
DA:235,0
DA:237,0
DA:242,0
DA:244,0
DA:245,0
DA:250,0
DA:254,0
DA:255,0
DA:262,0
DA:263,0
DA:265,0
DA:268,0
DA:269,0
DA:286,0
DA:291,0
DA:292,0
DA:293,0
DA:298,0
DA:299,0
DA:300,0
DA:302,0
DA:304,0
DA:305,0
DA:308,0
DA:309,0
DA:312,0
DA:313,0
DA:316,0
DA:317,0
DA:324,0
DA:326,0
DA:327,0
DA:328,0
DA:329,0
DA:331,0
DA:332,0
DA:333,0
DA:336,0
DA:345,0
DA:346,0
DA:347,0
DA:350,0
DA:363,0
DA:364,0
DA:366,0
DA:367,0
DA:369,0
DA:376,0
DA:378,0
DA:384,0
DA:386,0
DA:389,0
DA:396,0
DA:400,0
DA:412,0
DA:413,0
DA:414,0
DA:415,0
DA:420,0
DA:421,0
DA:422,0
DA:424,0
DA:426,0
DA:427,0
DA:430,0
DA:431,0
DA:434,0
DA:435,0
DA:438,0
DA:439,0
DA:446,0
DA:448,0
DA:449,0
DA:450,0
DA:451,0
DA:453,0
DA:454,0
DA:455,0
DA:458,0
DA:467,0
DA:468,0
DA:469,0
DA:472,0
DA:485,0
DA:486,0
DA:488,0
DA:489,0
DA:491,0
DA:498,0
DA:500,0
DA:506,0
DA:508,0
DA:511,0
DA:518,0
DA:522,0
DA:534,0
DA:539,0
DA:540,0
DA:541,0
DA:546,0
DA:547,0
DA:548,0
DA:550,0
DA:552,0
DA:553,0
DA:556,0
DA:557,0
DA:560,0
DA:561,0
DA:564,0
DA:565,0
DA:572,0
DA:574,0
DA:575,0
DA:576,0
DA:577,0
DA:579,0
DA:580,0
DA:581,0
DA:584,0
DA:593,0
DA:594,0
DA:595,0
DA:598,0
DA:611,0
DA:612,0
DA:614,0
DA:615,0
DA:617,0
DA:624,0
DA:626,0
DA:632,0
DA:634,0
DA:637,0
DA:644,0
DA:648,0
DA:660,0
DA:665,0
DA:666,0
DA:667,0
DA:672,0
DA:673,0
DA:674,0
DA:676,0
DA:678,0
DA:679,0
DA:682,0
DA:683,0
DA:686,0
DA:687,0
DA:690,0
DA:691,0
DA:698,0
DA:700,0
DA:701,0
DA:702,0
DA:703,0
DA:705,0
DA:706,0
DA:707,0
DA:710,0
DA:719,0
DA:720,0
DA:721,0
DA:724,0
DA:737,0
DA:738,0
DA:740,0
DA:741,0
DA:743,0
DA:750,0
DA:752,0
DA:755,0
DA:762,0
DA:766,0
DA:778,0
DA:786,0
DA:788,0
DA:791,0
DA:793,0
DA:794,0
DA:797,0
DA:801,0
DA:803,0
DA:804,0
DA:806,0
DA:809,0
DA:814,0
DA:816,0
LF:256
LH:0
end_of_record
SF:lib\shared\widgets\misc\premium_components.dart
DA:14,0
DA:20,0
DA:22,0
DA:27,0
DA:29,0
DA:30,0
DA:31,0
DA:33,0
DA:35,0
DA:36,0
DA:37,0
DA:38,0
DA:39,0
DA:41,0
DA:43,0
DA:45,0
DA:46,0
DA:47,0
DA:49,0
DA:50,0
DA:51,0
DA:53,0
DA:62,0
DA:63,0
DA:65,0
DA:66,0
DA:68,0
DA:72,0
DA:74,0
DA:75,0
DA:82,0
DA:88,0
DA:89,0
DA:91,0
DA:92,0
DA:94,0
DA:95,0
DA:96,0
DA:98,0
DA:99,0
DA:100,0
DA:102,0
DA:106,0
DA:107,0
DA:109,0
DA:110,0
DA:112,0
DA:116,0
DA:118,0
DA:119,0
DA:125,0
DA:127,0
DA:136,0
DA:138,0
DA:140,0
DA:141,0
DA:144,0
DA:148,0
DA:149,0
DA:163,0
DA:164,0
DA:165,0
DA:181,0
DA:183,0
DA:184,0
DA:185,0
DA:186,0
DA:187,0
DA:190,0
DA:192,0
DA:193,0
DA:195,0
DA:196,0
DA:197,0
DA:208,0
DA:209,0
DA:211,0
DA:212,0
DA:213,0
DA:214,0
DA:216,0
DA:218,0
DA:219,0
DA:220,0
DA:221,0
DA:223,0
DA:228,0
DA:229,0
DA:230,0
DA:231,0
DA:237,0
DA:238,0
DA:239,0
DA:240,0
DA:241,0
DA:245,0
DA:246,0
DA:247,0
DA:248,0
DA:249,0
DA:264,0
DA:266,0
DA:268,0
DA:269,0
DA:271,0
DA:273,0
DA:274,0
DA:276,0
DA:277,0
DA:279,0
DA:281,0
DA:282,0
DA:284,0
DA:286,0
DA:287,0
DA:288,0
DA:289,0
DA:291,0
DA:292,0
DA:293,0
DA:295,0
DA:304,0
DA:305,0
DA:307,0
DA:308,0
DA:310,0
DA:314,0
DA:316,0
DA:317,0
DA:323,0
DA:325,0
DA:331,0
DA:332,0
DA:333,0
DA:334,0
DA:336,0
DA:340,0
DA:341,0
DA:343,0
DA:347,0
DA:348,0
DA:350,0
DA:363,0
DA:364,0
DA:365,0
DA:366,0
DA:368,0
DA:372,0
DA:386,0
DA:388,0
DA:390,0
DA:391,0
DA:393,0
DA:395,0
DA:396,0
DA:398,0
DA:399,0
DA:400,0
DA:401,0
DA:403,0
DA:405,0
DA:406,0
DA:407,0
DA:408,0
DA:410,0
DA:411,0
DA:412,0
DA:421,0
DA:422,0
DA:424,0
DA:425,0
DA:427,0
DA:431,0
DA:433,0
DA:434,0
DA:440,0
DA:441,0
DA:446,0
DA:448,0
DA:450,0
DA:451,0
DA:462,0
DA:464,0
DA:465,0
DA:466,0
DA:468,0
DA:470,0
DA:471,0
DA:472,0
DA:473,0
DA:474,0
DA:475,0
DA:476,0
DA:477,0
DA:478,0
DA:481,0
DA:482,0
DA:483,0
DA:484,0
DA:485,0
DA:486,0
DA:491,0
DA:492,0
DA:493,0
DA:494,0
DA:506,0
DA:507,0
DA:509,0
DA:510,0
DA:511,0
DA:513,0
DA:514,0
DA:515,0
DA:517,0
DA:521,0
DA:523,0
DA:524,0
DA:538,0
DA:540,0
DA:542,0
DA:549,0
DA:551,0
DA:553,0
DA:565,0
DA:567,0
DA:569,0
DA:571,0
DA:573,0
DA:574,0
DA:575,0
DA:576,0
DA:577,0
DA:579,0
DA:581,0
DA:582,0
DA:583,0
DA:584,0
DA:586,0
DA:587,0
DA:588,0
DA:590,0
DA:599,0
DA:600,0
DA:602,0
DA:603,0
DA:605,0
DA:609,0
DA:611,0
DA:612,0
DA:618,0
DA:620,0
DA:626,0
DA:627,0
DA:628,0
DA:629,0
DA:634,0
DA:635,0
DA:637,0
DA:647,0
DA:648,0
DA:649,0
DA:650,0
DA:652,0
LF:263
LH:0
end_of_record
SF:lib\shared\widgets\sections\user_header.dart
DA:12,4
DA:14,0
DA:16,0
DA:17,0
DA:18,0
DA:19,0
DA:20,0
DA:21,0
DA:22,0
DA:23,0
DA:25,0
DA:26,0
DA:29,0
DA:30,0
DA:31,0
DA:32,0
DA:36,0
DA:37,0
DA:40,0
DA:41,0
DA:42,0
DA:48,0
DA:76,0
DA:79,0
DA:81,0
DA:82,0
DA:87,0
DA:88,0
DA:89,0
DA:91,0
DA:93,0
DA:94,0
DA:97,0
DA:98,0
DA:101,0
DA:102,0
DA:105,0
DA:106,0
DA:112,0
DA:114,0
DA:116,0
DA:118,0
DA:120,0
DA:122,0
DA:125,0
DA:127,0
DA:128,0
DA:129,0
DA:133,0
DA:137,0
DA:141,0
DA:147,0
DA:149,0
DA:151,0
DA:152,0
DA:153,0
DA:154,0
DA:160,0
DA:161,0
DA:162,0
DA:174,0
DA:175,0
DA:177,0
DA:178,0
DA:180,0
DA:188,0
DA:193,0
DA:195,0
DA:197,0
DA:212,0
DA:213,0
DA:214,0
DA:217,0
DA:221,0
DA:224,0
DA:228,0
DA:231,0
DA:242,0
DA:244,0
DA:246,0
DA:247,0
DA:252,0
DA:253,0
DA:254,0
DA:255,0
DA:260,0
DA:269,0
DA:270,0
DA:271,0
DA:273,0
DA:274,0
DA:278,0
DA:280,0
DA:281,0
DA:285,0
DA:287,0
DA:288,0
DA:298,0
DA:299,0
DA:310,0
DA:321,0
DA:323,0
DA:329,0
DA:347,0
DA:354,0
DA:356,0
DA:359,0
DA:361,0
DA:362,0
DA:363,0
DA:364,0
DA:365,0
DA:367,0
DA:368,0
DA:373,0
DA:375,0
DA:376,0
DA:377,0
DA:378,0
DA:379,0
DA:382,0
DA:383,0
DA:398,0
DA:405,0
DA:407,0
DA:408,0
DA:409,0
DA:411,0
DA:413,0
DA:420,0
DA:421,0
DA:423,0
DA:424,0
DA:425,0
DA:428,0
DA:435,0
DA:436,0
DA:437,0
DA:439,0
DA:441,0
DA:442,0
DA:460,0
DA:468,0
DA:470,0
DA:471,0
DA:472,0
DA:475,0
DA:477,0
DA:485,0
DA:487,0
DA:488,0
DA:489,0
DA:490,0
DA:491,0
DA:493,0
DA:495,0
DA:496,0
DA:501,0
DA:502,0
DA:503,0
DA:506,0
DA:513,0
DA:515,0
DA:516,0
DA:517,0
DA:520,0
DA:522,0
DA:523,0
DA:526,0
DA:528,0
DA:529,0
DA:530,0
DA:534,0
DA:536,0
DA:537,0
LF:175
LH:1
end_of_record
SF:lib\features\dashboard\screens\data_export_screen.dart
DA:12,2
DA:14,0
DA:15,0
DA:45,0
DA:47,0
DA:48,0
DA:50,0
DA:52,0
DA:53,0
DA:55,0
DA:56,0
DA:57,0
DA:59,0
DA:60,0
DA:63,0
DA:65,0
DA:67,0
DA:68,0
DA:70,0
DA:72,0
DA:74,0
DA:76,0
DA:78,0
DA:86,0
DA:87,0
DA:88,0
DA:90,0
DA:92,0
DA:93,0
DA:98,0
DA:99,0
DA:100,0
DA:101,0
DA:102,0
DA:104,0
DA:106,0
DA:108,0
DA:109,0
DA:110,0
DA:113,0
DA:114,0
DA:115,0
DA:116,0
DA:125,0
DA:127,0
DA:134,0
DA:136,0
DA:147,0
DA:148,0
DA:149,0
DA:151,0
DA:153,0
DA:155,0
DA:156,0
DA:157,0
DA:164,0
DA:166,0
DA:173,0
DA:177,0
DA:178,0
DA:179,0
DA:180,0
DA:181,0
DA:186,0
DA:192,0
DA:193,0
DA:194,0
DA:200,0
DA:204,0
DA:206,0
DA:213,0
DA:221,0
DA:222,0
DA:223,0
DA:225,0
DA:227,0
DA:229,0
DA:230,0
DA:231,0
DA:238,0
DA:240,0
DA:247,0
DA:248,0
DA:249,0
DA:250,0
DA:251,0
DA:259,0
DA:260,0
DA:261,0
DA:262,0
DA:264,0
DA:274,0
DA:275,0
DA:276,0
DA:278,0
DA:280,0
DA:282,0
DA:283,0
DA:284,0
DA:287,0
DA:289,0
DA:296,0
DA:298,0
DA:299,0
DA:303,0
DA:304,0
DA:305,0
DA:306,0
DA:308,0
DA:309,0
DA:310,0
DA:311,0
DA:313,0
DA:321,0
DA:322,0
DA:323,0
DA:324,0
DA:325,0
DA:326,0
DA:327,0
DA:333,0
DA:334,0
DA:335,0
DA:336,0
DA:349,0
DA:350,0
DA:351,0
DA:352,0
DA:353,0
DA:354,0
DA:355,0
DA:359,0
DA:360,0
DA:361,0
DA:362,0
DA:367,0
DA:368,0
DA:369,0
DA:370,0
DA:377,0
DA:378,0
DA:379,0
DA:381,0
DA:383,0
DA:385,0
DA:386,0
DA:387,0
DA:390,0
DA:392,0
DA:425,0
DA:426,0
DA:427,0
DA:436,0
DA:437,0
DA:438,0
DA:443,0
DA:444,0
DA:445,0
DA:446,0
DA:450,0
DA:453,0
DA:454,0
DA:455,0
DA:457,0
DA:460,0
DA:467,0
DA:469,0
DA:470,0
DA:471,0
DA:476,0
DA:477,0
DA:478,0
DA:479,0
DA:492,2
DA:499,0
DA:501,0
DA:503,0
DA:505,0
DA:506,0
DA:507,0
DA:508,0
DA:510,0
DA:511,0
DA:512,0
DA:513,0
DA:514,0
DA:518,0
DA:519,0
DA:521,0
DA:522,0
DA:523,0
DA:524,0
DA:529,0
DA:530,0
DA:531,0
DA:532,0
DA:538,0
DA:539,0
DA:540,0
DA:547,0
DA:549,0
DA:551,0
DA:553,0
DA:555,0
DA:562,0
DA:564,0
DA:566,0
DA:568,0
DA:570,0
LF:209
LH:2
end_of_record
SF:lib\features\dashboard\screens\ecg_alerts_screen.dart
DA:6,2
DA:8,0
DA:10,0
DA:11,0
DA:12,0
DA:13,0
DA:19,0
DA:20,0
DA:21,0
DA:23,0
DA:26,0
DA:28,0
DA:29,0
DA:30,0
DA:31,0
DA:32,0
DA:33,0
DA:34,0
DA:35,0
DA:37,0
DA:38,0
DA:39,0
DA:40,0
DA:41,0
DA:42,0
DA:52,0
DA:54,0
DA:56,0
DA:63,0
DA:65,0
DA:67,0
LF:31
LH:1
end_of_record
SF:lib\shared\providers\ecg_analysis_provider.dart
DA:7,0
DA:8,0
DA:12,0
DA:13,0
DA:16,0
DA:17,0
DA:21,0
DA:22,0
DA:25,0
DA:29,0
DA:30,0
DA:31,0
DA:39,0
DA:42,0
DA:43,0
DA:45,0
DA:46,0
DA:48,0
DA:53,0
DA:54,0
DA:56,0
DA:57,0
DA:59,0
DA:64,0
DA:65,0
DA:69,0
DA:70,0
DA:71,0
DA:72,0
DA:73,0
DA:78,0
DA:79,0
DA:83,0
DA:84,0
DA:91,0
DA:94,0
DA:95,0
DA:99,0
DA:100,0
DA:104,0
DA:105,0
DA:109,0
DA:110,0
DA:114,0
DA:115,0
DA:119,0
DA:120,0
DA:121,0
DA:122,0
DA:126,0
DA:127,0
DA:128,0
DA:129,0
DA:135,0
DA:138,0
DA:139,0
DA:143,0
DA:144,0
DA:148,0
DA:149,0
DA:153,0
DA:156,0
DA:159,0
DA:160,0
DA:161,0
DA:164,0
DA:165,0
DA:166,0
DA:168,0
DA:169,0
DA:170,0
DA:172,0
DA:177,0
DA:178,0
DA:179,0
DA:180,0
DA:181,0
DA:183,0
DA:184,0
DA:185,0
DA:186,0
DA:187,0
DA:188,0
DA:189,0
DA:194,0
DA:195,0
DA:196,0
DA:198,0
DA:202,0
DA:203,0
DA:208,0
DA:211,0
DA:212,0
DA:217,0
DA:224,0
DA:225,0
DA:226,0
DA:231,0
LF:98
LH:0
end_of_record
SF:lib\features\dashboard\screens\ecg_analysis_screen.dart
DA:16,2
DA:18,0
DA:19,0
DA:27,0
DA:28,0
DA:29,0
DA:30,0
DA:40,0
DA:42,0
DA:43,0
DA:46,0
DA:48,0
DA:49,0
DA:50,0
DA:51,0
DA:54,0
DA:55,0
DA:59,0
DA:61,0
DA:62,0
DA:65,0
DA:67,0
DA:68,0
DA:69,0
DA:70,0
DA:74,0
DA:76,0
DA:77,0
DA:78,0
DA:79,0
DA:84,0
DA:85,0
DA:86,0
DA:87,0
DA:88,0
DA:89,0
DA:95,0
DA:96,0
DA:97,0
DA:99,0
DA:101,0
DA:102,0
DA:104,0
DA:106,0
DA:108,0
DA:111,0
DA:113,0
DA:114,0
DA:121,0
DA:123,0
DA:128,0
DA:130,0
DA:134,0
DA:136,0
DA:147,0
DA:152,0
DA:154,0
DA:155,0
DA:156,0
DA:157,0
DA:162,0
DA:163,0
DA:164,0
DA:166,0
DA:168,0
DA:171,0
DA:173,0
DA:174,0
DA:175,0
DA:178,0
DA:180,0
DA:185,0
DA:190,0
DA:194,0
DA:208,0
DA:210,0
DA:211,0
DA:212,0
DA:213,0
DA:219,0
DA:220,0
DA:226,0
DA:227,0
DA:237,0
DA:238,0
DA:240,0
DA:244,0
DA:245,0
DA:246,0
DA:247,0
DA:249,0
DA:253,0
DA:258,0
DA:259,0
DA:260,0
DA:262,0
DA:263,0
DA:264,0
DA:265,0
DA:266,0
DA:267,0
DA:268,0
DA:271,0
DA:272,0
DA:273,0
DA:274,0
DA:276,0
DA:277,0
DA:278,0
DA:280,0
DA:281,0
DA:282,0
DA:283,0
DA:293,0
DA:294,0
DA:295,0
DA:297,0
DA:299,0
DA:300,0
DA:302,0
DA:303,0
DA:305,0
DA:307,0
DA:309,0
DA:310,0
DA:311,0
DA:318,0
DA:320,0
DA:327,0
DA:328,0
DA:329,0
DA:330,0
DA:332,0
DA:336,0
DA:337,0
DA:339,0
DA:343,0
DA:344,0
DA:346,0
DA:364,0
DA:372,0
DA:374,0
DA:382,0
DA:389,0
DA:390,0
DA:391,0
DA:392,0
DA:394,0
DA:398,0
DA:407,0
DA:409,0
DA:410,0
DA:411,0
DA:412,0
DA:413,0
DA:414,0
DA:416,0
DA:420,0
DA:421,0
DA:422,0
DA:423,0
DA:424,0
DA:426,0
DA:427,0
DA:428,0
DA:429,0
DA:438,2
DA:442,0
DA:445,0
DA:446,0
DA:447,0
DA:448,0
DA:449,0
DA:450,0
DA:451,0
DA:452,0
DA:453,0
DA:455,0
DA:456,0
DA:457,0
DA:458,0
DA:459,0
DA:460,0
DA:462,0
DA:465,0
DA:468,0
LF:186
LH:2
end_of_record
SF:lib\shared\widgets\cards\ecg_ai_analysis_card.dart
DA:13,0
DA:20,0
DA:22,0
DA:23,0
DA:25,0
DA:27,0
DA:28,0
DA:30,0
DA:32,0
DA:34,0
DA:35,0
DA:38,0
DA:40,0
DA:45,0
DA:51,0
DA:52,0
DA:54,0
DA:56,0
DA:57,0
DA:59,0
DA:61,0
DA:62,0
DA:63,0
DA:65,0
DA:66,0
DA:67,0
DA:70,0
DA:73,0
DA:75,0
DA:76,0
DA:80,0
DA:82,0
DA:83,0
DA:93,0
DA:95,0
DA:97,0
DA:98,0
DA:101,0
DA:105,0
DA:106,0
DA:119,0
DA:120,0
DA:121,0
DA:137,0
DA:139,0
DA:140,0
DA:141,0
DA:142,0
DA:144,0
DA:146,0
DA:155,0
DA:156,0
DA:158,0
DA:159,0
DA:160,0
DA:161,0
DA:163,0
DA:165,0
DA:166,0
DA:168,0
DA:173,0
DA:174,0
DA:175,0
DA:176,0
DA:177,0
DA:179,0
DA:183,0
DA:184,0
DA:185,0
DA:186,0
DA:192,0
DA:193,0
DA:194,0
DA:195,0
DA:196,0
DA:205,0
DA:206,0
DA:208,0
DA:209,0
DA:210,0
DA:211,0
DA:213,0
DA:215,0
DA:216,0
DA:218,0
DA:223,0
DA:224,0
DA:226,0
DA:228,0
DA:229,0
DA:232,0
DA:235,0
DA:236,0
DA:238,0
DA:251,0
DA:252,0
DA:255,0
DA:257,0
DA:258,0
DA:259,0
DA:260,0
DA:262,0
DA:264,0
DA:265,0
DA:267,0
DA:272,0
DA:273,0
DA:274,0
DA:275,0
DA:277,0
DA:281,0
DA:282,0
DA:283,0
DA:285,0
DA:289,0
DA:290,0
DA:291,0
DA:293,0
DA:305,0
DA:306,0
DA:307,0
DA:308,0
DA:310,0
DA:313,0
DA:315,0
LF:125
LH:0
end_of_record
SF:lib\features\dashboard\screens\health_score_screen.dart
DA:15,2
DA:17,0
DA:18,0
DA:29,0
DA:30,0
DA:31,0
DA:32,0
DA:51,0
DA:53,0
DA:54,0
DA:55,0
DA:56,0
DA:57,0
DA:58,0
DA:63,0
DA:65,0
DA:66,0
DA:69,0
DA:71,0
DA:72,0
DA:74,0
DA:76,0
DA:77,0
DA:79,0
DA:80,0
DA:81,0
DA:83,0
DA:84,0
DA:86,0
DA:88,0
DA:89,0
DA:90,0
DA:91,0
DA:96,0
DA:97,0
DA:98,0
DA:99,0
DA:100,0
DA:101,0
DA:108,0
DA:109,0
DA:111,0
DA:113,0
DA:114,0
DA:116,0
DA:118,0
DA:120,0
DA:122,0
DA:128,0
DA:129,0
DA:130,0
DA:132,0
DA:134,0
DA:135,0
DA:140,0
DA:141,0
DA:142,0
DA:144,0
DA:146,0
DA:148,0
DA:149,0
DA:150,0
DA:152,0
DA:158,0
DA:161,0
DA:163,0
DA:164,0
DA:167,0
DA:168,0
DA:170,0
DA:171,0
DA:172,0
DA:176,0
DA:178,0
DA:179,0
DA:180,0
DA:181,0
DA:183,0
DA:185,0
DA:188,0
DA:190,0
DA:201,0
DA:203,0
DA:213,0
DA:214,0
DA:215,0
DA:217,0
DA:219,0
DA:221,0
DA:222,0
DA:223,0
DA:224,0
DA:226,0
DA:230,0
DA:232,0
DA:239,0
DA:241,0
DA:242,0
DA:243,0
DA:244,0
DA:245,0
DA:246,0
DA:247,0
DA:248,0
DA:249,0
DA:252,0
DA:253,0
DA:254,0
DA:257,0
DA:258,0
DA:259,0
DA:261,0
DA:262,0
DA:263,0
DA:273,0
DA:274,0
DA:276,0
DA:277,0
DA:278,0
DA:279,0
DA:281,0
DA:283,0
DA:287,0
DA:288,0
DA:289,0
DA:290,0
DA:304,0
DA:305,0
DA:306,0
DA:308,0
DA:310,0
DA:312,0
DA:313,0
DA:314,0
DA:317,0
DA:319,0
DA:326,0
DA:330,0
DA:333,0
DA:337,0
DA:340,0
DA:344,0
DA:347,0
DA:352,0
DA:353,0
DA:357,0
DA:361,0
DA:369,0
DA:370,0
DA:371,0
DA:373,0
DA:375,0
DA:377,0
DA:378,0
DA:380,0
DA:382,0
DA:385,0
DA:386,0
DA:387,0
DA:388,0
DA:390,0
DA:391,0
DA:392,0
DA:394,0
DA:395,0
DA:396,0
DA:397,0
DA:398,0
DA:399,0
DA:401,0
DA:410,0
DA:415,0
DA:416,0
DA:418,0
DA:419,0
DA:437,0
DA:438,0
DA:440,0
DA:441,0
DA:443,0
DA:445,0
DA:448,0
DA:456,0
DA:460,0
DA:467,0
DA:471,0
DA:478,0
DA:486,0
DA:487,0
DA:489,0
DA:491,0
DA:492,0
DA:494,0
DA:500,0
DA:501,0
DA:502,0
DA:504,0
DA:506,0
DA:508,0
DA:509,0
DA:511,0
DA:513,0
DA:516,0
DA:517,0
DA:519,0
DA:520,0
DA:521,0
DA:522,0
DA:532,0
DA:533,0
DA:534,0
DA:536,0
DA:538,0
DA:540,0
DA:541,0
DA:543,0
DA:545,0
DA:585,0
DA:586,0
DA:588,0
DA:590,0
DA:591,0
DA:593,0
DA:595,0
DA:601,0
DA:602,0
DA:603,0
DA:605,0
DA:607,0
DA:609,0
DA:610,0
DA:612,0
DA:614,0
DA:617,0
DA:619,0
DA:621,0
DA:643,0
DA:644,0
DA:645,0
DA:647,0
DA:649,0
DA:651,0
DA:652,0
DA:654,0
DA:656,0
DA:659,0
DA:663,0
DA:666,0
DA:670,0
DA:673,0
DA:677,0
DA:680,0
DA:684,0
DA:692,0
DA:693,0
DA:694,0
DA:696,0
DA:698,0
DA:700,0
DA:701,0
DA:703,0
DA:705,0
DA:737,0
DA:738,0
DA:739,0
DA:740,0
DA:741,0
DA:742,0
DA:745,0
DA:747,0
DA:748,0
DA:749,0
DA:751,0
DA:752,0
DA:753,0
DA:755,0
DA:756,0
DA:757,0
DA:759,0
DA:760,0
DA:761,0
DA:763,0
DA:770,0
DA:772,0
DA:773,0
DA:774,0
DA:776,0
DA:777,0
DA:778,0
DA:780,0
DA:781,0
DA:782,0
DA:784,0
DA:785,0
DA:786,0
DA:788,0
DA:802,0
DA:809,0
DA:811,0
DA:812,0
DA:813,0
DA:815,0
DA:817,0
DA:818,0
DA:819,0
DA:820,0
DA:822,0
DA:824,0
DA:825,0
DA:826,0
DA:827,0
DA:834,0
DA:835,0
DA:836,0
DA:838,0
DA:841,0
DA:842,0
DA:843,0
DA:845,0
DA:852,0
DA:853,0
DA:854,0
DA:855,0
DA:856,0
DA:857,0
DA:865,0
DA:871,0
DA:873,0
DA:875,0
DA:876,0
DA:877,0
DA:878,0
DA:880,0
DA:881,0
DA:882,0
DA:883,0
DA:885,0
DA:886,0
DA:887,0
DA:888,0
DA:890,0
DA:893,0
DA:894,0
DA:895,0
DA:896,0
DA:902,0
DA:903,0
DA:904,0
DA:906,0
DA:922,2
DA:930,0
DA:932,0
DA:934,0
DA:935,0
DA:936,0
DA:937,0
DA:939,0
DA:940,0
DA:941,0
DA:942,0
DA:944,0
DA:945,0
DA:946,0
DA:947,0
DA:949,0
DA:952,0
DA:953,0
DA:954,0
DA:956,0
DA:962,0
DA:964,0
DA:965,0
DA:966,0
DA:967,0
DA:968,0
DA:973,0
DA:974,0
DA:975,0
DA:976,0
DA:991,0
DA:993,0
DA:996,0
DA:997,0
DA:998,0
DA:999,0
DA:1001,0
DA:1002,0
DA:1003,0
DA:1004,0
DA:1005,0
DA:1007,0
DA:1008,0
DA:1009,0
DA:1010,0
DA:1012,0
DA:1013,0
DA:1015,0
DA:1019,0
DA:1022,0
DA:1031,2
DA:1037,0
DA:1039,0
DA:1040,0
DA:1041,0
DA:1042,0
DA:1043,0
DA:1045,0
DA:1048,0
DA:1049,0
DA:1050,0
DA:1052,0
DA:1066,0
DA:1073,0
DA:1075,0
DA:1077,0
DA:1078,0
DA:1079,0
DA:1080,0
DA:1082,0
DA:1083,0
DA:1084,0
DA:1087,0
DA:1088,0
DA:1089,0
DA:1091,0
DA:1092,0
DA:1093,0
DA:1102,0
DA:1103,0
DA:1105,0
DA:1106,0
DA:1107,0
DA:1108,0
DA:1110,0
DA:1112,0
DA:1113,0
DA:1114,0
DA:1115,0
DA:1134,2
DA:1142,0
DA:1144,0
DA:1146,0
DA:1147,0
DA:1148,0
DA:1149,0
DA:1151,0
DA:1153,0
DA:1154,0
DA:1155,0
DA:1156,0
DA:1157,0
DA:1158,0
DA:1159,0
DA:1161,0
DA:1164,0
DA:1165,0
DA:1166,0
DA:1174,0
DA:1175,0
DA:1176,0
DA:1178,0
DA:1181,0
DA:1182,0
DA:1183,0
DA:1197,2
LF:465
LH:5
end_of_record
SF:lib\features\health_tracking\screens\heart_tracker_screen.dart
DA:12,2
DA:14,0
DA:15,0
DA:21,0
DA:23,0
DA:24,0
DA:25,0
DA:27,0
DA:29,0
DA:30,0
DA:32,0
DA:36,0
DA:37,0
DA:40,0
DA:43,0
DA:51,0
DA:53,0
DA:54,0
DA:62,0
DA:64,0
DA:65,0
DA:66,0
DA:68,0
DA:69,0
DA:70,0
DA:71,0
DA:72,0
DA:74,0
DA:76,0
DA:78,0
DA:79,0
DA:97,2
DA:99,0
DA:101,0
DA:102,0
DA:104,0
DA:106,0
DA:107,0
DA:113,0
DA:114,0
DA:115,0
DA:116,0
DA:124,0
DA:125,0
DA:126,0
DA:127,0
DA:130,0
DA:131,0
DA:132,0
DA:142,0
DA:143,0
DA:144,0
DA:149,0
DA:151,0
DA:159,0
DA:160,0
DA:161,0
DA:164,0
DA:166,0
DA:168,0
DA:169,0
DA:171,0
DA:173,0
DA:175,0
DA:176,0
DA:178,0
DA:180,0
DA:181,0
DA:182,0
DA:183,0
DA:184,0
DA:201,0
DA:202,0
DA:203,0
DA:223,0
DA:224,0
DA:225,0
DA:228,0
DA:230,0
DA:232,0
DA:233,0
DA:235,0
DA:249,0
DA:250,0
DA:251,0
DA:271,0
DA:272,0
DA:275,0
DA:276,0
DA:282,0
LF:90
LH:2
end_of_record
SF:lib\features\health_tracking\screens\sleep_rating_screen.dart
DA:12,2
DA:14,0
DA:15,0
DA:31,0
DA:33,0
DA:34,0
DA:35,0
DA:37,0
DA:39,0
DA:40,0
DA:42,0
DA:46,0
DA:47,0
DA:50,0
DA:53,0
DA:61,0
DA:63,0
DA:64,0
DA:67,0
DA:69,0
DA:70,0
DA:71,0
DA:73,0
DA:74,0
DA:75,0
DA:76,0
DA:77,0
DA:79,0
DA:81,0
DA:83,0
DA:84,0
DA:104,2
DA:110,0
DA:112,0
DA:113,0
DA:115,0
DA:117,0
DA:118,0
DA:124,0
DA:125,0
DA:126,0
DA:127,0
DA:135,0
DA:136,0
DA:137,0
DA:138,0
DA:141,0
DA:142,0
DA:143,0
DA:153,0
DA:154,0
DA:155,0
DA:160,0
DA:162,0
DA:170,0
DA:171,0
DA:172,0
DA:175,0
DA:177,0
DA:179,0
DA:180,0
DA:182,0
DA:184,0
DA:186,0
DA:187,0
DA:189,0
DA:191,0
DA:192,0
DA:193,0
DA:194,0
DA:195,0
DA:212,0
DA:213,0
DA:214,0
DA:217,0
DA:219,0
DA:220,0
DA:223,0
DA:224,0
DA:225,0
DA:226,0
DA:229,0
DA:234,0
DA:236,0
DA:238,0
DA:239,0
DA:252,0
DA:253,0
DA:254,0
DA:257,0
DA:259,0
DA:261,0
DA:262,0
DA:264,0
DA:278,0
DA:279,0
DA:280,0
DA:298,0
DA:299,0
DA:300,0
DA:303,0
DA:305,0
DA:307,0
DA:308,0
DA:310,0
DA:324,0
DA:325,0
DA:328,0
DA:329,0
DA:335,0
LF:110
LH:2
end_of_record
SF:lib\features\health_tracking\screens\spo2_graph_screen.dart
DA:6,3
DA:8,1
DA:9,1
DA:42,1
DA:44,1
DA:45,2
DA:47,1
DA:48,1
DA:49,1
DA:51,1
DA:52,1
DA:54,3
DA:56,2
DA:58,3
DA:59,2
DA:62,1
DA:64,1
DA:66,1
DA:68,1
DA:72,1
DA:76,1
DA:80,1
DA:87,1
DA:92,2
DA:94,1
DA:96,1
DA:100,1
DA:102,1
DA:106,1
DA:107,1
DA:108,1
DA:113,0
DA:114,0
DA:115,0
DA:117,1
DA:119,1
DA:120,1
DA:123,0
DA:124,3
DA:127,1
DA:128,1
DA:131,0
DA:132,3
DA:139,1
DA:141,1
DA:142,1
DA:143,1
DA:144,1
DA:145,1
DA:148,1
DA:157,1
DA:158,1
DA:159,1
DA:162,3
DA:175,1
DA:176,1
DA:178,1
DA:179,1
DA:181,3
DA:188,1
DA:189,9
DA:190,3
DA:193,0
DA:203,1
DA:205,1
DA:206,1
DA:207,1
DA:208,1
DA:209,2
DA:210,3
DA:215,1
DA:217,3
DA:220,0
DA:226,1
DA:231,1
DA:232,3
DA:233,1
DA:234,1
DA:235,3
DA:238,1
DA:240,1
DA:254,1
DA:255,1
DA:256,1
DA:257,1
DA:262,0
DA:263,0
DA:264,0
DA:266,1
DA:268,1
DA:269,1
DA:272,0
DA:273,3
DA:276,1
DA:277,1
DA:280,0
DA:281,3
DA:288,1
DA:290,1
DA:292,1
DA:293,1
DA:295,3
DA:301,1
DA:303,1
DA:306,1
DA:308,1
DA:309,1
DA:310,1
DA:311,1
DA:320,1
DA:321,1
DA:323,1
DA:324,1
DA:325,1
DA:331,1
DA:338,1
DA:339,1
DA:340,1
DA:342,3
DA:347,1
DA:349,3
DA:352,0
DA:360,1
DA:365,1
DA:366,1
DA:367,1
DA:372,0
DA:373,0
DA:374,0
DA:376,1
DA:378,1
DA:379,1
DA:382,0
DA:383,3
DA:386,1
DA:387,1
DA:390,0
DA:391,3
DA:398,1
DA:400,1
DA:402,1
DA:403,1
DA:404,1
DA:411,1
DA:413,3
DA:421,1
DA:423,3
DA:426,0
DA:436,1
DA:441,1
DA:442,1
DA:443,1
DA:448,0
DA:449,0
DA:450,0
DA:452,1
DA:454,1
DA:455,1
DA:458,0
DA:459,3
DA:462,1
DA:463,1
DA:466,0
DA:467,3
DA:474,1
DA:476,1
DA:478,1
DA:479,1
DA:480,1
DA:487,1
DA:489,3
DA:497,1
DA:505,1
DA:513,1
DA:526,1
DA:533,1
DA:535,1
DA:536,1
DA:546,1
DA:547,1
DA:549,1
DA:550,1
DA:552,3
DA:558,1
DA:560,3
DA:563,0
DA:580,1
DA:586,1
DA:589,1
DA:590,4
DA:591,1
DA:592,1
DA:593,1
DA:597,1
DA:598,1
DA:599,1
DA:600,0
DA:601,3
DA:602,1
DA:605,2
DA:606,3
DA:607,4
DA:611,2
DA:612,1
DA:613,1
DA:615,4
DA:616,6
DA:618,5
DA:619,4
DA:620,2
DA:624,2
DA:625,5
DA:626,3
DA:627,5
DA:629,1
DA:633,2
DA:634,3
DA:639,0
LF:218
LH:191
end_of_record
SF:lib\features\health_tracking\screens\water_intake_screen.dart
DA:12,2
DA:14,0
DA:15,0
DA:26,0
DA:28,0
DA:29,0
DA:30,0
DA:32,0
DA:34,0
DA:35,0
DA:37,0
DA:41,0
DA:42,0
DA:45,0
DA:48,0
DA:56,0
DA:58,0
DA:59,0
DA:62,0
DA:64,0
DA:65,0
DA:66,0
DA:68,0
DA:69,0
DA:70,0
DA:71,0
DA:72,0
DA:74,0
DA:76,0
DA:78,0
DA:79,0
DA:101,2
DA:108,0
DA:110,0
DA:111,0
DA:113,0
DA:115,0
DA:116,0
DA:122,0
DA:123,0
DA:124,0
DA:125,0
DA:133,0
DA:134,0
DA:135,0
DA:137,0
DA:138,0
DA:141,0
DA:143,0
DA:146,0
DA:147,0
DA:149,0
DA:150,0
DA:152,0
DA:153,0
DA:154,0
DA:166,0
DA:167,0
DA:168,0
DA:173,0
DA:175,0
DA:183,0
DA:184,0
DA:185,0
DA:188,0
DA:190,0
DA:191,0
DA:197,0
DA:198,0
DA:206,0
DA:207,0
DA:208,0
DA:211,0
DA:213,0
DA:215,0
DA:216,0
DA:218,0
DA:220,0
DA:222,0
DA:223,0
DA:225,0
DA:227,0
DA:228,0
DA:229,0
DA:230,0
DA:231,0
DA:248,0
DA:249,0
DA:250,0
DA:253,0
DA:255,0
DA:257,0
DA:258,0
DA:260,0
DA:274,0
DA:275,0
DA:276,0
DA:294,0
DA:295,0
DA:296,0
DA:299,0
DA:301,0
DA:303,0
DA:304,0
DA:306,0
DA:318,0
DA:319,0
DA:322,0
DA:323,0
DA:329,0
LF:110
LH:2
end_of_record
SF:lib\features\health_tracking\screens\workout_tracker_screen.dart
DA:12,2
DA:14,0
DA:16,0
DA:30,0
DA:32,0
DA:33,0
DA:34,0
DA:36,0
DA:38,0
DA:39,0
DA:41,0
DA:45,0
DA:46,0
DA:49,0
DA:52,0
DA:60,0
DA:62,0
DA:63,0
DA:66,0
DA:68,0
DA:69,0
DA:70,0
DA:72,0
DA:73,0
DA:74,0
DA:75,0
DA:76,0
DA:78,0
DA:80,0
DA:82,0
DA:83,0
DA:113,2
DA:124,0
DA:126,0
DA:127,0
DA:129,0
DA:131,0
DA:132,0
DA:138,0
DA:139,0
DA:140,0
DA:141,0
DA:149,0
DA:150,0
DA:151,0
DA:153,0
DA:154,0
DA:157,0
DA:158,0
DA:160,0
DA:161,0
DA:176,0
DA:178,0
DA:179,0
DA:180,0
DA:181,0
DA:186,0
DA:188,0
DA:192,0
DA:193,0
DA:194,0
DA:204,0
DA:205,0
DA:206,0
DA:209,0
DA:211,0
DA:213,0
DA:214,0
DA:216,0
DA:218,0
DA:220,0
DA:221,0
DA:223,0
DA:225,0
DA:226,0
DA:227,0
DA:228,0
DA:229,0
DA:246,0
DA:247,0
DA:248,0
DA:251,0
DA:253,0
DA:254,0
DA:257,0
DA:258,0
DA:259,0
DA:268,0
DA:269,0
DA:270,0
DA:273,0
DA:275,0
DA:277,0
DA:278,0
DA:280,0
DA:294,0
DA:295,0
DA:296,0
DA:299,0
DA:301,0
DA:303,0
DA:304,0
DA:306,0
DA:320,0
DA:321,0
DA:324,0
DA:325,0
DA:331,0
LF:108
LH:2
end_of_record
SF:lib\features\home\screens\home_screen.dart
DA:14,2
DA:16,0
DA:17,0
DA:21,0
DA:23,0
DA:24,0
DA:26,0
DA:27,0
DA:28,0
DA:29,0
DA:31,0
DA:32,0
DA:33,0
DA:35,0
DA:37,0
DA:43,0
DA:53,0
DA:55,0
DA:56,0
DA:58,0
DA:59,0
DA:61,0
DA:64,0
DA:67,0
DA:68,0
DA:69,0
DA:72,0
DA:75,0
DA:78,0
DA:81,0
DA:82,0
DA:83,0
DA:86,0
DA:93,0
DA:97,0
DA:98,0
DA:99,0
DA:100,0
DA:103,0
DA:104,0
DA:107,0
DA:111,0
DA:112,0
DA:117,0
DA:126,0
DA:128,0
DA:129,0
DA:130,0
DA:131,0
DA:140,0
DA:142,0
DA:144,0
DA:150,0
DA:152,0
DA:154,0
DA:159,0
DA:161,0
DA:163,0
DA:168,0
DA:170,0
DA:171,0
DA:176,0
DA:178,0
DA:181,0
DA:192,0
DA:194,0
DA:195,0
DA:198,0
DA:201,0
DA:204,0
DA:207,0
DA:208,0
DA:211,0
DA:214,0
DA:215,0
DA:218,0
DA:225,0
DA:226,0
DA:227,0
DA:230,0
DA:231,0
DA:234,0
DA:238,0
DA:241,0
DA:250,0
DA:251,0
DA:253,0
DA:255,0
DA:261,0
DA:263,0
DA:265,0
DA:276,0
DA:277,0
DA:279,0
DA:282,0
DA:285,0
DA:286,0
DA:287,0
DA:290,0
DA:293,0
DA:296,0
DA:299,0
DA:300,0
DA:301,0
DA:304,0
DA:311,0
DA:315,0
DA:316,0
DA:317,0
DA:318,0
DA:321,0
DA:322,0
DA:325,0
DA:329,0
DA:330,0
DA:335,0
DA:344,0
DA:346,0
DA:347,0
DA:348,0
DA:349,0
DA:358,0
DA:360,0
DA:362,0
DA:368,0
DA:370,0
DA:372,0
DA:377,0
DA:379,0
DA:381,0
DA:386,0
DA:388,0
DA:389,0
DA:394,0
DA:396,0
DA:399,0
DA:410,0
DA:412,0
DA:413,0
DA:416,0
DA:419,0
DA:422,0
DA:425,0
DA:426,0
DA:429,0
DA:432,0
DA:433,0
DA:436,0
DA:443,0
DA:444,0
DA:445,0
DA:448,0
DA:449,0
DA:452,0
DA:456,0
DA:459,0
DA:468,0
DA:469,0
DA:471,0
DA:473,0
DA:479,0
DA:481,0
DA:483,0
DA:494,0
DA:495,0
DA:497,0
DA:500,0
DA:503,0
DA:504,0
DA:505,0
DA:508,0
DA:511,0
DA:514,0
DA:517,0
DA:518,0
DA:519,0
DA:522,0
DA:529,0
DA:533,0
DA:534,0
DA:535,0
DA:536,0
DA:539,0
DA:540,0
DA:543,0
DA:547,0
DA:548,0
DA:553,0
DA:562,0
DA:564,0
DA:565,0
DA:566,0
DA:567,0
DA:576,0
DA:578,0
DA:580,0
DA:586,0
DA:588,0
DA:590,0
DA:595,0
DA:597,0
DA:599,0
DA:604,0
DA:606,0
DA:607,0
DA:612,0
DA:614,0
DA:617,0
DA:628,0
DA:630,0
DA:631,0
DA:634,0
DA:637,0
DA:640,0
DA:643,0
DA:644,0
DA:647,0
DA:650,0
DA:651,0
DA:654,0
DA:661,0
DA:662,0
DA:663,0
DA:666,0
DA:667,0
DA:670,0
DA:674,0
DA:677,0
DA:686,0
DA:687,0
DA:689,0
DA:691,0
DA:697,0
DA:699,0
DA:701,0
DA:722,0
DA:724,0
DA:731,0
DA:732,0
DA:735,0
DA:738,0
DA:740,0
DA:743,0
DA:746,0
DA:748,0
DA:751,0
DA:754,0
DA:756,0
DA:759,0
DA:762,0
DA:769,0
DA:771,0
DA:773,0
DA:774,0
DA:776,0
DA:777,0
DA:778,0
DA:779,0
DA:781,0
DA:782,0
DA:783,0
DA:786,0
DA:795,0
DA:804,0
DA:805,0
DA:808,0
DA:809,0
DA:811,0
DA:812,0
DA:813,0
DA:814,0
DA:817,0
DA:819,0
DA:821,0
DA:822,0
DA:840,0
DA:842,0
DA:844,0
DA:845,0
DA:847,0
DA:848,0
DA:849,0
DA:850,0
DA:852,0
DA:853,0
DA:854,0
DA:857,0
DA:866,0
DA:875,0
DA:876,0
DA:879,0
DA:880,0
DA:882,0
DA:883,0
DA:884,0
DA:885,0
DA:888,0
DA:890,0
DA:892,0
DA:893,0
DA:919,0
DA:924,0
DA:928,0
DA:933,0
DA:946,0
DA:948,0
DA:952,0
DA:953,0
DA:963,0
DA:965,0
DA:966,0
DA:967,0
DA:970,0
DA:971,0
DA:972,0
DA:973,0
DA:975,0
DA:976,0
DA:977,0
DA:980,0
DA:989,0
DA:998,0
DA:999,0
DA:1001,0
DA:1002,0
DA:1004,0
DA:1005,0
DA:1008,0
DA:1010,0
DA:1011,0
DA:1017,0
DA:1027,0
DA:1032,0
DA:1033,0
DA:1034,0
DA:1037,0
DA:1042,0
DA:1043,0
DA:1044,0
DA:1047,0
DA:1048,0
DA:1049,0
DA:1050,0
DA:1059,0
DA:1079,0
DA:1080,0
DA:1083,0
DA:1084,0
DA:1089,0
DA:1090,0
DA:1091,0
DA:1093,0
DA:1095,0
DA:1096,0
DA:1099,0
DA:1100,0
DA:1103,0
DA:1104,0
DA:1107,0
DA:1108,0
DA:1114,0
DA:1115,0
DA:1116,0
DA:1119,0
DA:1125,0
DA:1126,0
DA:1127,0
DA:1128,0
DA:1141,0
DA:1142,0
DA:1144,0
DA:1145,0
DA:1147,0
DA:1153,0
DA:1155,0
DA:1156,0
DA:1163,0
DA:1165,0
DA:1171,0
DA:1172,0
DA:1173,0
DA:1174,0
DA:1208,0
DA:1217,0
DA:1218,0
DA:1224,0
DA:1226,0
DA:1227,0
DA:1228,0
DA:1230,0
DA:1231,0
DA:1236,0
DA:1237,0
DA:1238,0
DA:1240,0
DA:1242,0
DA:1243,0
DA:1246,0
DA:1247,0
DA:1250,0
DA:1251,0
DA:1254,0
DA:1255,0
DA:1262,0
DA:1264,0
DA:1265,0
DA:1266,0
DA:1267,0
DA:1269,0
DA:1271,0
DA:1272,0
DA:1273,0
DA:1274,0
DA:1277,0
DA:1278,0
DA:1281,0
DA:1282,0
DA:1283,0
DA:1286,0
DA:1287,0
DA:1288,0
DA:1289,0
DA:1295,0
DA:1298,0
DA:1299,0
DA:1300,0
DA:1301,0
DA:1308,0
DA:1309,0
DA:1310,0
DA:1315,0
DA:1316,0
DA:1317,0
DA:1319,0
DA:1322,0
DA:1339,0
DA:1346,0
DA:1348,0
DA:1349,0
DA:1350,0
DA:1351,0
DA:1354,0
DA:1355,0
DA:1358,0
DA:1359,0
DA:1360,0
DA:1363,0
DA:1364,0
DA:1365,0
DA:1368,0
DA:1369,0
DA:1370,0
DA:1377,0
DA:1378,0
DA:1379,0
DA:1380,0
DA:1385,0
DA:1388,0
DA:1389,0
DA:1391,0
DA:1394,0
DA:1395,0
DA:1398,0
DA:1399,0
DA:1400,0
DA:1403,0
DA:1404,0
DA:1405,0
DA:1406,0
DA:1412,0
DA:1414,0
DA:1415,0
DA:1427,0
DA:1429,0
DA:1431,0
DA:1432,0
DA:1433,0
DA:1435,0
DA:1441,0
DA:1443,0
DA:1445,0
DA:1446,0
DA:1447,0
DA:1449,0
DA:1458,0
DA:1461,0
DA:1462,0
DA:1465,0
DA:1466,0
DA:1468,0
DA:1471,0
DA:1473,0
DA:1474,0
DA:1475,0
DA:1476,0
LF:495
LH:1
end_of_record
SF:lib\features\legal\screens\privacy_policy_screen.dart
DA:10,2
DA:12,0
DA:14,0
DA:20,0
DA:22,0
DA:23,0
DA:24,0
DA:26,0
DA:27,0
DA:32,0
DA:34,0
DA:35,0
DA:38,0
DA:40,0
DA:41,0
DA:42,0
DA:44,0
DA:47,0
DA:48,0
DA:49,0
DA:50,0
DA:55,0
DA:56,0
DA:61,0
DA:67,0
DA:68,0
DA:70,0
DA:72,0
DA:76,0
DA:81,0
DA:86,0
DA:97,0
DA:98,0
DA:100,0
DA:103,0
DA:104,0
DA:109,0
DA:110,0
DA:111,0
DA:113,0
DA:114,0
DA:115,0
DA:118,0
DA:119,0
DA:122,0
DA:123,0
DA:126,0
DA:127,0
DA:130,0
DA:131,0
DA:137,0
DA:138,0
DA:140,0
DA:143,0
DA:146,0
DA:147,0
DA:148,0
DA:149,0
DA:152,0
DA:153,0
DA:165,0
DA:166,0
DA:167,0
DA:176,0
DA:177,0
DA:178,0
DA:190,0
DA:191,0
DA:193,0
DA:196,0
DA:197,0
DA:202,0
DA:203,0
DA:204,0
DA:206,0
DA:207,0
DA:208,0
DA:211,0
DA:212,0
DA:215,0
DA:216,0
DA:219,0
DA:220,0
DA:223,0
DA:224,0
DA:230,0
DA:232,0
DA:234,0
DA:235,0
DA:238,0
DA:239,0
DA:240,0
DA:250,0
DA:251,0
DA:252,0
DA:260,0
DA:263,0
DA:264,0
DA:267,0
DA:270,0
DA:271,0
DA:274,0
DA:277,0
DA:278,0
DA:286,0
DA:287,0
DA:289,0
DA:292,0
DA:293,0
DA:298,0
DA:299,0
DA:300,0
DA:302,0
DA:303,0
DA:304,0
DA:307,0
DA:308,0
DA:311,0
DA:312,0
DA:315,0
DA:316,0
DA:319,0
DA:320,0
DA:326,0
DA:328,0
DA:329,0
DA:330,0
DA:333,0
DA:334,0
DA:335,0
DA:343,0
DA:344,0
DA:345,0
DA:356,0
DA:362,0
DA:364,0
DA:365,0
DA:368,0
DA:369,0
DA:370,0
DA:372,0
DA:375,0
DA:376,0
DA:378,0
DA:379,0
DA:381,0
DA:387,0
DA:389,0
LF:148
LH:1
end_of_record
SF:lib\features\legal\screens\terms_of_service_screen.dart
DA:11,2
DA:13,0
DA:15,0
DA:21,0
DA:23,0
DA:24,0
DA:25,0
DA:27,0
DA:28,0
DA:33,0
DA:35,0
DA:36,0
DA:39,0
DA:41,0
DA:42,0
DA:43,0
DA:45,0
DA:48,0
DA:49,0
DA:50,0
DA:51,0
DA:56,0
DA:57,0
DA:62,0
DA:68,0
DA:69,0
DA:71,0
DA:73,0
DA:77,0
DA:82,0
DA:87,0
DA:98,0
DA:99,0
DA:101,0
DA:104,0
DA:105,0
DA:110,0
DA:111,0
DA:112,0
DA:114,0
DA:115,0
DA:116,0
DA:119,0
DA:120,0
DA:123,0
DA:124,0
DA:127,0
DA:128,0
DA:131,0
DA:132,0
DA:138,0
DA:139,0
DA:141,0
DA:144,0
DA:147,0
DA:148,0
DA:149,0
DA:150,0
DA:153,0
DA:154,0
DA:166,0
DA:167,0
DA:168,0
DA:177,0
DA:178,0
DA:179,0
DA:191,0
DA:192,0
DA:194,0
DA:197,0
DA:198,0
DA:203,0
DA:204,0
DA:205,0
DA:207,0
DA:208,0
DA:209,0
DA:212,0
DA:213,0
DA:216,0
DA:217,0
DA:220,0
DA:221,0
DA:224,0
DA:225,0
DA:231,0
DA:233,0
DA:235,0
DA:236,0
DA:239,0
DA:240,0
DA:241,0
DA:251,0
DA:252,0
DA:253,0
DA:261,0
DA:264,0
DA:265,0
DA:268,0
DA:271,0
DA:272,0
DA:275,0
DA:278,0
DA:279,0
DA:287,0
DA:288,0
DA:290,0
DA:293,0
DA:294,0
DA:299,0
DA:300,0
DA:301,0
DA:303,0
DA:304,0
DA:305,0
DA:308,0
DA:309,0
DA:312,0
DA:313,0
DA:316,0
DA:317,0
DA:320,0
DA:321,0
DA:327,0
DA:329,0
DA:330,0
DA:331,0
DA:334,0
DA:335,0
DA:336,0
DA:344,0
DA:345,0
DA:346,0
DA:357,0
DA:363,0
DA:365,0
DA:366,0
DA:369,0
DA:370,0
DA:371,0
DA:373,0
DA:376,0
DA:377,0
DA:379,0
DA:380,0
DA:382,0
DA:388,0
DA:390,0
LF:148
LH:1
end_of_record
SF:lib\features\profile\screens\about_app_screen.dart
DA:10,2
DA:12,0
DA:13,0
DA:127,0
DA:129,0
DA:130,0
DA:131,0
DA:133,0
DA:134,0
DA:136,0
DA:137,0
DA:139,0
DA:141,0
DA:143,0
DA:144,0
DA:147,0
DA:149,0
DA:151,0
DA:153,0
DA:157,0
DA:159,0
DA:160,0
DA:161,0
DA:163,0
DA:166,0
DA:167,0
DA:170,0
DA:171,0
DA:174,0
DA:175,0
DA:178,0
DA:179,0
DA:182,0
DA:183,0
DA:185,0
DA:192,0
DA:197,0
DA:198,0
DA:200,0
DA:202,0
DA:203,0
DA:208,0
DA:209,0
DA:210,0
DA:212,0
DA:214,0
DA:215,0
DA:216,0
DA:220,0
DA:221,0
DA:222,0
DA:225,0
DA:226,0
DA:229,0
DA:231,0
DA:234,0
DA:235,0
DA:236,0
DA:237,0
DA:246,0
DA:248,0
DA:254,0
DA:256,0
DA:262,0
DA:264,0
DA:275,0
DA:281,0
DA:283,0
DA:284,0
DA:289,0
DA:290,0
DA:291,0
DA:293,0
DA:295,0
DA:296,0
DA:299,0
DA:300,0
DA:304,0
DA:306,0
DA:314,0
DA:321,0
DA:323,0
DA:325,0
DA:327,0
DA:329,0
DA:330,0
DA:331,0
DA:333,0
DA:334,0
DA:335,0
DA:338,0
DA:339,0
DA:342,0
DA:343,0
DA:344,0
DA:347,0
DA:348,0
DA:349,0
DA:350,0
DA:356,0
DA:359,0
DA:360,0
DA:362,0
DA:363,0
DA:364,0
DA:365,0
DA:366,0
DA:367,0
DA:373,0
DA:374,0
DA:376,0
DA:381,0
DA:383,0
DA:398,0
DA:399,0
DA:400,0
DA:401,0
DA:407,0
DA:418,0
DA:423,0
DA:424,0
DA:426,0
DA:428,0
DA:430,0
DA:431,0
DA:432,0
DA:439,0
DA:441,0
DA:449,0
DA:450,0
DA:451,0
DA:452,0
DA:453,0
DA:460,0
DA:461,0
DA:463,0
DA:465,0
DA:466,0
DA:473,0
DA:479,0
DA:484,0
DA:485,0
DA:487,0
DA:489,0
DA:491,0
DA:492,0
DA:493,0
DA:496,0
DA:498,0
DA:506,0
DA:507,0
DA:515,0
DA:521,0
DA:524,0
DA:527,0
DA:528,0
DA:529,0
DA:531,0
DA:533,0
DA:534,0
DA:535,0
DA:536,0
DA:537,0
DA:538,0
DA:544,0
DA:545,0
DA:546,0
DA:547,0
DA:553,0
DA:554,0
DA:556,0
DA:558,0
DA:566,0
DA:567,0
DA:569,0
DA:584,0
DA:585,0
DA:586,0
DA:588,0
DA:590,0
DA:592,0
DA:593,0
DA:594,0
DA:597,0
DA:599,0
DA:607,0
DA:608,0
DA:616,0
DA:622,0
DA:625,0
DA:628,0
DA:629,0
DA:630,0
DA:632,0
DA:633,0
DA:634,0
DA:637,0
DA:638,0
DA:639,0
DA:641,0
DA:642,0
DA:643,0
DA:649,0
DA:650,0
DA:652,0
DA:653,0
DA:654,0
DA:655,0
DA:661,0
DA:662,0
DA:663,0
DA:669,0
DA:670,0
DA:671,0
DA:672,0
DA:683,0
DA:688,0
DA:689,0
DA:691,0
DA:693,0
DA:695,0
DA:696,0
DA:697,0
DA:700,0
DA:702,0
DA:710,0
DA:717,0
DA:724,0
DA:737,0
DA:744,0
DA:745,0
DA:746,0
DA:748,0
DA:752,0
DA:753,0
DA:755,0
DA:756,0
DA:757,0
DA:765,0
DA:770,0
DA:771,0
DA:773,0
DA:775,0
DA:776,0
DA:781,0
DA:782,0
DA:783,0
DA:785,0
DA:787,0
DA:788,0
DA:789,0
DA:793,0
DA:795,0
DA:796,0
DA:797,0
DA:798,0
DA:803,0
DA:809,0
DA:821,0
DA:823,0
DA:831,0
DA:833,0
DA:843,0
DA:848,0
DA:849,0
DA:851,0
DA:853,0
DA:854,0
DA:859,0
DA:860,0
DA:861,0
DA:863,0
DA:865,0
DA:866,0
DA:867,0
DA:871,0
DA:873,0
DA:874,0
DA:875,0
DA:878,0
DA:880,0
DA:888,0
DA:890,0
DA:895,0
DA:897,0
DA:898,0
DA:899,0
DA:903,0
DA:904,0
LF:289
LH:1
end_of_record
SF:lib\shared\providers\user_type_provider.dart
DA:7,0
DA:8,0
DA:9,0
DA:13,0
DA:14,0
DA:15,0
DA:19,0
DA:20,0
DA:21,0
DA:25,0
DA:26,0
DA:27,0
DA:31,0
DA:32,0
DA:34,0
DA:36,0
DA:38,0
DA:44,0
DA:45,0
DA:47,0
DA:48,0
DA:53,0
DA:54,0
DA:59,0
DA:60,0
DA:69,0
DA:70,0
DA:73,0
DA:74,0
DA:75,0
DA:92,0
DA:94,0
DA:95,0
DA:96,0
DA:108,0
DA:121,0
DA:122,0
DA:123,0
DA:124,0
DA:130,0
DA:131,0
DA:132,0
DA:138,0
DA:144,0
DA:150,0
DA:156,0
DA:162,0
DA:167,0
DA:176,0
DA:179,0
DA:180,0
DA:186,0
DA:192,0
DA:198,0
DA:204,0
DA:210,0
LF:56
LH:0
end_of_record
SF:lib\features\profile\screens\accessibility_settings_screen.dart
DA:11,2
DA:13,0
DA:15,0
DA:16,0
DA:17,0
DA:18,0
DA:20,0
DA:22,0
DA:23,0
DA:24,0
DA:25,0
DA:26,0
DA:27,0
DA:29,0
DA:31,0
DA:33,0
DA:34,0
DA:56,2
DA:58,0
DA:60,0
DA:61,0
DA:62,0
DA:63,0
DA:64,0
DA:69,0
DA:70,0
DA:71,0
DA:73,0
DA:75,0
DA:76,0
DA:79,0
DA:80,0
DA:83,0
DA:84,0
DA:87,0
DA:88,0
DA:95,0
DA:97,0
DA:98,0
LF:39
LH:2
end_of_record
SF:lib\features\profile\screens\account_settings_screen.dart
DA:10,2
DA:12,0
DA:14,0
DA:15,0
DA:16,0
DA:18,0
DA:19,0
DA:21,0
DA:22,0
DA:24,0
DA:26,0
DA:28,0
DA:29,0
DA:32,0
DA:34,0
DA:36,0
DA:38,0
DA:46,0
DA:51,0
DA:59,0
DA:64,0
DA:72,0
DA:77,0
DA:78,0
DA:80,0
DA:87,0
DA:97,0
DA:98,0
DA:100,0
DA:102,0
DA:103,0
DA:105,0
DA:106,0
DA:107,0
DA:110,0
DA:111,0
DA:114,0
DA:116,0
DA:117,0
DA:118,0
DA:119,0
DA:125,0
DA:128,0
DA:129,0
DA:131,0
DA:132,0
DA:134,0
DA:140,0
DA:142,0
DA:143,0
DA:149,0
DA:157,0
DA:162,0
DA:163,0
DA:165,0
DA:167,0
DA:168,0
DA:173,0
DA:174,0
DA:175,0
DA:177,0
DA:179,0
DA:180,0
DA:181,0
DA:185,0
DA:187,0
DA:188,0
DA:189,0
DA:190,0
DA:195,0
DA:201,0
DA:213,0
DA:215,0
DA:223,0
DA:225,0
DA:235,0
DA:236,0
DA:237,0
DA:239,0
DA:241,0
DA:242,0
DA:247,0
DA:248,0
DA:249,0
DA:251,0
DA:253,0
DA:254,0
DA:255,0
DA:259,0
DA:261,0
DA:262,0
DA:263,0
DA:266,0
DA:268,0
DA:276,0
DA:278,0
DA:283,0
DA:285,0
DA:286,0
DA:287,0
DA:291,0
DA:292,0
LF:102
LH:1
end_of_record
SF:lib\features\profile\screens\app_settings_screen.dart
DA:10,2
DA:12,0
DA:14,0
DA:15,0
DA:16,0
DA:18,0
DA:19,0
DA:21,0
DA:22,0
DA:24,0
DA:26,0
DA:28,0
DA:29,0
DA:32,0
DA:34,0
DA:36,0
DA:38,0
DA:46,0
DA:51,0
DA:59,0
DA:64,0
DA:72,0
DA:77,0
DA:78,0
DA:80,0
DA:87,0
DA:97,0
DA:98,0
DA:100,0
DA:102,0
DA:103,0
DA:105,0
DA:106,0
DA:107,0
DA:110,0
DA:111,0
DA:114,0
DA:116,0
DA:117,0
DA:118,0
DA:119,0
DA:125,0
DA:128,0
DA:129,0
DA:131,0
DA:132,0
DA:134,0
DA:140,0
DA:142,0
DA:143,0
DA:149,0
DA:157,0
DA:162,0
DA:163,0
DA:165,0
DA:167,0
DA:168,0
DA:173,0
DA:174,0
DA:175,0
DA:177,0
DA:179,0
DA:180,0
DA:181,0
DA:185,0
DA:187,0
DA:188,0
DA:189,0
DA:190,0
DA:195,0
DA:201,0
DA:213,0
DA:215,0
DA:223,0
DA:225,0
DA:235,0
DA:236,0
DA:237,0
DA:239,0
DA:241,0
DA:242,0
DA:247,0
DA:248,0
DA:249,0
DA:251,0
DA:253,0
DA:254,0
DA:255,0
DA:259,0
DA:261,0
DA:262,0
DA:263,0
DA:266,0
DA:268,0
DA:276,0
DA:278,0
DA:283,0
DA:285,0
DA:286,0
DA:287,0
DA:291,0
DA:292,0
LF:102
LH:1
end_of_record
SF:lib\features\profile\screens\contact_support_screen.dart
DA:9,2
DA:11,0
DA:13,0
DA:14,0
DA:15,0
DA:17,0
DA:18,0
DA:20,0
DA:21,0
DA:23,0
DA:25,0
DA:27,0
DA:28,0
DA:31,0
DA:33,0
DA:35,0
DA:37,0
DA:40,0
DA:41,0
DA:46,0
DA:49,0
DA:52,0
DA:54,0
DA:56,0
DA:57,0
DA:58,0
DA:61,0
DA:62,0
DA:63,0
DA:69,0
DA:71,0
DA:72,0
DA:73,0
DA:74,0
DA:77,0
DA:78,0
DA:81,0
DA:83,0
DA:84,0
DA:88,0
DA:89,0
DA:90,0
DA:91,0
DA:92,0
DA:106,0
DA:107,0
DA:109,0
DA:110,0
DA:112,0
DA:121,0
DA:123,0
DA:136,0
DA:137,0
DA:138,0
DA:139,0
DA:141,0
DA:144,0
DA:146,0
DA:147,0
DA:150,0
DA:151,0
DA:153,0
DA:155,0
DA:156,0
DA:157,0
DA:158,0
DA:165,0
DA:166,0
DA:167,0
DA:169,0
DA:175,0
DA:177,0
DA:189,0
DA:190,0
DA:192,0
DA:195,0
DA:197,0
DA:198,0
DA:201,0
DA:202,0
DA:204,0
DA:206,0
DA:207,0
DA:208,0
DA:209,0
DA:216,0
DA:217,0
DA:218,0
DA:220,0
DA:226,0
DA:228,0
DA:247,0
DA:249,0
DA:250,0
DA:255,0
DA:258,0
DA:261,0
DA:263,0
DA:265,0
DA:266,0
DA:271,0
DA:274,0
DA:278,0
DA:280,0
DA:289,0
DA:292,0
DA:294,0
DA:295,0
DA:298,0
DA:299,0
DA:301,0
DA:302,0
DA:303,0
DA:309,0
DA:311,0
DA:312,0
DA:313,0
DA:314,0
DA:317,0
DA:318,0
DA:321,0
DA:325,0
DA:328,0
DA:329,0
DA:330,0
DA:333,0
DA:346,0
DA:347,0
DA:349,0
DA:350,0
DA:352,0
DA:361,0
DA:363,0
DA:376,0
DA:379,0
DA:380,0
DA:383,0
DA:387,0
DA:390,0
DA:391,0
DA:392,0
DA:395,0
DA:401,0
DA:402,0
DA:403,0
DA:406,0
DA:407,0
DA:425,0
DA:428,0
DA:430,0
DA:431,0
DA:434,0
DA:435,0
DA:437,0
DA:438,0
DA:439,0
DA:445,0
DA:447,0
DA:448,0
DA:449,0
DA:450,0
DA:453,0
DA:454,0
DA:457,0
DA:461,0
DA:464,0
DA:465,0
DA:466,0
DA:469,0
DA:482,0
DA:483,0
DA:485,0
DA:486,0
DA:488,0
DA:497,0
DA:499,0
DA:512,0
DA:515,0
DA:516,0
DA:519,0
DA:523,0
DA:526,0
DA:527,0
DA:528,0
DA:531,0
DA:537,0
DA:538,0
DA:539,0
DA:542,0
DA:543,0
DA:561,0
DA:564,0
DA:566,0
DA:567,0
DA:570,0
DA:571,0
DA:573,0
DA:574,0
DA:575,0
DA:581,0
DA:583,0
DA:584,0
DA:585,0
DA:586,0
DA:589,0
DA:590,0
DA:593,0
DA:595,0
DA:596,0
DA:600,0
DA:601,0
DA:602,0
DA:603,0
DA:604,0
DA:618,0
DA:620,0
DA:629,0
DA:630,0
DA:641,0
DA:647,0
DA:650,0
DA:653,0
DA:654,0
DA:655,0
DA:656,0
DA:659,0
DA:660,0
DA:663,0
DA:665,0
DA:666,0
DA:668,0
DA:673,0
DA:685,0
DA:686,0
DA:689,0
DA:690,0
DA:691,0
DA:694,0
DA:696,0
DA:697,0
DA:700,0
DA:701,0
DA:704,0
DA:706,0
DA:709,0
DA:721,0
DA:722,0
DA:723,0
DA:726,0
DA:727,0
DA:728,0
DA:729,0
DA:736,0
DA:739,0
DA:740,0
DA:750,0
DA:751,0
DA:754,0
DA:755,0
DA:756,0
DA:759,0
DA:761,0
DA:762,0
DA:765,0
DA:766,0
DA:769,0
DA:771,0
DA:774,0
DA:790,0
DA:791,0
DA:792,0
LF:271
LH:1
end_of_record
SF:lib\features\profile\screens\device_settings_screen.dart
DA:10,2
DA:12,0
DA:14,0
DA:15,0
DA:16,0
DA:18,0
DA:19,0
DA:21,0
DA:22,0
DA:24,0
DA:26,0
DA:28,0
DA:29,0
DA:32,0
DA:34,0
DA:36,0
DA:38,0
DA:46,0
DA:51,0
DA:59,0
DA:64,0
DA:72,0
DA:77,0
DA:78,0
DA:80,0
DA:87,0
DA:97,0
DA:98,0
DA:100,0
DA:102,0
DA:103,0
DA:105,0
DA:106,0
DA:107,0
DA:110,0
DA:111,0
DA:114,0
DA:116,0
DA:117,0
DA:118,0
DA:119,0
DA:125,0
DA:128,0
DA:129,0
DA:131,0
DA:132,0
DA:134,0
DA:140,0
DA:142,0
DA:143,0
DA:149,0
DA:157,0
DA:162,0
DA:163,0
DA:165,0
DA:167,0
DA:168,0
DA:173,0
DA:174,0
DA:175,0
DA:177,0
DA:179,0
DA:180,0
DA:181,0
DA:185,0
DA:187,0
DA:188,0
DA:189,0
DA:190,0
DA:195,0
DA:201,0
DA:213,0
DA:215,0
DA:223,0
DA:225,0
DA:235,0
DA:236,0
DA:237,0
DA:239,0
DA:241,0
DA:242,0
DA:247,0
DA:248,0
DA:249,0
DA:251,0
DA:253,0
DA:254,0
DA:255,0
DA:259,0
DA:261,0
DA:262,0
DA:263,0
DA:266,0
DA:268,0
DA:276,0
DA:278,0
DA:283,0
DA:285,0
DA:286,0
DA:287,0
DA:291,0
DA:292,0
LF:102
LH:1
end_of_record
SF:lib\features\profile\screens\help_faq_screen.dart
DA:9,2
DA:11,0
DA:12,0
DA:127,0
DA:129,0
DA:130,0
DA:133,0
DA:135,0
DA:136,0
DA:137,0
DA:139,0
DA:141,0
DA:142,0
DA:144,0
DA:145,0
DA:147,0
DA:149,0
DA:151,0
DA:152,0
DA:155,0
DA:156,0
DA:158,0
DA:161,0
DA:164,0
DA:166,0
DA:167,0
DA:168,0
DA:175,0
DA:176,0
DA:178,0
DA:179,0
DA:180,0
DA:181,0
DA:182,0
DA:188,0
DA:189,0
DA:190,0
DA:191,0
DA:192,0
DA:193,0
DA:196,0
DA:198,0
DA:199,0
DA:200,0
DA:203,0
DA:204,0
DA:205,0
DA:206,0
DA:207,0
DA:208,0
DA:209,0
DA:212,0
DA:215,0
DA:216,0
DA:217,0
DA:220,0
DA:221,0
DA:224,0
DA:225,0
DA:226,0
DA:229,0
DA:230,0
DA:233,0
DA:234,0
DA:240,0
DA:241,0
DA:247,0
DA:252,0
DA:255,0
DA:258,0
DA:259,0
DA:260,0
DA:261,0
DA:263,0
DA:265,0
DA:266,0
DA:267,0
DA:268,0
DA:271,0
DA:272,0
DA:276,0
DA:279,0
DA:282,0
DA:283,0
DA:284,0
DA:292,0
DA:293,0
DA:294,0
DA:295,0
DA:296,0
DA:300,0
DA:303,0
DA:304,0
DA:305,0
DA:306,0
DA:310,0
DA:311,0
DA:312,0
DA:313,0
DA:314,0
DA:333,0
DA:339,0
DA:341,0
DA:342,0
DA:343,0
DA:344,0
DA:349,0
DA:355,0
DA:357,0
DA:359,0
DA:360,0
DA:363,0
DA:364,0
DA:365,0
DA:366,0
DA:367,0
DA:369,0
DA:370,0
DA:371,0
DA:375,0
DA:376,0
DA:377,0
DA:382,0
DA:383,0
DA:384,0
DA:385,0
DA:389,0
DA:390,0
DA:392,0
DA:395,0
DA:396,0
DA:402,0
DA:404,0
DA:405,0
DA:406,0
DA:407,0
DA:413,0
DA:417,0
DA:418,0
DA:419,0
DA:424,0
DA:425,0
DA:426,0
DA:428,0
DA:430,0
DA:431,0
DA:432,0
DA:439,0
DA:449,0
DA:450,0
DA:451,0
DA:453,0
DA:456,0
DA:458,0
DA:464,0
DA:466,0
DA:470,0
DA:471,0
DA:472,0
DA:473,0
DA:474,0
DA:475,0
DA:476,0
DA:481,0
DA:485,0
DA:486,0
DA:495,0
DA:496,0
DA:499,0
DA:502,0
DA:503,0
DA:507,0
DA:509,0
DA:510,0
DA:511,0
DA:512,0
DA:513,0
DA:515,0
DA:516,0
DA:517,0
DA:518,0
DA:524,0
DA:526,0
DA:528,0
DA:530,0
DA:532,0
DA:534,0
DA:541,0
DA:543,0
DA:545,0
DA:547,0
DA:549,0
DA:551,0
LF:193
LH:1
end_of_record
SF:lib\features\profile\screens\messages_screen.dart
DA:9,2
DA:11,0
DA:13,0
DA:14,0
DA:15,0
DA:16,0
DA:18,0
DA:19,0
DA:21,0
DA:23,0
DA:25,0
DA:26,0
DA:29,0
DA:31,0
DA:32,0
DA:36,0
DA:37,0
DA:39,0
DA:41,0
DA:44,0
DA:45,0
DA:47,0
DA:49,0
LF:23
LH:1
end_of_record
SF:lib\features\profile\screens\notifications_screen.dart
DA:10,2
DA:12,0
DA:14,0
DA:27,0
DA:29,0
DA:30,0
DA:31,0
DA:33,0
DA:34,0
DA:36,0
DA:37,0
DA:39,0
DA:41,0
DA:43,0
DA:44,0
DA:46,0
DA:47,0
DA:48,0
DA:49,0
DA:51,0
DA:61,0
DA:63,0
DA:65,0
DA:67,0
DA:74,0
DA:82,0
DA:83,0
DA:87,0
DA:95,0
DA:96,0
DA:100,0
DA:108,0
DA:109,0
DA:115,0
DA:117,0
DA:125,0
DA:126,0
DA:130,0
DA:138,0
DA:139,0
DA:143,0
DA:151,0
DA:152,0
DA:159,0
DA:166,0
DA:174,0
DA:175,0
DA:181,0
DA:188,0
DA:196,0
DA:201,0
DA:209,0
DA:216,0
DA:217,0
DA:219,0
DA:226,0
DA:232,0
DA:234,0
DA:235,0
DA:240,0
DA:241,0
DA:242,0
DA:244,0
DA:246,0
DA:247,0
DA:250,0
DA:251,0
DA:255,0
DA:257,0
DA:265,0
DA:278,0
DA:280,0
DA:281,0
DA:283,0
DA:285,0
DA:286,0
DA:287,0
DA:289,0
DA:290,0
DA:291,0
DA:294,0
DA:295,0
DA:298,0
DA:300,0
DA:301,0
DA:302,0
DA:303,0
DA:309,0
DA:312,0
DA:313,0
DA:315,0
DA:316,0
DA:317,0
DA:318,0
DA:320,0
DA:326,0
DA:328,0
DA:333,0
DA:335,0
DA:350,0
DA:352,0
DA:353,0
DA:359,0
DA:366,0
DA:378,0
DA:380,0
DA:381,0
DA:383,0
DA:385,0
DA:386,0
DA:388,0
DA:390,0
DA:391,0
DA:393,0
DA:394,0
DA:395,0
DA:398,0
DA:399,0
DA:402,0
DA:404,0
DA:405,0
DA:406,0
DA:407,0
DA:413,0
DA:416,0
DA:417,0
DA:419,0
DA:420,0
DA:421,0
DA:422,0
DA:424,0
DA:430,0
DA:432,0
DA:437,0
DA:439,0
DA:454,0
DA:456,0
DA:457,0
DA:463,0
DA:471,0
DA:476,0
DA:477,0
DA:479,0
DA:481,0
DA:482,0
DA:487,0
DA:488,0
DA:489,0
DA:491,0
DA:493,0
DA:494,0
DA:495,0
DA:499,0
DA:501,0
DA:502,0
DA:503,0
DA:504,0
DA:509,0
DA:515,0
DA:527,0
DA:529,0
DA:537,0
DA:539,0
DA:549,0
DA:554,0
DA:555,0
DA:557,0
DA:559,0
DA:560,0
DA:565,0
DA:566,0
DA:567,0
DA:569,0
DA:571,0
DA:572,0
DA:573,0
DA:577,0
DA:579,0
DA:580,0
DA:581,0
DA:584,0
DA:586,0
DA:594,0
DA:596,0
DA:601,0
DA:603,0
DA:604,0
DA:605,0
DA:609,0
DA:610,0
DA:625,0
DA:626,0
DA:627,0
DA:628,0
DA:632,0
DA:635,0
DA:637,0
DA:639,0
DA:642,0
DA:643,0
DA:644,0
DA:645,0
DA:653,0
DA:654,0
DA:665,0
DA:666,0
DA:667,0
DA:670,0
DA:671,0
DA:672,0
DA:673,0
DA:687,0
DA:688,0
DA:689,0
DA:690,0
DA:694,0
DA:697,0
DA:699,0
DA:701,0
DA:702,0
DA:707,0
DA:709,0
DA:714,0
DA:716,0
DA:721,0
DA:725,0
DA:726,0
DA:727,0
DA:730,0
DA:731,0
DA:732,0
DA:733,0
DA:747,0
DA:748,0
DA:751,0
DA:764,0
DA:765,0
DA:766,0
DA:769,0
DA:770,0
DA:771,0
DA:772,0
DA:774,0
DA:785,0
DA:786,0
DA:790,0
DA:792,0
DA:794,0
DA:801,0
DA:803,0
DA:804,0
DA:805,0
DA:810,0
DA:811,0
LF:254
LH:1
end_of_record
SF:lib\features\profile\screens\ota_upgrade_screen.dart
DA:10,2
DA:12,0
DA:13,0
DA:29,0
DA:31,0
DA:32,0
DA:35,0
DA:37,0
DA:38,0
DA:39,0
DA:41,0
DA:42,0
DA:44,0
DA:45,0
DA:47,0
DA:49,0
DA:51,0
DA:52,0
DA:54,0
DA:55,0
DA:56,0
DA:57,0
DA:59,0
DA:69,0
DA:71,0
DA:73,0
DA:75,0
DA:79,0
DA:80,0
DA:81,0
DA:84,0
DA:85,0
DA:86,0
DA:89,0
DA:90,0
DA:93,0
DA:94,0
DA:97,0
DA:98,0
DA:101,0
DA:102,0
DA:104,0
DA:111,0
DA:116,0
DA:117,0
DA:119,0
DA:121,0
DA:122,0
DA:127,0
DA:128,0
DA:129,0
DA:131,0
DA:133,0
DA:134,0
DA:135,0
DA:139,0
DA:140,0
DA:141,0
DA:142,0
DA:143,0
DA:146,0
DA:147,0
DA:150,0
DA:152,0
DA:155,0
DA:156,0
DA:157,0
DA:158,0
DA:159,0
DA:173,0
DA:174,0
DA:176,0
DA:177,0
DA:179,0
DA:186,0
DA:187,0
DA:188,0
DA:199,0
DA:200,0
DA:203,0
DA:205,0
DA:218,0
DA:223,0
DA:224,0
DA:226,0
DA:228,0
DA:229,0
DA:234,0
DA:235,0
DA:236,0
DA:238,0
DA:240,0
DA:241,0
DA:242,0
DA:246,0
DA:248,0
DA:249,0
DA:250,0
DA:251,0
DA:254,0
DA:263,0
DA:264,0
DA:265,0
DA:268,0
DA:281,0
DA:282,0
DA:284,0
DA:285,0
DA:287,0
DA:294,0
DA:295,0
DA:296,0
DA:307,0
DA:308,0
DA:309,0
DA:314,0
DA:315,0
DA:318,0
DA:319,0
DA:320,0
DA:333,0
DA:338,0
DA:339,0
DA:341,0
DA:343,0
DA:345,0
DA:346,0
DA:347,0
DA:348,0
DA:349,0
DA:354,0
DA:355,0
DA:356,0
DA:364,0
DA:365,0
DA:366,0
DA:370,0
DA:371,0
DA:372,0
DA:377,0
DA:379,0
DA:381,0
DA:382,0
DA:392,0
DA:397,0
DA:399,0
DA:400,0
DA:402,0
DA:404,0
DA:406,0
DA:407,0
DA:408,0
DA:411,0
DA:413,0
DA:421,0
DA:422,0
DA:424,0
DA:426,0
DA:427,0
DA:431,0
DA:435,0
DA:436,0
DA:442,0
DA:444,0
DA:445,0
DA:448,0
DA:452,0
DA:453,0
DA:458,0
DA:459,0
DA:461,0
DA:462,0
DA:463,0
DA:465,0
DA:466,0
DA:469,0
DA:471,0
DA:477,0
DA:480,0
DA:485,0
DA:487,0
DA:488,0
DA:489,0
DA:493,0
DA:494,0
DA:516,0
DA:521,0
DA:522,0
DA:524,0
DA:526,0
DA:528,0
DA:529,0
DA:530,0
DA:533,0
DA:535,0
DA:543,0
DA:544,0
DA:545,0
DA:546,0
DA:549,0
DA:551,0
DA:559,0
DA:560,0
DA:561,0
DA:569,0
DA:575,0
DA:578,0
DA:581,0
DA:582,0
DA:583,0
DA:585,0
DA:586,0
DA:587,0
DA:590,0
DA:591,0
DA:592,0
DA:601,0
DA:602,0
DA:604,0
DA:605,0
DA:606,0
DA:607,0
DA:613,0
DA:614,0
DA:615,0
DA:616,0
DA:628,0
DA:633,0
DA:634,0
DA:636,0
DA:638,0
DA:640,0
DA:641,0
DA:642,0
DA:649,0
DA:651,0
DA:659,0
DA:660,0
DA:661,0
DA:662,0
DA:663,0
DA:670,0
DA:671,0
DA:673,0
DA:675,0
DA:676,0
DA:683,0
DA:689,0
DA:694,0
DA:695,0
DA:697,0
DA:699,0
DA:700,0
DA:705,0
DA:706,0
DA:707,0
DA:709,0
DA:711,0
DA:712,0
DA:713,0
DA:717,0
DA:719,0
DA:720,0
DA:721,0
DA:722,0
DA:727,0
DA:733,0
DA:745,0
DA:747,0
DA:755,0
DA:757,0
DA:767,0
DA:772,0
DA:773,0
DA:775,0
DA:777,0
DA:778,0
DA:783,0
DA:784,0
DA:785,0
DA:787,0
DA:789,0
DA:790,0
DA:791,0
DA:795,0
DA:797,0
DA:798,0
DA:799,0
DA:802,0
DA:804,0
DA:812,0
DA:814,0
DA:819,0
DA:821,0
DA:822,0
DA:823,0
DA:827,0
DA:828,0
DA:843,0
DA:844,0
DA:845,0
DA:846,0
DA:847,0
DA:851,0
DA:852,0
DA:856,0
DA:858,0
DA:860,0
DA:861,0
DA:862,0
DA:863,0
DA:864,0
DA:867,0
DA:874,0
DA:876,0
DA:877,0
DA:878,0
DA:883,0
DA:884,0
DA:889,0
DA:890,0
DA:894,0
DA:895,0
DA:896,0
DA:897,0
DA:900,0
DA:901,0
DA:902,0
DA:903,0
DA:907,0
DA:908,0
DA:909,0
DA:910,0
DA:913,0
DA:915,0
DA:916,0
DA:917,0
DA:918,0
DA:922,0
DA:923,0
DA:924,0
DA:927,0
DA:934,0
DA:936,0
DA:937,0
DA:938,0
DA:941,0
DA:942,0
DA:943,0
LF:349
LH:1
end_of_record
SF:lib\features\profile\screens\personal_info_screen.dart
DA:11,2
DA:13,0
DA:14,0
DA:28,0
DA:30,0
DA:31,0
DA:32,0
DA:33,0
DA:34,0
DA:35,0
DA:38,0
DA:40,0
DA:41,0
DA:42,0
DA:44,0
DA:45,0
DA:47,0
DA:48,0
DA:50,0
DA:52,0
DA:54,0
DA:55,0
DA:57,0
DA:58,0
DA:59,0
DA:60,0
DA:62,0
DA:72,0
DA:74,0
DA:75,0
DA:76,0
DA:78,0
DA:80,0
DA:84,0
DA:86,0
DA:87,0
DA:91,0
DA:92,0
DA:99,0
DA:100,0
DA:105,0
DA:106,0
DA:109,0
DA:111,0
DA:118,0
DA:119,0
DA:124,0
DA:125,0
DA:134,0
DA:136,0
DA:137,0
DA:142,0
DA:143,0
DA:146,0
DA:147,0
DA:154,0
DA:155,0
DA:160,0
DA:165,0
DA:166,0
DA:168,0
DA:169,0
DA:174,0
DA:175,0
DA:176,0
DA:177,0
DA:181,0
DA:182,0
DA:186,0
DA:212,0
DA:217,0
DA:219,0
DA:220,0
DA:221,0
DA:222,0
DA:223,0
DA:224,0
DA:227,0
DA:228,0
DA:232,0
DA:233,0
DA:234,0
DA:236,0
DA:237,0
DA:238,0
DA:239,0
DA:242,0
DA:248,0
DA:249,0
DA:255,0
DA:256,0
DA:259,0
DA:262,0
DA:264,0
DA:265,0
DA:266,0
DA:267,0
DA:283,0
DA:285,0
DA:291,0
DA:292,0
DA:295,0
DA:303,0
DA:309,0
DA:311,0
DA:312,0
DA:317,0
DA:318,0
DA:319,0
DA:321,0
DA:323,0
DA:324,0
DA:327,0
DA:328,0
DA:332,0
DA:334,0
DA:342,0
DA:347,0
DA:348,0
DA:350,0
DA:352,0
DA:353,0
DA:358,0
[...]
DA:677,0
DA:679,0
DA:680,0
DA:684,0
DA:686,0
DA:687,0
DA:690,0
DA:694,0
DA:695,0
DA:706,0
DA:711,0
DA:712,0
DA:714,0
DA:716,0
DA:717,0
DA:722,0
DA:723,0
DA:724,0
DA:726,0
DA:728,0
DA:729,0
DA:730,0
DA:734,0
DA:736,0
DA:737,0
DA:738,0
DA:739,0
DA:744,0
DA:750,0
DA:762,0
DA:764,0
DA:772,0
DA:774,0
DA:784,0
DA:789,0
DA:790,0
DA:792,0
DA:794,0
DA:795,0
DA:800,0
DA:801,0
DA:802,0
DA:804,0
DA:806,0
DA:807,0
DA:808,0
DA:812,0
DA:814,0
DA:815,0
DA:816,0
DA:819,0
DA:821,0
DA:829,0
DA:831,0
DA:836,0
DA:838,0
DA:839,0
DA:840,0
DA:844,0
DA:845,0
DA:860,0
DA:861,0
DA:862,0
DA:865,0
DA:866,0
DA:867,0
DA:868,0
DA:870,0
DA:875,0
DA:876,0
DA:877,0
DA:886,0
DA:894,0
DA:895,0
DA:899,0
DA:901,0
DA:903,0
DA:910,0
DA:912,0
DA:913,0
DA:914,0
DA:919,0
DA:920,0
LF:307
LH:1
end_of_record
SF:lib\features\profile\screens\reset_device_screen.dart
DA:10,2
DA:12,0
DA:13,0
DA:19,0
DA:21,0
DA:22,0
DA:23,0
DA:25,0
DA:26,0
DA:28,0
DA:29,0
DA:31,0
DA:33,0
DA:35,0
DA:36,0
DA:39,0
DA:41,0
DA:43,0
DA:45,0
DA:49,0
DA:53,0
DA:62,0
DA:68,0
DA:77,0
DA:84,0
DA:93,0
DA:100,0
DA:102,0
DA:106,0
DA:107,0
DA:109,0
DA:116,0
DA:117,0
DA:118,0
DA:120,0
DA:122,0
DA:123,0
DA:128,0
DA:129,0
DA:130,0
DA:132,0
DA:134,0
DA:135,0
DA:136,0
DA:140,0
DA:142,0
DA:143,0
DA:144,0
DA:151,0
DA:153,0
DA:161,0
DA:163,0
DA:173,0
DA:179,0
DA:181,0
DA:182,0
DA:187,0
DA:188,0
DA:189,0
DA:191,0
DA:193,0
DA:194,0
DA:197,0
DA:198,0
DA:202,0
DA:204,0
DA:212,0
DA:225,0
DA:227,0
DA:228,0
DA:230,0
DA:232,0
DA:233,0
DA:235,0
DA:237,0
DA:238,0
DA:240,0
DA:242,0
DA:243,0
DA:244,0
DA:245,0
DA:248,0
DA:249,0
DA:252,0
DA:254,0
DA:255,0
DA:256,0
DA:257,0
DA:263,0
DA:266,0
DA:267,0
DA:269,0
DA:270,0
DA:271,0
DA:272,0
DA:274,0
DA:283,0
DA:285,0
DA:290,0
DA:292,0
DA:307,0
DA:309,0
DA:310,0
DA:316,0
DA:320,0
DA:322,0
DA:323,0
DA:333,0
DA:338,0
DA:339,0
DA:341,0
DA:343,0
DA:345,0
DA:346,0
DA:347,0
DA:354,0
DA:356,0
DA:364,0
DA:365,0
DA:366,0
DA:367,0
DA:368,0
DA:375,0
DA:376,0
DA:378,0
DA:380,0
DA:381,0
DA:388,0
DA:394,0
DA:399,0
DA:400,0
DA:402,0
DA:404,0
DA:405,0
DA:410,0
DA:411,0
DA:412,0
DA:414,0
DA:416,0
DA:417,0
DA:418,0
DA:422,0
DA:424,0
DA:425,0
DA:426,0
DA:427,0
DA:432,0
DA:438,0
DA:450,0
DA:452,0
DA:460,0
DA:462,0
DA:472,0
DA:477,0
DA:478,0
DA:480,0
DA:482,0
DA:483,0
DA:488,0
DA:489,0
DA:490,0
DA:492,0
DA:494,0
DA:495,0
DA:496,0
DA:500,0
DA:502,0
DA:503,0
DA:504,0
DA:507,0
DA:509,0
DA:517,0
DA:519,0
DA:524,0
DA:526,0
DA:527,0
DA:528,0
DA:532,0
DA:533,0
DA:548,0
DA:549,0
DA:552,0
DA:557,0
DA:558,0
DA:559,0
DA:562,0
DA:563,0
DA:564,0
DA:565,0
DA:567,0
DA:578,0
DA:579,0
DA:580,0
DA:581,0
DA:585,0
DA:588,0
DA:593,0
DA:594,0
DA:595,0
DA:598,0
DA:599,0
DA:600,0
DA:601,0
DA:603,0
DA:614,0
DA:615,0
DA:616,0
DA:617,0
DA:621,0
DA:624,0
DA:629,0
DA:630,0
DA:631,0
DA:634,0
DA:635,0
DA:636,0
DA:637,0
DA:639,0
DA:650,0
DA:651,0
DA:654,0
DA:667,0
DA:668,0
DA:669,0
DA:672,0
DA:673,0
DA:674,0
DA:675,0
DA:677,0
DA:688,0
DA:692,0
DA:694,0
DA:696,0
DA:703,0
DA:705,0
DA:706,0
DA:707,0
DA:712,0
DA:717,0
DA:721,0
DA:723,0
DA:725,0
DA:732,0
DA:734,0
DA:735,0
DA:736,0
DA:741,0
DA:746,0
DA:750,0
DA:752,0
DA:754,0
DA:761,0
DA:763,0
DA:764,0
DA:765,0
DA:770,0
LF:256
LH:1
end_of_record
SF:lib\features\profile\screens\security_settings_screen.dart
DA:11,2
DA:13,0
DA:15,0
DA:31,0
DA:33,0
DA:34,0
DA:35,0
DA:36,0
DA:39,0
DA:41,0
DA:42,0
DA:43,0
DA:45,0
DA:46,0
DA:48,0
DA:49,0
DA:51,0
DA:53,0
DA:55,0
DA:56,0
DA:59,0
DA:61,0
DA:63,0
DA:65,0
DA:73,0
DA:78,0
DA:86,0
DA:87,0
DA:88,0
DA:90,0
DA:91,0
DA:98,0
DA:106,0
DA:107,0
DA:108,0
DA:110,0
DA:111,0
DA:118,0
DA:126,0
DA:131,0
DA:132,0
DA:134,0
DA:141,0
DA:152,0
DA:153,0
DA:155,0
DA:157,0
DA:158,0
DA:160,0
DA:161,0
DA:162,0
DA:165,0
DA:166,0
DA:169,0
DA:171,0
DA:172,0
DA:173,0
DA:174,0
DA:180,0
DA:183,0
DA:184,0
DA:186,0
DA:187,0
DA:189,0
DA:195,0
DA:197,0
DA:198,0
DA:205,0
DA:207,0
DA:215,0
DA:220,0
DA:221,0
DA:223,0
DA:225,0
DA:226,0
DA:231,0
DA:232,0
DA:233,0
DA:235,0
DA:237,0
DA:238,0
DA:239,0
DA:243,0
DA:245,0
DA:246,0
DA:247,0
DA:248,0
DA:253,0
DA:259,0
DA:271,0
DA:273,0
DA:281,0
DA:283,0
DA:293,0
DA:298,0
DA:299,0
DA:301,0
DA:303,0
DA:304,0
DA:309,0
DA:310,0
DA:311,0
DA:313,0
DA:315,0
DA:316,0
DA:317,0
DA:321,0
DA:323,0
DA:324,0
DA:325,0
DA:328,0
DA:330,0
DA:338,0
DA:340,0
DA:345,0
DA:347,0
DA:348,0
DA:349,0
DA:353,0
DA:354,0
DA:369,0
DA:370,0
DA:371,0
DA:372,0
DA:376,0
DA:379,0
DA:381,0
DA:382,0
DA:383,0
DA:385,0
DA:386,0
DA:387,0
DA:391,0
DA:392,0
DA:393,0
DA:394,0
DA:399,0
DA:400,0
DA:403,0
DA:404,0
DA:411,0
DA:412,0
DA:416,0
DA:417,0
DA:418,0
DA:419,0
DA:424,0
DA:425,0
DA:428,0
DA:429,0
DA:432,0
DA:439,0
DA:440,0
DA:444,0
DA:445,0
DA:446,0
DA:447,0
DA:452,0
DA:453,0
DA:456,0
DA:457,0
DA:460,0
DA:469,0
DA:470,0
DA:471,0
DA:474,0
DA:475,0
DA:477,0
DA:490,0
DA:491,0
DA:492,0
DA:493,0
DA:497,0
DA:500,0
DA:502,0
DA:504,0
DA:512,0
DA:515,0
DA:516,0
DA:517,0
DA:518,0
DA:523,0
DA:524,0
DA:525,0
DA:533,0
DA:534,0
DA:535,0
DA:536,0
DA:540,0
DA:543,0
DA:545,0
DA:547,0
DA:555,0
DA:558,0
DA:559,0
DA:560,0
DA:561,0
DA:566,0
DA:567,0
DA:568,0
DA:576,0
DA:577,0
DA:578,0
DA:579,0
DA:583,0
DA:586,0
DA:588,0
DA:590,0
DA:592,0
DA:593,0
DA:599,0
DA:605,0
DA:614,0
DA:615,0
DA:616,0
DA:624,0
DA:630,0
DA:631,0
DA:635,0
DA:636,0
DA:639,0
DA:641,0
DA:643,0
DA:654,0
DA:655,0
DA:658,0
DA:671,0
DA:672,0
DA:673,0
DA:676,0
DA:677,0
DA:678,0
DA:679,0
DA:681,0
DA:692,0
DA:693,0
DA:695,0
DA:699,0
DA:701,0
DA:703,0
DA:710,0
DA:712,0
DA:714,0
DA:715,0
DA:716,0
DA:721,0
DA:722,0
LF:247
LH:1
end_of_record
SF:lib\features\profile\screens\support_screen.dart
DA:10,2
DA:12,0
DA:14,0
DA:15,0
DA:16,0
DA:18,0
DA:19,0
DA:21,0
DA:22,0
DA:24,0
DA:26,0
DA:28,0
DA:29,0
DA:32,0
DA:34,0
DA:36,0
DA:38,0
DA:46,0
DA:51,0
DA:59,0
DA:64,0
DA:72,0
DA:77,0
DA:78,0
DA:80,0
DA:87,0
DA:97,0
DA:98,0
DA:100,0
DA:102,0
DA:103,0
DA:105,0
DA:106,0
DA:107,0
DA:110,0
DA:111,0
DA:114,0
DA:116,0
DA:117,0
DA:118,0
DA:119,0
DA:125,0
DA:128,0
DA:129,0
DA:131,0
DA:132,0
DA:134,0
DA:140,0
DA:142,0
DA:143,0
DA:149,0
DA:157,0
DA:162,0
DA:163,0
DA:165,0
DA:167,0
DA:168,0
DA:173,0
DA:174,0
DA:175,0
DA:177,0
DA:179,0
DA:180,0
DA:181,0
DA:185,0
DA:187,0
DA:188,0
DA:189,0
DA:190,0
DA:195,0
DA:201,0
DA:213,0
DA:215,0
DA:223,0
DA:225,0
DA:235,0
DA:236,0
DA:237,0
DA:239,0
DA:241,0
DA:242,0
DA:247,0
DA:248,0
DA:249,0
DA:251,0
DA:253,0
DA:254,0
DA:255,0
DA:259,0
DA:261,0
DA:262,0
DA:263,0
DA:266,0
DA:268,0
DA:276,0
DA:278,0
DA:283,0
DA:285,0
DA:286,0
DA:287,0
DA:291,0
DA:292,0
LF:102
LH:1
end_of_record
SF:lib\features\profile\screens\upgrade_screen.dart
DA:11,2
DA:13,0
DA:14,0
DA:21,0
DA:23,0
DA:24,0
DA:25,0
DA:27,0
DA:28,0
DA:30,0
DA:31,0
DA:33,0
DA:35,0
DA:37,0
DA:38,0
DA:41,0
DA:43,0
DA:45,0
DA:47,0
DA:51,0
DA:55,0
DA:59,0
DA:63,0
DA:70,0
DA:71,0
DA:73,0
DA:74,0
DA:79,0
DA:80,0
DA:81,0
DA:83,0
DA:85,0
DA:86,0
DA:89,0
DA:90,0
DA:94,0
DA:95,0
DA:97,0
DA:99,0
DA:105,0
DA:106,0
DA:107,0
DA:108,0
DA:133,0
DA:135,0
DA:144,0
DA:146,0
DA:156,0
DA:157,0
DA:158,0
DA:160,0
DA:162,0
DA:164,0
DA:165,0
DA:167,0
DA:169,0
DA:172,0
DA:173,0
DA:174,0
DA:175,0
DA:179,0
DA:180,0
DA:184,0
DA:185,0
DA:189,0
DA:190,0
DA:196,0
DA:197,0
DA:200,0
DA:201,0
DA:202,0
DA:203,0
DA:205,0
DA:206,0
DA:207,0
DA:209,0
DA:211,0
DA:212,0
DA:225,0
DA:230,0
DA:231,0
DA:233,0
DA:235,0
DA:237,0
DA:238,0
DA:240,0
DA:242,0
DA:245,0
DA:246,0
DA:248,0
DA:250,0
DA:251,0
DA:254,0
DA:255,0
DA:256,0
DA:258,0
DA:260,0
DA:261,0
DA:267,0
DA:268,0
DA:270,0
DA:271,0
DA:272,0
DA:273,0
DA:274,0
DA:277,0
DA:278,0
DA:279,0
DA:280,0
DA:295,0
DA:296,0
DA:297,0
DA:298,0
DA:299,0
DA:304,0
DA:305,0
DA:306,0
DA:307,0
DA:308,0
DA:313,0
DA:314,0
DA:315,0
DA:317,0
DA:319,0
DA:320,0
DA:323,0
DA:324,0
DA:327,0
DA:328,0
DA:331,0
DA:332,0
DA:339,0
DA:341,0
DA:342,0
DA:344,0
DA:346,0
DA:348,0
DA:349,0
DA:350,0
DA:352,0
DA:358,0
DA:359,0
DA:360,0
DA:363,0
DA:376,0
DA:377,0
DA:379,0
DA:380,0
DA:382,0
DA:389,0
DA:391,0
DA:406,0
DA:407,0
DA:408,0
DA:409,0
DA:421,0
DA:422,0
DA:439,0
DA:441,0
DA:442,0
DA:445,0
DA:446,0
DA:452,0
DA:453,0
DA:457,0
DA:458,0
DA:477,0
DA:478,0
DA:481,0
DA:482,0
DA:488,0
DA:494,0
DA:500,0
DA:506,0
DA:512,0
DA:520,0
DA:524,0
DA:525,0
DA:526,0
DA:528,0
DA:530,0
DA:531,0
DA:536,0
DA:537,0
DA:539,0
DA:541,0
DA:543,0
DA:545,0
DA:558,0
DA:559,0
DA:560,0
DA:562,0
DA:563,0
DA:564,0
DA:573,0
DA:574,0
DA:576,0
DA:577,0
DA:579,0
DA:585,0
DA:587,0
DA:588,0
DA:589,0
DA:596,0
DA:597,0
DA:599,0
DA:600,0
DA:601,0
DA:610,0
DA:611,0
DA:613,0
DA:614,0
DA:616,0
DA:617,0
DA:622,0
DA:624,0
DA:625,0
DA:630,0
DA:634,0
DA:635,0
DA:638,0
DA:639,0
DA:641,0
DA:642,0
DA:649,0
DA:650,0
DA:652,0
DA:654,0
DA:655,0
DA:658,0
DA:661,0
DA:662,0
DA:666,0
DA:667,0
DA:670,0
DA:680,0
DA:681,0
DA:682,0
DA:684,0
DA:686,0
DA:687,0
DA:698,0
DA:699,0
DA:700,0
DA:701,0
DA:707,0
DA:710,0
DA:711,0
DA:712,0
DA:715,0
DA:716,0
DA:723,0
DA:725,0
DA:732,0
DA:733,0
DA:738,0
DA:739,0
DA:740,0
DA:753,0
DA:754,0
DA:755,0
DA:756,0
DA:762,0
DA:770,0
DA:771,0
DA:772,0
DA:775,0
DA:776,0
DA:783,0
DA:785,0
DA:792,0
DA:793,0
DA:798,0
DA:799,0
DA:800,0
DA:818,0
DA:819,0
DA:821,0
DA:822,0
DA:823,0
DA:828,0
DA:829,0
DA:836,0
DA:839,0
DA:840,0
DA:842,0
DA:843,0
DA:844,0
DA:848,0
DA:853,0
DA:854,0
DA:860,0
DA:862,0
DA:863,0
DA:874,0
DA:875,0
DA:876,0
DA:878,0
DA:879,0
DA:880,0
DA:895,0
DA:896,0
DA:897,0
DA:898,0
DA:902,0
DA:905,0
DA:906,0
DA:909,0
DA:910,0
DA:913,0
DA:914,0
DA:919,0
DA:920,0
DA:929,0
DA:930,0
DA:932,0
DA:933,0
DA:934,0
DA:949,0
DA:950,0
DA:951,0
DA:952,0
DA:956,0
DA:965,0
DA:966,0
DA:967,0
DA:970,0
DA:971,0
DA:988,0
DA:989,0
DA:992,0
DA:993,0
DA:994,0
DA:1029,0
DA:1031,0
DA:1033,0
DA:1035,0
DA:1037,0
DA:1039,0
DA:1041,0
DA:1043,0
DA:1050,0
DA:1052,0
DA:1054,0
DA:1056,0
DA:1058,0
DA:1060,0
DA:1062,0
DA:1069,0
DA:1070,0
DA:1074,0
DA:1077,0
DA:1079,0
DA:1082,0
DA:1090,0
DA:1092,0
DA:1094,0
DA:1095,0
DA:1096,0
DA:1101,0
DA:1102,0
DA:1116,0
DA:1125,0
DA:1127,0
DA:1128,0
DA:1129,0
DA:1131,0
DA:1132,0
DA:1133,0
DA:1134,0
DA:1135,0
DA:1139,0
DA:1140,0
DA:1141,0
DA:1142,0
DA:1144,0
DA:1146,0
DA:1157,0
DA:1158,0
DA:1159,0
DA:1160,0
DA:1161,0
DA:1165,0
DA:1166,0
DA:1167,0
DA:1168,0
DA:1169,0
DA:1174,0
DA:1175,0
DA:1176,0
DA:1177,0
DA:1195,0
DA:1203,0
DA:1205,0
DA:1207,0
DA:1209,0
DA:1211,0
DA:1212,0
DA:1214,0
DA:1215,0
DA:1216,0
DA:1219,0
DA:1220,0
DA:1221,0
DA:1227,0
DA:1228,0
DA:1229,0
DA:1231,0
DA:1233,0
DA:1238,0
DA:1239,0
DA:1241,0
DA:1242,0
DA:1243,0
DA:1250,0
DA:1251,0
DA:1253,0
DA:1254,0
DA:1255,0
DA:1256,0
DA:1257,0
DA:1261,0
DA:1262,0
DA:1264,0
DA:1266,0
LF:425
LH:1
end_of_record
SF:lib\features\watch\screens\health_watch_screen.dart
DA:11,2
DA:13,0
DA:14,0
DA:33,0
DA:35,0
DA:36,0
DA:40,0
DA:45,0
DA:46,0
DA:48,0
DA:49,0
DA:52,0
DA:53,0
DA:56,0
DA:57,0
DA:59,0
DA:63,0
DA:64,0
DA:67,0
DA:70,0
DA:71,0
DA:82,0
DA:84,0
DA:85,0
DA:86,0
DA:87,0
DA:90,0
DA:91,0
DA:92,0
DA:94,0
DA:98,0
DA:99,0
DA:100,0
DA:103,0
DA:106,0
DA:108,0
DA:109,0
DA:110,0
DA:111,0
DA:114,0
DA:115,0
DA:118,0
DA:121,0
DA:128,0
DA:129,0
DA:130,0
DA:131,0
DA:134,0
DA:137,0
DA:140,0
DA:147,0
DA:149,0
DA:150,0
DA:151,0
DA:152,0
DA:154,0
DA:156,0
DA:157,0
DA:158,0
DA:160,0
DA:161,0
DA:164,0
DA:165,0
DA:167,0
DA:169,0
DA:171,0
DA:175,0
DA:176,0
DA:181,0
DA:182,0
DA:185,0
DA:186,0
DA:189,0
DA:198,0
DA:203,0
DA:205,0
DA:206,0
DA:210,0
DA:211,0
DA:212,0
DA:214,0
DA:215,0
DA:216,0
DA:217,0
DA:220,0
DA:226,0
DA:227,0
DA:229,0
DA:230,0
DA:231,0
DA:232,0
DA:233,0
DA:234,0
DA:237,0
DA:238,0
DA:239,0
DA:241,0
DA:242,0
DA:253,0
DA:254,0
DA:255,0
DA:262,0
DA:263,0
DA:266,0
DA:267,0
DA:272,0
DA:274,0
DA:276,0
DA:277,0
DA:279,0
DA:282,0
DA:284,0
DA:295,0
DA:296,0
DA:297,0
DA:298,0
DA:300,0
DA:308,0
DA:310,0
DA:311,0
DA:319,0
DA:324,0
DA:325,0
DA:327,0
DA:329,0
DA:331,0
DA:332,0
DA:333,0
DA:340,0
DA:342,0
DA:349,0
DA:350,0
DA:351,0
DA:352,0
DA:353,0
DA:354,0
DA:356,0
DA:364,0
DA:365,0
DA:367,0
DA:369,0
DA:370,0
DA:371,0
DA:380,0
DA:385,0
DA:386,0
DA:388,0
DA:390,0
DA:392,0
DA:393,0
DA:394,0
DA:401,0
DA:403,0
DA:410,0
DA:412,0
DA:414,0
DA:416,0
DA:419,0
DA:421,0
DA:425,0
DA:428,0
DA:432,0
DA:434,0
DA:435,0
DA:446,0
DA:451,0
DA:452,0
DA:454,0
DA:456,0
DA:458,0
DA:459,0
DA:460,0
DA:467,0
DA:469,0
DA:476,0
DA:481,0
DA:486,0
DA:491,0
DA:496,0
DA:507,0
DA:508,0
DA:510,0
DA:511,0
DA:512,0
DA:515,0
DA:516,0
DA:517,0
DA:519,0
DA:522,0
DA:523,0
DA:525,0
DA:526,0
DA:530,0
DA:542,0
DA:547,0
DA:548,0
DA:550,0
DA:552,0
DA:554,0
DA:555,0
DA:556,0
DA:563,0
DA:565,0
DA:572,0
DA:576,0
DA:580,0
DA:584,0
DA:594,0
DA:595,0
DA:597,0
DA:599,0
DA:600,0
DA:602,0
DA:603,0
LF:214
LH:1
end_of_record
SF:lib\firebase_options.dart
DA:18,0
DA:22,0
DA:23,0
DA:25,0
DA:27,0
DA:29,0
DA:31,0
DA:32,0
DA:37,0
LF:9
LH:0
end_of_record
SF:lib\main.dart
DA:15,0
DA:16,0
DA:19,0
DA:20,0
DA:24,0
DA:25,0
DA:27,0
DA:31,0
DA:35,2
DA:37,0
DA:39,0
DA:40,0
DA:41,0
DA:42,0
DA:44,0
DA:63,0
DA:64,0
LF:17
LH:1
end_of_record
SF:lib\shared\providers\language_provider.dart
DA:6,0
DA:7,0
DA:15,0
DA:16,0
DA:20,0
DA:22,0
DA:23,0
DA:24,0
DA:25,0
DA:28,0
DA:33,0
DA:35,0
DA:36,0
DA:37,0
DA:38,0
DA:41,0
DA:46,0
DA:47,0
DA:48,0
DA:50,0
DA:52,0
DA:60,0
DA:61,0
DA:62,0
DA:64,0
DA:66,0
DA:74,0
DA:75,0
DA:76,0
DA:77,0
LF:30
LH:0
end_of_record
SF:lib\shared\providers\theme_provider.dart
DA:6,0
DA:7,0
DA:11,0
DA:12,0
DA:19,0
DA:20,0
DA:24,0
DA:26,0
DA:27,0
DA:28,0
DA:31,0
DA:36,0
DA:37,0
DA:38,0
DA:42,0
DA:44,0
DA:45,0
DA:46,0
DA:49,0
DA:54,0
DA:55,0
DA:56,0
DA:58,0
DA:60,0
DA:72,0
DA:73,0
DA:77,0
DA:79,0
DA:80,0
DA:81,0
DA:84,0
DA:89,0
DA:90,0
DA:91,0
DA:95,0
DA:97,0
DA:98,0
DA:99,0
DA:102,0
DA:107,0
DA:110,0
DA:111,0
DA:116,0
DA:117,0
DA:121,0
DA:122,0
DA:124,0
DA:125,0
DA:126,0
LF:49
LH:0
end_of_record
SF:lib\shared\widgets\cards\health_index.dart
DA:13,2
DA:15,0
DA:16,0
DA:22,0
DA:24,0
DA:25,0
DA:26,0
DA:28,0
DA:30,0
DA:31,0
DA:33,0
DA:37,0
DA:38,0
DA:41,0
DA:44,0
DA:52,0
DA:54,0
DA:55,0
DA:58,0
DA:60,0
DA:61,0
DA:62,0
DA:63,0
DA:65,0
DA:66,0
DA:67,0
DA:68,0
DA:70,0
DA:71,0
DA:72,0
DA:73,0
DA:74,0
DA:75,0
DA:77,0
DA:81,0
DA:82,0
DA:85,0
DA:86,0
DA:87,0
DA:89,0
DA:91,0
DA:93,0
DA:95,0
DA:97,0
DA:109,0
DA:111,0
DA:113,0
DA:114,0
DA:115,0
DA:117,0
DA:118,0
DA:123,0
DA:124,0
DA:125,0
DA:127,0
DA:129,0
DA:130,0
DA:133,0
DA:134,0
DA:137,0
DA:138,0
DA:141,0
DA:142,0
DA:149,0
DA:151,0
DA:152,0
DA:159,0
DA:161,0
DA:162,0
DA:163,0
DA:164,0
DA:167,0
DA:169,0
DA:170,0
DA:171,0
DA:174,0
DA:176,0
DA:178,0
DA:180,0
DA:190,0
DA:193,0
DA:195,0
DA:197,0
DA:199,0
DA:200,0
DA:204,0
DA:206,0
DA:207,0
DA:216,0
DA:219,0
DA:220,0
DA:221,0
DA:224,0
DA:225,0
DA:229,0
DA:233,0
DA:235,0
DA:236,0
DA:269,0
DA:271,0
DA:275,0
DA:276,0
DA:277,0
DA:278,0
DA:279,0
DA:280,0
DA:281,0
DA:288,0
DA:289,0
DA:290,0
DA:291,0
DA:292,0
DA:298,0
DA:306,2
DA:307,0
DA:309,0
DA:311,0
DA:313,0
DA:314,0
DA:315,0
DA:318,0
DA:319,0
DA:320,0
DA:322,0
DA:323,0
DA:324,0
DA:325,0
DA:326,0
DA:334,0
DA:335,0
DA:336,0
DA:337,0
DA:338,0
DA:352,0
DA:354,0
DA:355,0
DA:357,0
DA:358,0
DA:359,0
DA:366,0
DA:367,0
DA:368,0
DA:370,0
DA:378,0
DA:380,0
DA:381,0
DA:382,0
DA:383,0
DA:389,0
DA:390,0
DA:391,0
DA:399,0
DA:406,0
DA:411,0
DA:412,0
DA:414,0
DA:415,0
DA:416,0
DA:417,0
DA:419,0
DA:421,0
DA:424,0
DA:426,0
DA:428,0
DA:432,0
DA:439,0
DA:441,0
DA:442,0
DA:443,0
DA:444,0
DA:446,0
DA:447,0
DA:448,0
DA:450,0
DA:451,0
DA:452,0
DA:454,0
DA:455,0
DA:456,0
DA:460,0
DA:462,0
DA:463,0
DA:464,0
DA:465,0
DA:467,0
DA:468,0
DA:469,0
DA:471,0
DA:472,0
DA:473,0
DA:475,0
DA:476,0
DA:477,0
DA:479,0
DA:480,0
DA:481,0
DA:483,0
DA:484,0
DA:485,0
DA:495,0
DA:497,0
DA:498,0
DA:500,0
DA:501,0
DA:502,0
DA:509,0
DA:511,0
DA:513,0
DA:521,0
DA:523,0
DA:524,0
DA:526,0
DA:532,0
DA:534,0
DA:542,0
DA:549,0
DA:554,0
DA:555,0
DA:557,0
DA:558,0
DA:559,0
DA:560,0
DA:562,0
DA:564,0
DA:567,0
DA:569,0
DA:571,0
DA:575,0
DA:582,0
DA:584,0
DA:585,0
DA:586,0
DA:587,0
DA:589,0
DA:590,0
DA:591,0
DA:593,0
DA:594,0
DA:595,0
DA:597,0
DA:598,0
DA:599,0
DA:603,0
DA:605,0
DA:606,0
DA:607,0
DA:608,0
DA:610,0
DA:611,0
DA:612,0
DA:614,0
DA:615,0
DA:616,0
DA:618,0
DA:619,0
DA:620,0
DA:622,0
DA:623,0
DA:624,0
DA:626,0
DA:627,0
DA:628,0
LF:262
LH:2
end_of_record
SF:lib\shared\widgets\cards\health_index_reevaluate.dart
DA:14,2
DA:16,0
DA:18,0
DA:35,0
DA:37,0
DA:38,0
DA:39,0
DA:41,0
DA:43,0
DA:44,0
DA:46,0
DA:50,0
DA:51,0
DA:54,0
DA:57,0
DA:65,0
DA:67,0
DA:68,0
DA:71,0
DA:73,0
DA:74,0
DA:75,0
DA:76,0
DA:78,0
DA:80,0
DA:81,0
DA:82,0
DA:83,0
DA:84,0
DA:86,0
DA:88,0
DA:89,0
DA:90,0
DA:91,0
DA:92,0
DA:93,0
DA:95,0
DA:99,0
DA:100,0
DA:103,0
DA:104,0
DA:105,0
DA:107,0
DA:109,0
DA:110,0
DA:112,0
DA:118,0
DA:119,0
DA:121,0
DA:122,0
DA:124,0
DA:126,0
DA:132,0
DA:134,0
DA:135,0
DA:138,0
DA:144,0
DA:146,0
DA:151,0
DA:152,0
DA:158,0
DA:160,0
DA:165,0
DA:166,0
DA:167,0
DA:168,0
DA:169,0
DA:170,0
DA:174,0
DA:175,0
DA:176,0
DA:179,0
DA:180,0
DA:181,0
DA:182,0
DA:186,0
DA:187,0
DA:188,0
DA:194,0
DA:196,0
DA:201,0
DA:202,0
DA:208,0
DA:210,0
DA:215,0
DA:216,0
DA:221,0
DA:223,0
DA:224,0
DA:227,0
DA:228,0
DA:230,0
DA:235,0
DA:253,0
DA:255,0
DA:257,0
DA:258,0
DA:259,0
DA:261,0
DA:262,0
DA:267,0
DA:268,0
DA:269,0
DA:271,0
DA:273,0
DA:274,0
DA:277,0
DA:278,0
DA:281,0
DA:282,0
DA:285,0
DA:286,0
DA:293,0
DA:295,0
DA:296,0
LF:115
LH:1
end_of_record
SF:lib\shared\widgets\cards\healthy_habits.dart
DA:13,2
DA:15,0
DA:17,0
DA:32,0
DA:34,0
DA:35,0
DA:36,0
DA:38,0
DA:40,0
DA:41,0
DA:43,0
DA:47,0
DA:48,0
DA:51,0
DA:54,0
DA:62,0
DA:64,0
DA:65,0
DA:66,0
DA:69,0
DA:71,0
DA:72,0
DA:73,0
DA:74,0
DA:76,0
DA:77,0
DA:78,0
DA:79,0
DA:80,0
DA:81,0
DA:83,0
DA:85,0
DA:86,0
DA:87,0
DA:88,0
DA:89,0
DA:90,0
DA:92,0
DA:96,0
DA:97,0
DA:100,0
DA:101,0
DA:103,0
DA:105,0
DA:107,0
DA:108,0
DA:109,0
DA:110,0
DA:113,0
DA:115,0
DA:116,0
DA:117,0
DA:122,0
DA:123,0
DA:126,0
DA:127,0
DA:129,0
DA:130,0
DA:131,0
DA:132,0
DA:133,0
DA:138,0
DA:140,0
DA:141,0
DA:142,0
DA:156,0
DA:157,0
DA:159,0
DA:160,0
DA:161,0
DA:168,0
DA:170,0
DA:178,0
DA:179,0
DA:180,0
DA:181,0
DA:182,0
DA:183,0
DA:184,0
DA:185,0
DA:187,0
DA:191,0
DA:192,0
DA:193,0
DA:204,0
DA:205,0
DA:207,0
DA:208,0
DA:210,0
DA:211,0
DA:213,0
DA:218,0
DA:220,0
DA:225,0
DA:226,0
DA:227,0
DA:229,0
DA:230,0
DA:239,0
DA:241,0
DA:242,0
DA:245,0
DA:246,0
DA:248,0
DA:253,0
DA:254,0
DA:255,0
DA:256,0
DA:257,0
DA:261,0
DA:280,0
DA:282,0
DA:284,0
DA:285,0
DA:286,0
DA:288,0
DA:289,0
DA:294,0
DA:295,0
DA:296,0
DA:298,0
DA:300,0
DA:301,0
DA:304,0
DA:305,0
DA:308,0
DA:309,0
DA:312,0
DA:313,0
DA:320,0
DA:322,0
DA:323,0
LF:132
LH:1
end_of_record
SF:lib\shared\widgets\misc\main_screen.dart
DA:11,0
DA:13,0
DA:14,0
DA:18,0
DA:19,0
DA:20,0
DA:22,0
DA:26,0
DA:28,0
DA:29,0
DA:30,0
DA:31,0
DA:38,0
DA:39,0
DA:40,0
DA:41,0
DA:42,0
DA:46,0
DA:48,0
DA:49,0
DA:50,0
DA:52,0
DA:53,0
DA:54,0
DA:56,0
DA:58,0
LF:26
LH:0
end_of_record
SF:lib\shared\models\ecg_analysis_result.dart
DA:10,0
DA:20,0
DA:21,0
DA:22,0
DA:23,0
DA:24,0
DA:25,0
DA:26,0
DA:27,0
DA:32,0
DA:33,0
DA:34,0
DA:35,0
DA:36,0
DA:37,0
DA:38,0
DA:39,0
DA:44,0
DA:47,0
DA:50,0
DA:53,0
DA:54,0
DA:55,0
DA:60,0
DA:68,0
DA:69,0
DA:70,0
DA:71,0
DA:72,0
DA:73,0
DA:74,0
DA:78,0
DA:80,0
LF:33
LH:0
end_of_record
SF:lib\shared\models\health_metrics.dart
DA:10,0
LF:1
LH:0
end_of_record
SF:lib\shared\services\ecg_analysis_service.dart
DA:7,0
DA:8,0
DA:9,0
DA:16,0
DA:17,0
DA:21,0
DA:24,0
DA:25,0
DA:29,0
DA:31,0
DA:36,0
DA:37,0
DA:38,0
DA:43,0
DA:46,0
DA:49,0
DA:52,0
DA:55,0
DA:56,0
DA:63,0
DA:65,0
DA:68,0
DA:71,0
DA:77,0
DA:78,0
DA:80,0
DA:81,0
DA:82,0
DA:84,0
DA:88,0
DA:91,0
DA:93,0
DA:94,0
DA:95,0
DA:96,0
DA:97,0
DA:98,0
DA:105,0
DA:106,0
DA:108,0
DA:109,0
DA:110,0
DA:111,0
DA:118,0
DA:120,0
DA:121,0
DA:122,0
DA:124,0
DA:125,0
DA:127,0
DA:130,0
DA:131,0
DA:134,0
DA:137,0
DA:143,0
DA:147,0
DA:149,0
DA:150,0
DA:151,0
DA:152,0
DA:155,0
DA:156,0
DA:157,0
DA:158,0
DA:164,0
DA:169,0
DA:171,0
DA:173,0
DA:174,0
DA:176,0
DA:179,0
DA:183,0
DA:186,0
DA:187,0
LF:74
LH:0
end_of_record
SF:lib\shared\widgets\navigation\floating_bottom_nav_bar.dart
DA:10,0
DA:17,0
DA:19,0
DA:20,0
DA:21,0
DA:22,0
DA:24,0
DA:26,0
DA:28,0
DA:31,0
DA:33,0
DA:36,0
DA:38,0
DA:41,0
DA:46,0
DA:48,0
DA:50,0
DA:53,0
DA:54,0
DA:56,0
DA:58,0
DA:59,0
DA:60,0
DA:67,0
DA:69,0
DA:70,0
DA:71,0
DA:72,0
DA:75,0
DA:76,0
DA:77,0
DA:78,0
DA:91,0
DA:100,0
DA:103,0
DA:105,0
DA:106,0
DA:109,0
DA:110,0
DA:115,0
DA:116,0
DA:120,0
DA:124,0
DA:126,0
DA:128,0
DA:129,0
DA:130,0
DA:131,0
DA:133,0
DA:144,0
DA:145,0
DA:146,0
DA:168,0
LF:53
LH:0
end_of_record
