SF:lib\services\auth_service.dart
DA:27,0
DA:29,0
DA:32,0
DA:34,0
DA:35,0
DA:36,0
DA:37,0
DA:39,0
DA:42,0
DA:47,0
DA:48,0
DA:51,0
DA:53,0
DA:54,0
DA:58,0
DA:65,0
DA:70,0
DA:77,0
DA:78,0
DA:80,0
DA:81,0
DA:87,0
DA:88,0
DA:89,0
DA:90,0
DA:97,0
DA:99,0
DA:106,0
DA:107,0
DA:108,0
DA:115,0
DA:119,0
DA:120,0
DA:121,0
DA:123,0
DA:124,0
DA:127,0
DA:132,0
DA:135,0
DA:136,0
DA:137,0
DA:142,0
DA:146,0
DA:147,0
LF:44
LH:0
end_of_record
SF:lib\providers\habits_provider.dart
DA:5,1
DA:6,2
DA:7,1
DA:8,1
DA:9,1
DA:10,1
DA:13,1
DA:14,2
DA:15,4
DA:16,1
DA:17,7
DA:19,2
DA:23,1
DA:24,4
DA:28,0
DA:29,0
LF:16
LH:14
end_of_record
SF:lib\core\theme\app_theme.dart
DA:12,37
DA:13,37
DA:15,37
DA:32,37
DA:37,74
DA:47,37
DA:48,37
DA:49,37
DA:52,37
DA:55,37
DA:58,74
DA:65,37
DA:68,37
DA:70,74
DA:73,74
DA:76,74
DA:82,37
DA:83,37
DA:85,37
DA:102,37
DA:107,74
DA:117,37
DA:118,37
DA:119,37
DA:122,37
DA:125,37
DA:128,74
DA:135,37
DA:138,37
DA:140,74
DA:143,74
DA:146,74
DA:152,37
DA:157,37
DA:158,37
DA:159,37
DA:162,37
DA:164,37
DA:165,37
DA:169,37
DA:170,37
DA:174,37
DA:175,37
DA:179,37
DA:180,37
DA:184,37
DA:185,37
DA:189,37
DA:190,37
DA:194,37
DA:195,37
DA:199,37
DA:200,37
DA:204,37
DA:205,37
DA:210,37
DA:211,37
DA:216,37
DA:217,37
DA:222,37
DA:223,37
DA:227,37
DA:228,37
DA:232,37
DA:233,37
DA:241,37
DA:244,37
DA:245,37
DA:250,74
DA:251,37
DA:252,37
DA:261,37
DA:264,37
DA:265,37
DA:269,74
DA:270,37
DA:271,37
DA:280,37
DA:281,37
DA:282,37
DA:285,37
DA:286,37
DA:295,37
DA:296,37
DA:299,37
DA:300,37
DA:303,37
DA:304,37
DA:307,37
DA:308,37
DA:311,37
DA:312,37
DA:316,37
DA:317,37
DA:320,37
DA:321,37
LF:96
LH:96
end_of_record
SF:lib\providers\auth_provider.dart
DA:4,117
DA:7,27
DA:10,18
DA:19,59
DA:25,7
DA:26,7
DA:27,7
DA:28,7
DA:29,1
DA:38,14
DA:39,7
DA:42,7
DA:43,7
DA:44,21
DA:47,14
DA:48,14
DA:50,14
DA:52,21
DA:58,7
DA:61,2
DA:62,6
DA:65,4
DA:66,6
DA:67,2
DA:72,3
DA:77,1
DA:78,3
DA:81,2
DA:82,3
DA:88,3
LF:30
LH:30
end_of_record
SF:lib\router\router.dart
DA:33,111
DA:34,0
DA:37,0
DA:39,0
DA:42,0
DA:43,0
DA:47,0
DA:48,0
DA:51,0
DA:52,0
DA:53,0
DA:54,0
DA:55,0
DA:58,0
DA:59,0
DA:64,0
DA:65,0
DA:67,0
DA:70,0
DA:74,0
DA:77,0
DA:87,0
DA:88,0
DA:93,0
DA:94,0
DA:97,0
DA:98,0
DA:99,0
DA:100,0
DA:103,0
DA:111,0
DA:118,0
DA:124,0
DA:126,0
DA:127,0
DA:129,0
DA:131,0
DA:133,0
DA:135,0
DA:137,0
DA:139,0
DA:140,0
DA:142,0
DA:144,0
DA:146,0
DA:148,0
DA:150,0
DA:152,0
DA:154,0
DA:156,0
DA:157,0
DA:158,0
DA:159,0
DA:161,0
DA:163,0
DA:165,0
DA:166,0
DA:167,0
DA:169,0
DA:171,0
DA:173,0
DA:175,0
DA:177,0
DA:179,0
DA:181,0
DA:183,0
DA:185,0
DA:187,0
DA:189,0
DA:190,0
DA:191,0
DA:194,0
DA:200,0
DA:202,0
DA:204,0
DA:206,0
DA:208,0
DA:210,0
DA:211,0
DA:212,0
DA:215,0
LF:81
LH:1
end_of_record
SF:lib\models\habit.dart
DA:5,1
LF:1
LH:1
end_of_record
SF:lib\core\utils\validators.dart
DA:7,2
DA:8,4
DA:9,2
DA:13,4
DA:16,4
DA:17,2
DA:21,4
DA:22,2
DA:29,2
DA:30,2
DA:31,2
DA:35,4
DA:39,4
DA:40,2
DA:52,1
DA:53,2
DA:54,2
DA:57,1
DA:59,1
DA:60,2
DA:61,2
DA:63,1
DA:64,1
DA:67,1
DA:68,2
DA:72,2
DA:73,2
DA:77,2
DA:78,2
DA:85,1
DA:90,2
DA:91,4
DA:97,1
DA:98,2
DA:99,2
DA:102,3
DA:103,2
DA:107,1
DA:108,2
DA:109,2
LF:40
LH:40
end_of_record
SF:lib\features\auth\forgot_password_screen.dart
DA:10,50
DA:12,1
DA:14,1
DA:24,1
DA:26,2
DA:27,1
DA:30,0
DA:31,0
DA:32,0
DA:33,0
DA:34,0
DA:35,0
DA:37,0
DA:38,0
DA:39,0
DA:40,0
DA:44,0
DA:45,0
DA:48,1
DA:50,2
DA:51,1
DA:52,2
DA:53,1
DA:54,3
DA:55,1
DA:56,2
DA:57,1
DA:59,1
DA:60,2
DA:63,1
DA:64,1
DA:66,1
DA:68,1
DA:69,1
DA:70,2
DA:71,3
DA:75,1
DA:76,1
DA:77,1
DA:78,1
DA:79,1
DA:80,0
DA:82,0
DA:83,0
DA:84,0
DA:87,1
DA:88,0
DA:90,0
DA:91,0
DA:92,0
DA:95,1
DA:96,2
DA:97,1
DA:98,0
DA:99,0
DA:100,0
DA:102,0
DA:103,0
DA:105,0
DA:109,1
DA:110,1
DA:112,2
DA:113,1
DA:114,2
DA:115,2
DA:116,1
DA:124,1
DA:126,1
DA:127,1
DA:128,1
DA:129,2
DA:130,0
DA:134,1
DA:135,1
DA:136,2
DA:137,0
LF:76
LH:48
end_of_record
SF:lib\widgets\custom_button.dart
DA:19,9
DA:35,3
DA:43,3
DA:56,5
DA:64,5
DA:78,0
DA:86,0
DA:98,8
DA:101,8
DA:102,1
DA:104,9
DA:105,16
DA:107,8
DA:110,8
DA:111,8
DA:112,8
DA:113,8
DA:115,8
DA:116,5
DA:117,5
DA:128,5
DA:134,5
DA:135,5
DA:145,10
DA:147,5
DA:148,5
DA:149,5
DA:154,5
DA:156,5
DA:157,10
DA:160,5
DA:166,5
DA:171,5
DA:172,5
DA:173,5
DA:176,5
DA:181,5
DA:182,5
DA:183,10
DA:186,5
DA:191,8
DA:192,8
DA:193,16
DA:194,8
DA:195,0
DA:198,0
DA:200,0
DA:201,0
DA:207,8
DA:208,5
DA:210,5
DA:215,0
DA:216,0
DA:218,0
DA:219,0
DA:220,0
DA:229,0
DA:231,5
DA:232,10
DA:234,5
DA:236,5
DA:237,5
DA:238,20
DA:251,5
DA:253,5
DA:255,5
DA:256,5
DA:257,20
DA:278,0
DA:287,0
DA:288,0
DA:294,0
DA:295,0
DA:297,0
DA:298,0
DA:302,0
DA:305,0
DA:307,0
DA:308,0
DA:309,0
DA:315,0
DA:317,0
DA:318,0
DA:319,0
DA:320,0
DA:321,0
DA:322,0
DA:323,0
LF:88
LH:56
end_of_record
SF:lib\widgets\custom_text_field.dart
DA:32,5
DA:59,1
DA:69,1
DA:80,1
DA:81,1
DA:82,1
DA:88,1
DA:100,1
DA:115,0
DA:125,0
DA:141,0
DA:151,0
DA:166,5
DA:167,5
DA:173,5
DA:175,5
DA:176,16
DA:177,10
DA:178,0
DA:182,5
DA:184,10
DA:185,2
DA:187,5
DA:190,5
DA:192,5
DA:193,10
DA:194,5
DA:195,10
DA:197,5
DA:199,5
DA:201,5
DA:202,10
DA:203,3
DA:205,3
DA:207,3
DA:208,6
DA:209,6
DA:216,5
DA:217,5
DA:218,10
DA:219,10
DA:220,10
DA:221,10
DA:222,10
DA:223,10
DA:224,10
DA:225,10
DA:226,10
DA:227,10
DA:228,10
DA:229,10
DA:230,10
DA:231,10
DA:233,15
DA:234,10
DA:237,5
DA:238,10
DA:240,10
DA:241,2
DA:242,4
DA:250,10
DA:251,10
DA:252,10
DA:257,10
DA:263,5
DA:264,5
DA:265,5
DA:271,5
DA:272,5
DA:273,5
DA:279,5
DA:280,5
DA:281,5
DA:287,5
DA:288,5
DA:295,5
DA:296,5
DA:303,5
DA:304,5
DA:327,1
DA:340,1
DA:341,1
DA:347,0
DA:348,0
DA:349,0
DA:353,1
DA:355,1
DA:356,2
DA:357,2
DA:358,2
DA:360,1
DA:363,2
DA:364,1
DA:365,1
DA:366,1
DA:370,1
DA:372,2
DA:373,2
DA:374,0
DA:377,2
DA:378,2
DA:379,2
DA:380,2
DA:381,2
LF:104
LH:95
end_of_record
SF:lib\features\auth\login_screen.dart
DA:18,50
DA:20,1
DA:21,1
DA:37,1
DA:39,1
DA:40,4
DA:43,1
DA:45,2
DA:46,2
DA:47,2
DA:48,2
DA:49,1
DA:53,0
DA:54,0
DA:58,0
DA:59,0
DA:62,1
DA:64,1
DA:65,2
DA:66,1
DA:67,1
DA:69,1
DA:71,1
DA:73,1
DA:78,1
DA:83,1
DA:88,1
DA:97,1
DA:98,1
DA:99,1
DA:101,1
DA:102,3
DA:112,1
DA:113,2
DA:114,4
DA:125,1
DA:126,1
DA:127,1
DA:128,1
DA:129,1
DA:131,1
DA:132,1
DA:136,1
DA:138,1
DA:139,1
DA:140,1
DA:143,1
DA:144,1
DA:151,1
DA:152,1
DA:153,1
DA:154,4
DA:164,1
DA:165,2
DA:166,2
DA:167,1
DA:168,1
DA:169,2
DA:172,1
DA:175,1
DA:176,2
DA:177,2
DA:178,1
DA:179,1
DA:180,2
DA:183,1
DA:186,1
DA:188,1
DA:189,1
DA:190,1
DA:191,2
DA:193,1
DA:195,3
DA:205,1
DA:206,1
DA:207,1
DA:209,1
DA:210,2
DA:212,1
DA:214,1
DA:216,3
DA:220,3
DA:224,1
DA:225,3
DA:226,1
DA:227,3
DA:228,2
DA:231,1
DA:234,3
DA:236,1
DA:237,0
DA:238,0
DA:239,0
DA:240,0
DA:242,0
DA:243,0
DA:247,2
DA:248,1
DA:252,0
DA:253,0
DA:259,4
DA:262,1
DA:269,1
DA:270,2
DA:271,1
DA:278,1
DA:280,1
DA:281,1
DA:282,1
DA:288,0
DA:289,0
DA:294,0
DA:296,0
DA:297,0
DA:298,0
DA:300,0
DA:307,1
DA:308,1
DA:314,0
DA:315,0
DA:320,0
DA:322,0
DA:323,0
DA:324,0
DA:326,0
DA:339,1
DA:340,1
DA:341,1
DA:343,1
DA:345,1
DA:346,1
DA:347,1
DA:349,1
DA:350,1
DA:355,1
DA:356,1
DA:364,1
DA:366,0
DA:367,0
DA:370,0
DA:373,0
DA:374,0
DA:375,0
DA:376,0
DA:378,0
DA:382,0
DA:383,0
DA:384,0
DA:388,0
DA:389,0
DA:390,0
DA:393,0
DA:396,1
DA:398,1
DA:399,1
DA:405,1
DA:407,1
DA:408,2
DA:409,1
DA:411,3
DA:424,1
DA:425,1
DA:427,1
DA:428,1
DA:433,1
DA:434,1
DA:442,1
DA:444,0
DA:445,0
DA:448,0
DA:451,0
DA:452,0
DA:453,0
DA:454,0
DA:456,0
DA:460,0
DA:461,0
DA:462,0
DA:466,0
DA:467,0
DA:468,0
DA:471,0
DA:474,1
DA:476,1
DA:477,1
DA:483,1
DA:485,1
DA:486,2
DA:487,1
DA:489,3
DA:506,1
DA:508,1
DA:509,1
DA:510,1
DA:512,2
DA:514,0
DA:518,1
DA:519,1
DA:521,2
DA:523,0
LF:200
LH:142
end_of_record
SF:lib\features\auth\onboarding_screen.dart
DA:10,50
DA:12,1
DA:13,1
DA:78,0
DA:79,0
DA:80,0
DA:86,0
DA:87,0
DA:88,0
DA:89,0
DA:93,0
DA:94,0
DA:95,0
DA:102,1
DA:104,1
DA:105,1
DA:106,1
DA:107,1
DA:108,1
DA:109,1
DA:110,1
DA:111,1
DA:113,1
DA:116,1
DA:118,1
DA:120,1
DA:122,1
DA:123,1
DA:124,2
DA:125,1
DA:127,3
DA:134,5
DA:135,1
DA:136,0
DA:138,0
DA:139,0
DA:140,0
DA:141,0
DA:149,1
DA:151,1
DA:152,1
DA:153,2
DA:154,0
DA:156,4
DA:161,1
DA:163,1
DA:164,1
DA:166,2
DA:167,1
DA:169,2
DA:170,0
DA:171,1
DA:175,5
DA:176,1
DA:178,1
DA:179,1
DA:180,1
DA:184,0
DA:186,0
DA:187,0
DA:188,0
DA:197,1
DA:199,1
DA:200,2
DA:201,4
DA:206,1
DA:211,1
DA:213,1
DA:214,1
DA:216,1
DA:218,0
DA:222,1
DA:224,1
DA:232,1
DA:233,0
DA:268,1
DA:282,1
DA:284,1
DA:286,1
DA:287,1
DA:288,2
DA:290,2
DA:291,0
DA:292,1
DA:293,3
DA:294,2
DA:296,1
DA:297,1
DA:300,2
DA:302,1
DA:304,1
DA:305,1
DA:307,1
DA:308,2
DA:309,1
DA:310,3
DA:312,2
DA:317,0
DA:318,0
DA:321,0
DA:322,0
DA:323,0
DA:326,0
DA:328,1
DA:329,1
DA:330,2
DA:331,3
DA:337,1
DA:338,1
DA:339,2
DA:340,3
DA:341,3
DA:345,3
DA:347,0
DA:348,0
DA:349,0
DA:350,0
DA:356,0
DA:357,0
DA:359,0
DA:361,0
DA:363,0
DA:366,0
DA:367,0
DA:368,0
DA:372,0
DA:373,0
DA:374,0
DA:377,0
DA:380,0
DA:381,0
DA:383,0
DA:384,0
DA:393,0
DA:397,3
DA:399,1
DA:400,2
DA:401,3
DA:402,3
DA:418,1
DA:419,1
DA:421,1
DA:422,1
DA:426,1
DA:429,1
DA:430,2
DA:431,4
DA:433,1
DA:434,3
DA:447,1
DA:454,1
DA:456,1
DA:457,1
DA:459,1
DA:461,1
DA:462,1
DA:463,1
DA:464,1
DA:465,3
LF:159
LH:108
end_of_record
SF:lib\features\auth\register_screen.dart
DA:16,49
DA:18,0
DA:19,0
DA:41,0
DA:43,0
DA:44,0
DA:45,0
DA:47,0
DA:49,0
DA:50,0
DA:52,0
DA:56,0
DA:57,0
DA:60,0
DA:63,0
DA:71,0
DA:73,0
DA:74,0
DA:75,0
DA:76,0
DA:77,0
DA:78,0
DA:79,0
DA:80,0
DA:81,0
DA:82,0
DA:83,0
DA:84,0
DA:88,0
DA:89,0
DA:93,0
DA:94,0
DA:95,0
DA:99,0
DA:100,0
DA:101,0
DA:102,0
DA:103,0
DA:107,0
DA:109,0
DA:111,0
DA:112,0
DA:113,0
DA:114,0
DA:115,0
DA:116,0
DA:117,0
DA:118,0
DA:122,0
DA:124,0
DA:127,0
DA:128,0
DA:129,0
DA:132,0
DA:133,0
DA:134,0
DA:141,0
DA:142,0
DA:145,0
DA:147,0
DA:148,0
DA:149,0
DA:150,0
DA:151,0
DA:152,0
DA:154,0
DA:156,0
DA:158,0
DA:159,0
DA:162,0
DA:163,0
DA:165,0
DA:167,0
DA:169,0
DA:173,0
DA:178,0
DA:183,0
DA:192,0
DA:193,0
DA:194,0
DA:196,0
DA:197,0
DA:206,0
DA:207,0
DA:208,0
DA:219,0
DA:220,0
DA:221,0
DA:222,0
DA:223,0
DA:225,0
DA:226,0
DA:230,0
DA:232,0
DA:233,0
DA:234,0
DA:237,0
DA:238,0
DA:245,0
DA:246,0
DA:247,0
DA:248,0
DA:258,0
DA:259,0
DA:260,0
DA:261,0
DA:262,0
DA:263,0
DA:266,0
DA:269,0
DA:270,0
DA:271,0
DA:272,0
DA:273,0
DA:274,0
DA:277,0
DA:280,0
DA:281,0
DA:282,0
DA:283,0
DA:284,0
DA:285,0
DA:288,0
DA:291,0
DA:292,0
DA:293,0
DA:294,0
DA:295,0
DA:296,0
DA:299,0
DA:302,0
DA:303,0
DA:304,0
DA:305,0
DA:306,0
DA:307,0
DA:308,0
DA:309,0
DA:311,0
DA:312,0
DA:323,0
DA:324,0
DA:325,0
DA:327,0
DA:328,0
DA:329,0
DA:330,0
DA:337,0
DA:338,0
DA:339,0
DA:347,0
DA:348,0
DA:349,0
DA:351,0
DA:353,0
DA:355,0
DA:356,0
DA:357,0
DA:361,0
DA:362,0
DA:363,0
DA:364,0
DA:371,0
DA:372,0
DA:373,0
DA:381,0
DA:382,0
DA:383,0
DA:385,0
DA:395,0
DA:397,0
DA:398,0
DA:399,0
DA:400,0
DA:401,0
DA:405,0
DA:406,0
DA:407,0
DA:408,0
LF:179
LH:1
end_of_record
SF:lib\providers\voice_feedback_provider.dart
DA:3,56
LF:1
LH:1
end_of_record
SF:lib\features\auth\welcome_screen.dart
DA:12,49
DA:14,0
DA:16,0
DA:17,0
DA:18,0
DA:19,0
DA:21,0
DA:23,0
DA:25,0
DA:35,0
DA:37,0
DA:39,0
DA:43,0
DA:45,0
DA:50,0
DA:51,0
DA:72,0
DA:73,0
DA:74,0
DA:76,0
DA:77,0
DA:86,0
DA:87,0
DA:88,0
DA:97,0
DA:99,0
DA:101,0
LF:27
LH:1
end_of_record
SF:lib\widgets\accessibility_controls.dart
DA:12,99
DA:14,1
DA:16,1
DA:17,1
DA:18,1
DA:19,2
DA:21,1
DA:23,1
DA:25,1
DA:26,1
DA:27,1
DA:28,1
DA:29,1
DA:30,1
DA:36,1
DA:38,1
DA:39,1
DA:40,1
DA:41,3
DA:46,1
DA:48,1
DA:49,1
DA:50,3
DA:55,1
DA:57,1
DA:58,1
DA:59,3
DA:64,1
DA:66,1
DA:67,1
DA:68,3
DA:73,1
DA:82,1
DA:86,1
DA:88,1
DA:90,1
DA:91,0
DA:92,1
DA:94,1
DA:95,2
DA:96,1
DA:97,4
DA:99,1
DA:100,1
DA:101,1
DA:102,4
DA:106,1
DA:107,1
DA:108,4
DA:109,2
DA:112,1
DA:115,3
DA:123,0
DA:124,0
DA:126,0
DA:129,0
DA:130,0
DA:131,0
DA:134,0
DA:135,0
DA:136,0
DA:137,0
DA:140,0
DA:141,0
DA:143,0
DA:144,0
DA:145,0
DA:147,0
DA:150,0
DA:158,1
DA:162,1
DA:164,1
DA:165,2
DA:167,1
DA:168,1
DA:169,1
DA:170,1
DA:171,1
DA:172,1
DA:174,0
DA:175,0
DA:176,0
DA:180,1
DA:181,1
DA:182,1
DA:183,1
DA:185,0
DA:186,0
DA:187,0
DA:200,1
DA:206,1
DA:208,1
DA:210,1
DA:211,1
DA:212,1
DA:214,1
DA:216,1
DA:217,2
DA:218,2
DA:219,1
DA:220,1
DA:222,1
DA:223,2
DA:224,3
DA:227,1
DA:228,1
DA:229,1
DA:230,3
DA:232,1
DA:233,2
DA:234,2
DA:235,1
DA:245,1
DA:249,1
DA:251,1
DA:252,2
DA:254,1
DA:255,1
DA:256,1
DA:257,1
DA:258,1
DA:259,1
DA:261,0
DA:262,0
DA:263,0
DA:267,1
DA:268,1
DA:269,1
DA:270,1
DA:272,0
DA:273,0
DA:274,0
DA:278,1
DA:279,1
DA:280,1
DA:281,1
DA:283,0
DA:284,0
DA:285,0
DA:298,1
DA:304,1
DA:306,1
DA:308,1
DA:309,1
DA:310,1
DA:312,1
DA:314,1
DA:315,2
DA:316,2
DA:317,1
DA:318,1
DA:320,1
DA:321,2
DA:322,3
DA:325,1
DA:326,1
DA:327,1
DA:328,3
DA:330,1
DA:331,2
DA:332,2
DA:333,1
DA:345,1
DA:349,1
DA:351,2
DA:352,1
DA:354,1
DA:356,1
DA:357,2
DA:358,1
DA:359,4
DA:361,1
DA:362,1
DA:363,1
DA:365,3
DA:368,1
DA:369,1
DA:370,2
DA:371,2
DA:374,1
DA:377,0
DA:378,0
LF:182
LH:147
end_of_record
SF:lib\features\chat\chat.dart
DA:9,49
DA:11,0
DA:12,0
DA:20,0
DA:22,0
DA:24,0
DA:25,0
DA:29,0
DA:31,0
DA:32,0
DA:33,0
DA:34,0
DA:37,0
DA:38,0
DA:39,0
DA:40,0
DA:47,0
DA:48,0
DA:49,0
DA:52,0
DA:55,0
DA:58,0
DA:59,0
DA:60,0
DA:63,0
DA:66,0
DA:67,0
DA:70,0
DA:71,0
DA:72,0
DA:75,0
DA:78,0
DA:79,0
DA:80,0
DA:81,0
DA:84,0
DA:85,0
DA:89,0
DA:90,0
DA:91,0
DA:93,0
DA:96,0
DA:97,0
DA:98,0
DA:101,0
DA:102,0
DA:103,0
DA:104,0
DA:105,0
DA:114,0
DA:116,0
DA:117,0
DA:118,0
DA:120,0
DA:121,0
DA:125,0
DA:126,0
DA:128,0
DA:133,0
DA:134,0
DA:135,0
DA:137,0
DA:138,0
DA:139,0
DA:144,0
DA:146,0
DA:148,0
DA:150,0
DA:151,0
DA:154,0
DA:161,0
DA:163,0
DA:165,0
DA:172,0
DA:174,0
DA:175,0
DA:181,0
DA:189,0
DA:190,0
DA:191,0
DA:193,0
DA:194,0
DA:195,0
DA:196,0
DA:203,0
DA:207,0
DA:208,0
DA:209,0
DA:210,0
DA:212,0
DA:213,0
DA:214,0
DA:216,0
DA:217,0
DA:218,0
DA:219,0
DA:222,0
DA:225,0
DA:226,0
DA:235,0
DA:237,0
DA:238,0
DA:239,0
DA:240,0
DA:243,0
DA:244,0
DA:245,0
DA:246,0
DA:247,0
DA:248,0
DA:249,0
DA:251,0
DA:252,0
DA:256,0
DA:264,0
DA:268,0
DA:269,0
DA:271,0
DA:273,0
DA:274,0
DA:299,0
DA:300,0
DA:301,0
DA:303,0
DA:305,0
DA:309,0
DA:310,0
DA:311,0
DA:313,0
DA:314,0
DA:317,0
DA:325,0
DA:326,0
DA:328,0
DA:332,0
DA:333,0
DA:346,0
DA:347,0
DA:348,0
DA:354,0
DA:356,0
DA:357,0
DA:358,0
DA:360,0
DA:361,0
DA:364,0
DA:366,0
DA:372,0
DA:374,0
DA:375,0
DA:383,0
DA:384,0
DA:385,0
DA:389,0
DA:394,0
DA:395,0
DA:397,0
DA:398,0
DA:406,0
DA:408,0
DA:410,0
DA:411,0
DA:414,0
DA:422,0
DA:423,0
DA:430,0
DA:432,0
DA:434,0
DA:435,0
DA:437,0
DA:443,0
DA:448,0
DA:449,0
DA:450,0
DA:451,0
DA:452,0
DA:454,0
DA:459,0
DA:460,0
DA:461,0
DA:462,0
DA:463,0
DA:467,0
DA:469,0
DA:470,0
DA:471,0
DA:479,0
LF:187
LH:1
end_of_record
SF:lib\providers\ai_chat_provider.dart
DA:5,0
DA:6,0
DA:10,0
DA:11,0
DA:12,0
DA:16,0
DA:19,0
DA:22,0
DA:24,0
DA:25,0
DA:28,0
DA:29,0
DA:30,0
DA:31,0
DA:35,0
DA:38,0
DA:39,0
DA:40,0
DA:43,0
DA:45,0
DA:48,0
DA:49,0
DA:50,0
DA:53,0
DA:55,0
DA:58,0
DA:59,0
DA:60,0
DA:63,0
DA:66,0
DA:69,0
DA:70,0
DA:72,0
DA:76,0
DA:82,0
DA:83,0
DA:86,0
DA:87,0
DA:90,0
DA:91,0
LF:40
LH:0
end_of_record
SF:lib\services\ai_chat_service.dart
DA:13,0
DA:21,0
DA:28,0
DA:29,0
DA:30,0
DA:31,0
DA:32,0
DA:33,0
DA:39,0
DA:40,0
DA:41,0
DA:48,0
DA:49,0
DA:53,0
DA:54,0
DA:55,0
DA:60,0
DA:62,0
DA:71,0
DA:72,0
DA:75,0
DA:79,0
DA:86,0
DA:87,0
DA:88,0
DA:92,0
DA:93,0
DA:97,0
DA:99,0
DA:102,0
DA:103,0
DA:104,0
DA:108,0
DA:113,0
DA:114,0
DA:116,0
DA:118,0
DA:120,0
DA:122,0
DA:124,0
DA:126,0
DA:134,0
DA:135,0
DA:136,0
DA:140,0
DA:141,0
DA:145,0
DA:146,0
DA:150,0
DA:151,0
DA:152,0
DA:157,0
DA:164,0
DA:165,0
DA:167,0
DA:172,0
DA:173,0
DA:177,0
DA:180,0
DA:181,0
DA:182,0
LF:61
LH:0
end_of_record
SF:lib\features\dashboard\dashboard_screen.dart
DA:21,50
DA:23,1
DA:25,1
DA:26,1
DA:33,49
DA:35,0
DA:37,0
DA:38,0
DA:40,0
DA:42,0
DA:43,0
DA:45,0
DA:48,0
DA:50,0
DA:55,0
DA:58,0
DA:59,0
DA:64,0
DA:65,0
DA:66,0
DA:68,0
DA:70,0
DA:71,0
DA:74,0
DA:75,0
DA:78,0
DA:79,0
DA:82,0
DA:83,0
DA:89,0
DA:90,0
DA:92,0
DA:95,0
DA:101,0
DA:102,0
DA:103,0
DA:104,0
DA:117,0
DA:118,0
DA:120,0
DA:121,0
DA:123,0
DA:130,0
DA:132,0
DA:133,0
DA:141,0
DA:146,0
DA:152,0
DA:153,0
DA:154,0
DA:155,0
DA:161,0
DA:163,0
DA:170,0
DA:172,0
DA:186,0
DA:189,0
DA:190,0
DA:195,0
DA:196,0
DA:197,0
DA:199,0
DA:201,0
DA:202,0
DA:205,0
DA:206,0
DA:210,0
DA:211,0
DA:212,0
DA:215,0
DA:221,0
DA:222,0
DA:223,0
DA:224,0
DA:237,0
DA:239,0
DA:247,0
DA:249,0
DA:254,0
DA:255,0
DA:259,0
DA:261,0
DA:265,0
DA:266,0
DA:267,0
DA:271,0
DA:273,0
DA:280,0
DA:281,0
DA:282,0
DA:288,0
DA:291,0
DA:292,0
DA:297,0
DA:298,0
DA:299,0
DA:301,0
DA:303,0
DA:304,0
DA:307,0
DA:308,0
DA:312,0
DA:313,0
DA:314,0
DA:317,0
DA:323,0
DA:324,0
DA:325,0
DA:326,0
DA:339,0
DA:341,0
DA:376,0
DA:378,0
DA:380,0
DA:381,0
DA:382,0
DA:391,0
DA:392,0
DA:405,0
DA:408,0
DA:409,0
DA:414,0
DA:415,0
DA:416,0
DA:418,0
DA:420,0
DA:421,0
DA:424,0
DA:425,0
DA:429,0
DA:430,0
DA:431,0
DA:434,0
DA:440,0
DA:441,0
DA:442,0
DA:443,0
DA:456,0
DA:458,0
DA:466,0
DA:471,0
DA:475,0
DA:480,0
DA:484,0
DA:489,0
DA:495,0
DA:497,0
DA:506,0
DA:507,0
DA:508,0
DA:509,0
DA:510,0
DA:512,0
DA:518,0
DA:520,0
DA:521,0
DA:522,0
DA:529,0
DA:532,0
DA:533,0
DA:538,0
DA:539,0
DA:540,0
DA:542,0
DA:544,0
DA:545,0
DA:548,0
DA:549,0
DA:553,0
DA:554,0
DA:555,0
DA:558,0
DA:564,0
DA:565,0
DA:566,0
DA:567,0
DA:580,0
DA:582,0
DA:590,0
DA:592,0
DA:596,0
DA:597,0
DA:602,0
DA:604,0
DA:605,0
DA:606,0
DA:609,0
DA:614,0
DA:615,0
DA:616,0
DA:619,0
DA:620,0
DA:621,0
DA:622,0
DA:629,0
DA:647,0
DA:648,0
DA:651,0
DA:675,0
DA:676,0
DA:677,0
DA:680,0
DA:681,0
DA:682,0
DA:683,0
LF:205
LH:5
end_of_record
SF:lib\features\dashboard\health_cards_grid.dart
DA:21,2
DA:39,1
DA:41,1
DA:42,1
DA:44,1
DA:46,1
DA:47,1
DA:48,1
DA:49,2
DA:50,2
DA:51,2
DA:55,1
DA:59,1
DA:60,1
DA:61,2
DA:62,2
DA:63,2
DA:67,1
DA:73,1
DA:75,1
DA:76,1
DA:77,1
DA:78,2
DA:79,2
DA:80,2
DA:84,1
DA:88,1
DA:89,1
DA:90,2
DA:91,2
DA:92,2
DA:96,1
DA:104,1
DA:105,2
DA:106,2
DA:107,2
DA:110,1
DA:115,1
DA:116,2
DA:117,2
DA:118,2
DA:121,1
DA:137,1
DA:147,1
DA:149,1
DA:151,5
DA:153,1
DA:154,1
DA:155,1
DA:156,2
DA:158,1
DA:160,1
DA:164,1
DA:165,1
DA:166,1
DA:167,1
DA:170,1
DA:171,2
DA:174,1
DA:176,1
DA:177,1
DA:178,1
DA:181,1
DA:182,1
DA:186,0
DA:188,0
DA:194,1
DA:195,1
DA:196,1
DA:197,3
DA:199,1
DA:208,1
DA:209,1
DA:210,1
DA:211,1
DA:213,3
DA:214,1
DA:219,1
DA:220,1
DA:221,3
DA:222,3
DA:224,1
DA:231,1
DA:232,3
DA:233,3
DA:234,1
DA:238,1
DA:241,1
DA:242,1
DA:243,1
DA:244,1
DA:246,2
DA:247,2
DA:267,1
DA:276,1
DA:278,1
DA:280,1
DA:281,1
DA:282,1
DA:283,2
DA:285,1
DA:287,1
DA:289,1
DA:290,1
DA:291,1
DA:292,1
DA:295,1
DA:296,2
DA:299,4
DA:302,1
DA:303,1
DA:304,1
DA:305,3
DA:307,1
DA:314,1
DA:315,1
DA:316,1
DA:317,1
DA:319,3
DA:320,1
DA:325,1
DA:326,1
DA:327,1
DA:328,3
DA:330,1
DA:338,1
DA:339,2
DA:340,3
DA:341,1
DA:345,1
DA:348,1
DA:349,2
DA:350,1
DA:352,1
DA:355,1
DA:356,1
DA:357,1
DA:358,1
LF:138
LH:136
end_of_record
SF:lib\widgets\shared\ecg_quick_access_card.dart
DA:7,1
DA:9,1
DA:11,1
DA:12,1
DA:13,2
DA:16,1
DA:17,1
DA:18,1
DA:19,1
DA:21,1
DA:22,1
DA:23,1
DA:30,1
DA:31,1
DA:40,0
DA:49,1
DA:50,1
DA:53,1
DA:54,1
DA:56,3
DA:63,1
DA:65,0
DA:66,0
DA:67,0
LF:24
LH:20
end_of_record
SF:lib\widgets\shared\watch_connection_banner.dart
DA:9,1
DA:16,1
DA:18,1
DA:19,1
DA:21,1
DA:22,1
DA:23,1
DA:25,1
DA:27,1
DA:28,1
DA:29,1
DA:34,1
DA:35,1
DA:37,1
DA:38,1
DA:39,1
DA:42,3
DA:48,1
DA:49,1
DA:52,3
DA:57,1
DA:58,1
DA:59,1
DA:60,1
DA:62,1
DA:65,2
LF:26
LH:26
end_of_record
SF:lib\widgets\shared\circular_step_counter.dart
DA:10,2
DA:17,2
DA:19,8
DA:20,2
DA:21,2
DA:22,2
DA:23,2
DA:24,2
DA:25,4
DA:30,6
DA:31,4
DA:38,2
DA:41,2
DA:42,2
DA:43,2
DA:48,0
DA:51,0
DA:57,2
DA:58,4
DA:59,6
DA:67,2
DA:69,6
LF:22
LH:20
end_of_record
SF:lib\widgets\shared\metrics_row.dart
DA:10,2
DA:17,2
DA:19,2
DA:21,2
DA:23,2
DA:24,2
DA:26,4
DA:29,6
DA:31,2
DA:33,4
DA:36,6
DA:38,2
DA:40,4
DA:43,6
DA:58,2
DA:66,2
DA:68,2
DA:69,2
DA:70,2
DA:71,2
DA:74,2
DA:77,8
DA:78,2
DA:79,2
DA:80,2
DA:83,4
DA:85,0
DA:89,2
DA:90,2
DA:91,6
DA:93,2
DA:99,2
DA:100,2
DA:101,8
LF:34
LH:33
end_of_record
SF:lib\widgets\shared\premium_components.dart
DA:13,1
DA:21,1
DA:23,1
DA:30,0
DA:31,0
DA:32,0
DA:36,1
DA:38,1
DA:39,3
DA:40,1
DA:42,1
DA:44,2
DA:46,1
DA:47,1
DA:48,1
DA:51,0
DA:52,2
DA:56,1
DA:57,1
DA:58,1
DA:59,1
DA:65,1
DA:67,1
DA:69,1
DA:70,1
DA:72,1
DA:73,1
DA:74,1
DA:75,1
DA:77,1
DA:78,1
DA:79,1
DA:86,1
DA:89,1
DA:90,1
DA:92,3
DA:94,1
DA:98,1
DA:99,1
DA:100,1
DA:101,1
DA:105,1
DA:110,1
DA:112,3
DA:114,1
DA:118,1
DA:120,3
DA:124,1
DA:126,1
DA:128,1
DA:130,5
DA:132,1
DA:133,1
DA:134,1
DA:137,2
DA:140,1
DA:142,1
DA:143,2
DA:148,1
DA:151,2
DA:158,1
DA:168,1
DA:169,1
DA:171,3
DA:182,1
DA:183,1
DA:185,1
DA:186,1
DA:187,1
DA:189,1
DA:190,1
DA:191,2
DA:193,1
DA:195,1
DA:196,1
DA:213,0
DA:221,0
DA:223,0
DA:224,0
DA:225,0
DA:227,0
DA:228,0
DA:229,0
DA:230,0
DA:231,0
DA:233,0
DA:235,0
DA:236,0
DA:237,0
DA:238,0
DA:240,0
DA:244,0
DA:245,0
DA:246,0
DA:251,0
DA:252,0
DA:253,0
DA:254,0
DA:256,0
DA:262,0
DA:264,0
DA:265,0
DA:266,0
DA:269,0
DA:272,0
DA:274,0
DA:275,0
DA:280,0
DA:283,0
DA:295,0
DA:297,0
DA:299,0
DA:307,0
DA:309,0
DA:311,0
DA:314,0
DA:315,0
DA:316,0
DA:317,0
DA:319,0
DA:320,0
DA:321,0
DA:322,0
DA:324,0
DA:325,0
DA:326,0
DA:328,0
DA:329,0
DA:331,0
DA:335,0
DA:338,0
DA:347,0
DA:349,0
DA:351,0
DA:352,0
DA:353,0
DA:355,0
DA:356,0
DA:357,0
DA:358,0
DA:359,0
DA:361,0
DA:363,0
DA:364,0
DA:365,0
DA:366,0
DA:368,0
DA:372,0
DA:374,0
DA:379,0
DA:384,0
DA:385,0
DA:386,0
DA:388,0
DA:389,0
DA:400,0
DA:401,0
DA:402,0
DA:403,0
DA:405,0
DA:406,0
DA:407,0
DA:409,0
DA:410,0
DA:412,0
DA:419,0
DA:421,0
DA:422,0
DA:423,0
DA:424,0
DA:426,0
DA:430,0
DA:431,0
DA:432,0
DA:433,0
DA:436,0
DA:439,0
DA:441,0
DA:442,0
DA:447,0
DA:450,0
DA:467,0
DA:469,0
DA:471,0
DA:472,0
DA:474,0
DA:475,0
DA:476,0
DA:477,0
DA:478,0
DA:483,0
DA:484,0
DA:485,0
DA:487,0
DA:489,0
DA:490,0
DA:493,0
DA:494,0
DA:497,0
DA:498,0
DA:501,0
DA:502,0
DA:508,0
DA:510,0
DA:511,0
DA:512,0
DA:513,0
DA:515,0
DA:517,0
DA:519,0
DA:520,0
DA:522,0
DA:525,0
DA:531,0
DA:532,0
DA:533,0
DA:534,0
DA:547,0
DA:548,0
DA:550,0
DA:551,0
DA:553,0
DA:562,0
DA:564,0
DA:565,0
DA:573,0
DA:578,0
DA:584,0
DA:585,0
DA:586,0
DA:587,0
DA:593,0
DA:595,0
DA:602,0
DA:604,0
DA:619,0
DA:621,0
DA:624,0
DA:625,0
DA:626,0
DA:627,0
DA:630,0
DA:635,0
DA:637,0
DA:638,0
DA:641,0
DA:644,0
DA:645,0
DA:647,0
DA:650,0
DA:663,0
DA:666,0
DA:672,0
DA:673,0
DA:674,0
DA:675,0
DA:681,0
DA:683,0
DA:684,0
DA:685,0
DA:686,0
DA:688,0
DA:695,0
DA:697,0
DA:725,0
DA:734,0
DA:735,0
DA:741,0
DA:742,0
DA:743,0
DA:747,0
DA:749,0
DA:750,0
DA:751,0
DA:753,0
DA:755,0
DA:756,0
DA:757,0
DA:760,0
DA:761,0
DA:765,0
DA:766,0
DA:767,0
DA:768,0
DA:774,0
DA:776,0
DA:778,0
DA:779,0
DA:781,0
DA:782,0
DA:783,0
DA:784,0
DA:786,0
DA:787,0
DA:788,0
DA:795,0
DA:798,0
DA:799,0
DA:801,0
DA:803,0
DA:807,0
DA:808,0
DA:809,0
DA:810,0
DA:814,0
DA:819,0
DA:820,0
DA:821,0
DA:822,0
DA:823,0
DA:825,0
DA:838,0
DA:840,0
DA:842,0
DA:843,0
DA:845,0
DA:847,0
DA:848,0
DA:849,0
DA:851,0
DA:852,0
DA:859,0
DA:860,0
DA:861,0
DA:862,0
DA:863,0
DA:871,0
DA:872,0
DA:874,0
DA:878,0
DA:879,0
DA:881,0
DA:883,0
DA:884,0
DA:889,0
DA:890,0
DA:892,0
DA:893,0
DA:896,0
DA:897,0
DA:901,0
DA:903,0
DA:910,0
DA:926,0
DA:928,0
DA:930,0
DA:932,0
DA:933,0
DA:934,0
DA:935,0
DA:936,0
DA:937,0
DA:938,0
DA:940,0
DA:941,0
DA:942,0
DA:943,0
DA:944,0
DA:945,0
DA:947,0
DA:950,0
DA:953,0
DA:967,0
DA:979,0
DA:981,0
DA:988,0
DA:989,0
DA:990,0
DA:994,0
DA:996,0
DA:997,0
DA:998,0
DA:1000,0
DA:1002,0
DA:1003,0
DA:1004,0
DA:1007,0
DA:1008,0
DA:1012,0
DA:1013,0
DA:1014,0
DA:1015,0
DA:1021,0
DA:1023,0
DA:1025,0
DA:1026,0
DA:1028,0
DA:1029,0
DA:1030,0
DA:1031,0
DA:1033,0
DA:1034,0
DA:1035,0
DA:1042,0
DA:1045,0
DA:1046,0
DA:1048,0
DA:1050,0
DA:1054,0
DA:1055,0
DA:1056,0
DA:1057,0
DA:1061,0
DA:1066,0
DA:1067,0
DA:1068,0
DA:1069,0
DA:1070,0
DA:1072,0
DA:1077,0
DA:1079,0
DA:1081,0
DA:1083,0
DA:1084,0
DA:1085,0
DA:1087,0
DA:1088,0
DA:1089,0
DA:1090,0
DA:1097,0
DA:1099,0
DA:1100,0
DA:1102,0
DA:1103,0
DA:1105,0
DA:1110,0
DA:1111,0
DA:1112,0
DA:1118,0
DA:1120,0
DA:1121,0
DA:1123,0
DA:1128,0
DA:1129,0
DA:1130,0
DA:1139,0
DA:1140,0
DA:1141,0
DA:1146,0
DA:1148,0
DA:1153,0
DA:1155,0
DA:1157,0
DA:1158,0
DA:1164,0
DA:1166,0
DA:1167,0
DA:1170,0
DA:1171,0
DA:1175,0
DA:1177,0
DA:1184,0
LF:452
LH:71
end_of_record
SF:lib\widgets\shared\role_based_access.dart
DA:12,4
DA:19,4
DA:21,8
DA:22,4
DA:24,8
DA:25,1
DA:28,7
DA:31,3
DA:32,3
DA:34,3
DA:36,3
DA:37,3
DA:40,9
DA:43,3
DA:45,3
DA:47,9
DA:51,3
DA:53,12
DA:54,12
DA:59,3
DA:60,0
DA:62,0
DA:68,3
DA:69,9
DA:70,9
DA:83,2
DA:84,2
DA:85,2
DA:89,0
DA:90,0
DA:91,0
DA:95,0
DA:96,0
DA:97,0
LF:34
LH:26
end_of_record
SF:lib\widgets\user_header.dart
DA:11,99
DA:13,1
DA:15,1
DA:16,2
DA:17,1
DA:18,2
DA:19,2
DA:20,2
DA:21,2
DA:22,1
DA:24,0
DA:25,0
DA:28,0
DA:29,0
DA:30,0
DA:31,0
DA:34,0
DA:35,0
DA:38,0
DA:39,0
DA:40,0
DA:46,1
DA:49,1
DA:51,1
DA:52,1
DA:57,0
DA:58,0
DA:59,0
DA:61,1
DA:63,1
DA:64,1
DA:67,0
DA:68,1
DA:71,1
DA:72,1
DA:75,0
DA:76,1
DA:82,1
DA:84,1
DA:86,1
DA:88,1
DA:90,1
DA:92,1
DA:95,1
DA:106,1
DA:107,1
DA:108,1
DA:109,1
DA:113,1
DA:114,1
DA:120,1
DA:122,1
DA:124,1
DA:125,1
DA:126,1
DA:127,1
DA:133,1
DA:134,1
DA:135,1
DA:147,1
DA:148,1
DA:150,1
DA:151,1
DA:153,3
DA:160,1
DA:162,3
DA:163,1
DA:172,1
DA:173,1
DA:174,1
DA:177,0
DA:181,1
DA:184,0
DA:188,1
DA:191,0
DA:202,1
DA:204,1
DA:206,1
DA:207,1
DA:210,0
DA:211,1
DA:212,1
DA:213,1
DA:216,0
DA:225,1
DA:226,1
DA:227,1
DA:229,2
DA:230,0
DA:234,1
DA:236,2
DA:237,0
DA:241,1
DA:243,2
DA:244,0
DA:254,1
DA:255,1
DA:266,1
DA:277,1
DA:279,1
DA:285,1
DA:303,1
DA:310,1
DA:312,1
DA:315,1
DA:317,1
DA:318,0
DA:319,1
DA:320,1
DA:321,1
DA:323,1
DA:324,0
DA:329,1
DA:331,1
DA:332,1
DA:333,1
DA:334,1
DA:335,1
DA:338,1
DA:339,0
DA:354,1
DA:361,1
DA:363,1
DA:364,1
DA:365,1
DA:367,1
DA:369,1
DA:376,1
DA:377,1
DA:379,1
DA:380,1
DA:381,1
DA:382,1
DA:389,1
DA:390,1
DA:391,1
DA:393,1
DA:395,1
DA:396,0
DA:414,1
DA:422,1
DA:424,1
DA:425,1
DA:426,1
DA:429,1
DA:431,1
DA:439,1
DA:441,1
DA:442,0
DA:443,1
DA:444,1
DA:445,1
DA:447,1
DA:449,1
DA:450,0
DA:455,1
DA:456,1
DA:457,1
DA:458,1
DA:465,1
DA:467,1
DA:468,1
DA:469,1
DA:472,1
DA:474,1
DA:475,0
DA:478,3
DA:480,1
DA:481,1
DA:482,1
DA:486,1
DA:488,1
DA:489,0
LF:173
LH:141
end_of_record
SF:lib\widgets\shared\vital_card.dart
DA:8,1
DA:15,1
DA:17,1
DA:19,1
DA:20,2
DA:22,1
DA:23,1
DA:24,2
DA:25,2
DA:27,1
DA:28,1
DA:29,2
DA:31,2
DA:32,2
LF:14
LH:14
end_of_record
SF:lib\widgets\shared\alert_card.dart
DA:10,1
DA:19,1
DA:21,1
DA:22,2
DA:26,2
DA:29,2
DA:31,2
DA:33,1
DA:35,1
DA:36,1
DA:37,1
DA:38,1
DA:40,1
DA:41,1
DA:42,1
DA:43,1
DA:46,0
DA:47,2
DA:53,1
DA:55,1
DA:56,1
DA:58,1
DA:61,1
DA:62,1
DA:65,5
DA:67,1
DA:68,1
DA:69,1
DA:70,2
DA:76,1
DA:77,3
DA:85,1
DA:86,1
DA:88,1
DA:89,1
DA:90,1
DA:91,3
DA:97,1
DA:99,0
DA:100,0
DA:101,0
DA:102,0
DA:112,1
DA:115,1
DA:116,1
DA:128,1
DA:130,1
DA:132,0
DA:134,0
DA:136,0
LF:50
LH:42
end_of_record
SF:lib\widgets\shared\activity_card.dart
DA:11,50
DA:21,1
DA:23,1
DA:25,5
DA:26,1
DA:27,2
DA:29,1
DA:31,1
DA:35,1
DA:37,1
DA:39,1
DA:40,1
DA:43,1
DA:44,2
DA:47,1
DA:49,1
DA:50,0
DA:51,0
DA:54,0
DA:55,0
DA:59,3
DA:63,1
DA:64,1
DA:65,1
DA:66,3
DA:68,1
DA:78,1
DA:80,1
DA:81,1
DA:82,1
DA:84,3
DA:85,1
DA:90,1
DA:91,1
DA:92,1
DA:93,3
DA:95,1
DA:102,1
DA:103,2
DA:104,3
DA:105,1
DA:110,1
DA:113,1
DA:114,1
DA:115,1
DA:116,1
DA:118,2
DA:119,2
LF:48
LH:44
end_of_record
SF:lib\widgets\shared\coach_card.dart
DA:9,1
DA:17,1
DA:19,1
DA:20,2
DA:22,1
DA:24,1
DA:25,1
DA:26,1
DA:31,0
DA:32,0
DA:33,0
DA:35,1
DA:37,1
DA:38,1
DA:41,0
DA:42,1
DA:45,1
DA:46,1
DA:49,0
DA:50,1
DA:56,1
DA:58,1
DA:60,1
DA:62,1
DA:63,1
DA:65,1
DA:68,1
DA:74,1
DA:75,1
DA:76,1
DA:77,1
DA:90,1
DA:91,1
DA:93,1
DA:94,1
DA:96,3
DA:103,1
DA:105,3
DA:106,1
DA:114,1
DA:117,1
DA:120,1
DA:121,1
DA:122,1
DA:135,1
DA:137,1
DA:140,0
DA:141,1
DA:142,1
DA:143,1
DA:146,0
DA:151,1
DA:153,1
DA:154,1
DA:157,1
DA:160,1
DA:161,1
DA:162,1
DA:163,0
DA:164,1
DA:165,3
DA:168,0
DA:181,1
DA:182,1
DA:183,1
DA:184,1
DA:187,1
DA:193,1
DA:194,1
DA:197,1
DA:219,1
DA:227,1
DA:229,1
DA:231,1
DA:233,1
DA:241,1
DA:243,1
DA:244,0
DA:246,1
DA:248,1
DA:250,1
DA:252,1
DA:253,0
DA:258,1
DA:259,1
DA:260,1
DA:261,1
DA:268,1
DA:270,1
DA:271,1
DA:272,1
DA:273,1
DA:275,1
DA:276,1
DA:277,1
DA:280,1
DA:282,1
DA:283,0
DA:287,1
DA:288,1
DA:289,1
DA:293,1
DA:295,1
DA:296,0
LF:104
LH:91
end_of_record
SF:lib\widgets\shared\emergency_button.dart
DA:8,1
DA:15,1
DA:17,1
DA:18,2
DA:20,1
DA:22,1
DA:28,1
DA:29,1
DA:30,1
DA:31,1
DA:35,1
DA:38,0
DA:39,1
DA:45,1
DA:47,1
DA:48,1
DA:49,1
DA:50,1
DA:52,1
DA:54,1
DA:56,1
DA:59,1
DA:60,1
DA:61,1
DA:63,1
DA:64,1
DA:72,1
DA:73,1
DA:74,1
DA:75,1
DA:76,1
DA:77,3
DA:85,1
DA:87,3
DA:88,1
DA:98,1
DA:101,1
DA:102,1
DA:103,1
LF:39
LH:38
end_of_record
SF:lib\features\dashboard\health_index_reevaluate_screen.dart
DA:12,50
DA:14,1
DA:16,1
DA:33,1
DA:35,1
DA:36,3
DA:37,3
DA:39,2
DA:41,2
DA:42,4
DA:44,4
DA:48,0
DA:49,0
DA:52,0
DA:55,0
DA:63,1
DA:65,2
DA:66,1
DA:69,1
DA:71,1
DA:72,1
DA:73,2
DA:74,2
DA:75,1
DA:77,1
DA:78,1
DA:79,3
DA:80,1
DA:81,1
DA:83,3
DA:85,0
DA:87,3
DA:88,2
DA:91,1
DA:92,1
DA:93,1
DA:95,1
DA:97,1
DA:98,1
DA:100,3
DA:106,1
DA:107,1
DA:108,1
DA:111,1
DA:112,1
DA:114,1
DA:116,1
DA:117,1
DA:119,3
DA:121,2
DA:127,1
DA:129,1
DA:130,1
DA:133,3
DA:134,2
DA:141,1
DA:143,3
DA:148,1
DA:149,1
DA:155,1
DA:157,3
DA:162,1
DA:163,1
DA:164,1
DA:165,2
DA:166,0
DA:167,0
DA:170,1
DA:171,2
DA:172,2
DA:175,1
DA:176,2
DA:177,0
DA:178,0
DA:181,1
DA:182,2
DA:183,2
DA:189,1
DA:191,3
DA:196,1
DA:197,1
DA:203,1
DA:205,3
DA:210,1
DA:211,1
DA:216,1
DA:218,0
DA:219,2
LF:88
LH:78
end_of_record
SF:lib\features\dashboard\health_index_screen.dart
DA:10,50
DA:12,1
DA:13,1
DA:19,1
DA:21,1
DA:22,3
DA:23,3
DA:25,2
DA:27,2
DA:28,4
DA:30,4
DA:34,0
DA:35,0
DA:38,0
DA:41,0
DA:49,1
DA:51,2
DA:52,1
DA:55,1
DA:57,1
DA:58,1
DA:59,2
DA:60,1
DA:62,1
DA:63,1
DA:64,3
DA:65,1
DA:67,0
DA:69,3
DA:70,2
DA:73,1
DA:74,1
DA:75,1
DA:77,1
DA:79,1
DA:82,1
DA:85,1
DA:88,1
DA:99,1
DA:101,1
DA:102,1
DA:103,2
DA:104,1
DA:105,2
DA:107,1
DA:108,1
DA:110,1
DA:113,1
DA:115,1
DA:116,1
DA:117,1
DA:120,1
DA:122,1
DA:124,1
DA:126,1
DA:140,1
DA:143,1
DA:145,1
DA:147,3
DA:149,2
DA:150,1
DA:152,1
DA:156,1
DA:158,3
DA:159,2
DA:168,1
DA:171,1
DA:173,0
DA:176,1
DA:179,1
DA:180,1
DA:184,3
DA:188,1
DA:190,1
DA:191,2
DA:226,1
DA:228,1
DA:232,1
DA:233,1
DA:234,1
DA:235,1
DA:236,1
DA:237,1
DA:238,5
DA:245,1
DA:246,1
DA:247,5
DA:248,1
DA:249,2
DA:255,0
DA:263,49
DA:264,1
DA:266,1
DA:268,1
DA:270,1
DA:271,1
DA:272,1
DA:275,1
DA:276,4
DA:277,1
DA:279,1
DA:280,1
DA:281,1
DA:282,1
DA:283,1
DA:291,1
DA:292,1
DA:293,1
DA:294,4
DA:295,2
DA:309,1
DA:311,1
DA:312,1
DA:313,2
DA:315,1
DA:316,1
DA:318,1
DA:320,1
DA:321,1
DA:322,1
DA:323,1
DA:324,2
DA:325,3
DA:327,2
DA:339,1
DA:341,1
DA:342,1
DA:343,2
DA:344,3
DA:350,1
DA:351,2
DA:352,3
DA:360,1
DA:369,1
DA:374,4
DA:375,1
DA:377,1
DA:378,1
DA:379,1
DA:380,1
DA:382,1
DA:384,1
DA:387,1
DA:389,1
DA:391,1
DA:395,1
DA:402,1
DA:404,1
DA:405,1
DA:406,2
DA:407,3
DA:409,1
DA:410,2
DA:411,3
DA:413,1
DA:414,2
DA:415,3
DA:417,1
DA:418,2
DA:419,3
DA:423,1
DA:425,1
DA:426,1
DA:427,2
DA:428,3
DA:430,1
DA:431,2
DA:432,3
DA:434,1
DA:435,2
DA:436,3
DA:438,1
DA:439,2
DA:440,3
DA:442,1
DA:443,2
DA:444,3
DA:446,1
DA:447,2
DA:448,3
DA:458,1
DA:460,1
DA:461,1
DA:462,2
DA:464,1
DA:465,1
DA:467,1
DA:469,1
DA:470,1
DA:471,1
DA:472,1
DA:474,3
DA:476,2
DA:488,1
DA:490,1
DA:491,1
DA:493,3
DA:499,1
DA:501,3
DA:509,1
DA:518,1
DA:523,4
DA:524,1
DA:526,1
DA:527,1
DA:528,1
DA:529,1
DA:531,1
DA:533,1
DA:536,1
DA:538,1
DA:540,1
DA:544,1
DA:551,1
DA:553,1
DA:554,1
DA:555,2
DA:556,3
DA:558,1
DA:559,2
DA:560,3
DA:562,1
DA:563,2
DA:564,3
DA:566,1
DA:567,2
DA:568,3
DA:572,1
DA:574,1
DA:575,1
DA:576,2
DA:577,3
DA:579,1
DA:580,2
DA:581,3
DA:583,1
DA:584,2
DA:585,3
DA:587,1
DA:588,2
DA:589,3
DA:591,1
DA:592,2
DA:593,3
DA:595,1
DA:596,2
DA:597,3
LF:247
LH:240
end_of_record
SF:lib\features\dashboard\healthy_habits_screen.dart
DA:10,50
DA:12,1
DA:14,1
DA:29,1
DA:31,1
DA:32,3
DA:33,3
DA:35,2
DA:37,2
DA:38,4
DA:40,4
DA:44,0
DA:45,0
DA:48,0
DA:51,0
DA:59,1
DA:61,2
DA:62,2
DA:63,1
DA:66,1
DA:68,1
DA:69,1
DA:70,2
DA:71,1
DA:73,1
DA:74,1
DA:75,1
DA:76,3
DA:77,1
DA:78,1
DA:80,3
DA:82,0
DA:84,3
DA:85,2
DA:88,1
DA:89,1
DA:91,1
DA:93,1
DA:95,1
DA:96,1
DA:97,1
DA:100,1
DA:102,1
DA:103,1
DA:104,1
DA:107,1
DA:109,1
DA:110,1
DA:111,5
DA:116,1
DA:118,1
DA:119,1
DA:121,1
DA:122,1
DA:123,5
DA:124,2
DA:125,1
DA:129,1
DA:131,2
DA:145,1
DA:146,1
DA:147,1
DA:150,1
DA:152,1
DA:154,1
DA:155,1
DA:157,3
DA:162,1
DA:163,2
DA:164,2
DA:165,2
DA:166,0
DA:167,0
DA:168,0
DA:169,0
DA:171,0
DA:175,3
DA:185,1
DA:186,1
DA:187,1
DA:190,1
DA:192,1
DA:194,1
DA:195,1
DA:197,1
DA:198,1
DA:200,3
DA:204,1
DA:206,0
DA:211,1
DA:212,1
DA:218,1
DA:220,1
DA:221,1
DA:224,1
DA:225,1
DA:228,0
DA:229,0
DA:230,0
DA:231,0
DA:232,0
DA:236,3
LF:102
LH:86
end_of_record
SF:lib\features\dashboard\heart_tracker_screen.dart
DA:11,50
DA:13,1
DA:14,1
DA:20,1
DA:22,1
DA:23,3
DA:24,3
DA:26,2
DA:28,2
DA:29,4
DA:31,4
DA:35,0
DA:36,0
DA:39,0
DA:42,0
DA:50,1
DA:52,2
DA:53,1
DA:61,1
DA:63,1
DA:64,2
DA:65,1
DA:67,1
DA:68,1
DA:69,3
DA:70,1
DA:71,1
DA:73,3
DA:75,0
DA:77,3
DA:78,2
DA:81,1
DA:83,1
DA:85,1
DA:86,1
DA:87,1
DA:88,1
DA:89,1
DA:98,0
DA:106,1
DA:107,1
DA:108,1
DA:109,2
DA:110,1
DA:112,3
DA:117,1
DA:118,2
DA:127,1
DA:128,1
DA:129,1
DA:132,1
DA:137,1
DA:139,1
DA:140,1
DA:141,1
DA:142,1
DA:143,2
DA:144,3
DA:145,1
DA:147,1
DA:148,2
DA:149,3
DA:150,1
DA:154,1
DA:155,1
DA:156,1
DA:157,2
DA:158,3
DA:159,1
DA:161,1
DA:162,1
DA:163,3
DA:164,1
DA:166,1
DA:167,2
DA:168,1
DA:170,3
DA:179,1
DA:180,1
DA:181,1
DA:188,1
DA:189,1
DA:192,0
DA:195,1
DA:196,2
DA:197,4
LF:86
LH:79
end_of_record
SF:lib\features\dashboard\sleep_rating_screen.dart
DA:13,50
DA:15,1
DA:16,1
DA:33,1
DA:35,1
DA:36,3
DA:37,3
DA:39,2
DA:41,2
DA:42,4
DA:44,4
DA:48,0
DA:49,0
DA:52,0
DA:55,0
DA:63,1
DA:65,2
DA:66,1
DA:69,1
DA:71,1
DA:72,2
DA:73,1
DA:74,2
DA:75,2
DA:76,2
DA:77,2
DA:79,1
DA:81,1
DA:82,1
DA:83,3
DA:84,1
DA:85,1
DA:87,3
DA:89,0
DA:91,3
DA:92,2
DA:95,1
DA:97,1
DA:99,1
DA:100,1
DA:101,1
DA:102,1
DA:103,1
DA:112,0
DA:119,1
DA:120,1
DA:121,1
DA:122,3
DA:123,1
DA:125,3
DA:131,1
DA:133,1
DA:135,3
DA:145,1
DA:146,1
DA:147,1
DA:150,1
DA:155,1
DA:158,4
DA:160,1
DA:161,1
DA:164,1
DA:167,1
DA:173,1
DA:174,1
DA:175,1
DA:178,1
DA:184,1
DA:185,1
DA:186,1
DA:191,1
DA:192,1
DA:193,3
DA:194,1
DA:198,1
DA:204,1
DA:205,1
DA:206,1
DA:207,1
DA:210,1
DA:212,1
DA:214,4
DA:215,1
DA:225,1
DA:226,1
DA:228,3
DA:229,2
DA:230,1
DA:232,1
DA:233,1
DA:234,1
DA:235,3
DA:240,0
DA:248,2
LF:94
LH:87
end_of_record
SF:lib\widgets\shared\weekly_chart.dart
DA:8,4
DA:10,4
DA:12,4
DA:13,4
DA:15,4
DA:16,4
DA:19,4
DA:20,4
DA:30,4
DA:31,4
DA:33,4
DA:35,4
DA:37,4
DA:38,12
DA:39,12
DA:52,4
DA:53,16
DA:54,4
DA:56,4
DA:57,4
DA:58,8
DA:59,4
DA:61,4
LF:23
LH:23
end_of_record
SF:lib\features\dashboard\water_intake_screen.dart
DA:12,50
DA:14,1
DA:15,1
DA:28,1
DA:30,1
DA:31,3
DA:32,3
DA:34,2
DA:36,2
DA:37,4
DA:39,4
DA:43,0
DA:44,0
DA:47,0
DA:50,0
DA:58,1
DA:60,2
DA:61,1
DA:64,0
DA:65,0
DA:66,0
DA:67,0
DA:72,0
DA:73,0
DA:74,0
DA:75,0
DA:80,1
DA:82,1
DA:83,2
DA:84,1
DA:85,2
DA:86,2
DA:87,2
DA:88,2
DA:90,1
DA:92,1
DA:93,1
DA:94,3
DA:95,1
DA:96,1
DA:98,3
DA:100,0
DA:102,3
DA:103,2
DA:106,1
DA:108,1
DA:110,1
DA:111,1
DA:112,1
DA:113,1
DA:114,1
DA:123,0
DA:129,1
DA:130,1
DA:131,1
DA:132,3
DA:133,1
DA:135,3
DA:143,1
DA:145,3
DA:148,1
DA:150,1
DA:151,1
DA:157,1
DA:160,1
DA:166,1
DA:175,1
DA:176,1
DA:178,3
DA:179,2
DA:180,1
DA:182,1
DA:183,1
DA:184,1
DA:185,3
DA:190,0
DA:198,1
DA:199,6
LF:78
LH:63
end_of_record
SF:lib\features\dashboard\workout_tracker_screen.dart
DA:13,50
DA:15,1
DA:17,1
DA:32,1
DA:34,1
DA:35,3
DA:36,3
DA:38,2
DA:40,2
DA:41,4
DA:43,4
DA:47,0
DA:48,0
DA:51,0
DA:54,0
DA:62,1
DA:64,2
DA:65,1
DA:68,1
DA:70,1
DA:71,2
DA:72,1
DA:73,2
DA:74,2
DA:75,2
DA:76,2
DA:78,1
DA:80,1
DA:81,1
DA:82,3
DA:83,1
DA:84,1
DA:86,3
DA:88,0
DA:90,3
DA:91,2
DA:94,1
DA:96,1
DA:98,1
DA:99,4
DA:101,1
DA:102,1
DA:103,1
DA:104,1
DA:108,1
DA:109,1
DA:111,3
DA:112,2
DA:113,1
DA:115,1
DA:116,1
DA:117,1
DA:118,3
DA:123,0
DA:124,1
DA:126,5
DA:133,2
LF:57
LH:51
end_of_record
SF:lib\features\home\home_screen.dart
DA:18,49
DA:20,0
DA:21,0
DA:27,0
DA:28,0
DA:29,0
DA:34,0
DA:36,0
DA:37,0
DA:39,0
DA:40,0
DA:41,0
DA:42,0
DA:43,0
DA:45,0
DA:51,0
DA:53,0
DA:54,0
DA:55,0
DA:56,0
DA:58,0
DA:59,0
DA:62,0
DA:63,0
DA:68,0
DA:69,0
DA:70,0
DA:72,0
DA:74,0
DA:86,0
DA:91,0
DA:93,0
DA:95,0
DA:100,0
DA:106,0
DA:112,0
DA:120,0
DA:125,0
DA:127,0
DA:129,0
DA:134,0
DA:139,0
DA:143,0
DA:148,0
DA:152,0
DA:157,0
DA:163,0
DA:168,0
DA:170,0
DA:172,0
DA:177,0
DA:179,0
DA:180,0
DA:181,0
DA:189,0
DA:190,0
DA:199,0
DA:201,0
DA:202,0
DA:203,0
DA:211,0
DA:212,0
DA:223,0
DA:228,0
DA:230,0
DA:232,0
DA:236,0
DA:242,0
DA:246,0
DA:250,0
DA:252,0
DA:254,0
DA:256,0
DA:263,0
DA:265,0
DA:267,0
DA:268,0
DA:275,0
DA:276,0
DA:278,0
DA:279,0
DA:280,0
DA:281,0
DA:284,0
DA:286,0
DA:288,0
DA:289,0
DA:290,0
DA:291,0
DA:293,0
DA:295,0
DA:296,0
DA:301,0
DA:303,0
DA:306,0
DA:307,0
DA:308,0
DA:309,0
DA:310,0
DA:312,0
DA:320,0
DA:323,0
DA:324,0
DA:331,0
DA:332,0
DA:334,0
DA:347,0
DA:352,0
DA:354,0
DA:356,0
DA:359,0
DA:363,0
DA:364,0
DA:368,0
DA:373,0
DA:374,0
DA:375,0
DA:378,0
DA:383,0
DA:384,0
DA:385,0
DA:388,0
DA:389,0
DA:390,0
DA:391,0
DA:398,0
DA:417,0
DA:418,0
DA:421,0
DA:439,0
DA:440,0
DA:441,0
DA:444,0
DA:445,0
DA:446,0
DA:447,0
DA:456,0
DA:457,0
DA:460,0
DA:463,0
DA:464,0
DA:465,0
DA:468,0
DA:469,0
DA:470,0
DA:471,0
DA:478,0
DA:493,0
DA:494,0
DA:496,0
DA:498,0
DA:499,0
DA:500,0
DA:502,0
DA:503,0
DA:504,0
DA:505,0
DA:515,0
DA:516,0
DA:518,0
DA:520,0
DA:521,0
LF:162
LH:1
end_of_record
SF:lib\features\legal\privacy_policy_screen.dart
DA:10,50
DA:12,1
DA:14,1
DA:20,1
DA:22,1
DA:23,3
DA:24,3
DA:26,2
DA:27,5
DA:32,1
DA:34,2
DA:35,1
DA:38,1
DA:40,1
DA:41,1
DA:42,1
DA:43,2
DA:44,1
DA:45,1
DA:47,3
DA:49,0
DA:51,3
DA:52,2
DA:55,1
DA:56,1
DA:58,1
DA:60,1
DA:61,1
DA:62,1
DA:63,3
DA:66,1
DA:67,1
DA:68,3
LF:33
LH:32
end_of_record
SF:lib\features\legal\terms_of_service_screen.dart
DA:10,50
DA:12,1
DA:14,1
DA:20,1
DA:22,1
DA:23,3
DA:24,3
DA:26,2
DA:27,5
DA:32,1
DA:34,2
DA:35,1
DA:38,1
DA:40,1
DA:41,1
DA:42,1
DA:43,2
DA:44,1
DA:45,1
DA:47,3
DA:49,0
DA:51,3
DA:52,2
DA:55,1
DA:56,1
DA:58,1
DA:60,1
DA:61,1
DA:62,1
DA:63,3
DA:66,1
DA:67,1
DA:68,3
LF:33
LH:32
end_of_record
SF:lib\features\profile\accessibility_settings_screen.dart
DA:11,49
DA:13,0
DA:15,0
DA:16,0
DA:17,0
DA:18,0
DA:20,0
DA:22,0
DA:24,0
DA:26,0
DA:31,0
DA:32,0
DA:34,0
DA:36,0
DA:38,0
DA:48,0
DA:57,0
DA:58,0
DA:59,0
DA:61,0
DA:63,0
DA:64,0
DA:65,0
DA:76,0
DA:78,0
DA:87,0
DA:89,0
DA:91,0
DA:99,0
DA:100,0
DA:101,0
DA:102,0
DA:104,0
DA:110,0
LF:34
LH:1
end_of_record
SF:lib\features\profile\profile_screen.dart
DA:12,50
DA:14,1
DA:15,1
DA:22,1
DA:24,1
DA:25,3
DA:26,3
DA:28,2
DA:35,1
DA:37,2
DA:38,2
DA:39,1
DA:42,1
DA:44,1
DA:45,1
DA:46,2
DA:47,1
DA:49,1
DA:50,1
DA:51,1
DA:52,1
DA:54,1
DA:56,1
DA:58,1
DA:60,1
DA:61,1
DA:62,1
DA:64,1
DA:66,1
DA:73,1
DA:74,1
DA:76,1
DA:77,1
DA:79,3
DA:85,1
DA:87,3
DA:92,1
DA:94,1
DA:96,0
DA:108,1
DA:109,1
DA:142,1
DA:146,0
DA:150,1
DA:153,0
DA:155,0
DA:158,0
DA:163,0
DA:164,0
DA:166,0
DA:169,0
DA:171,0
DA:178,0
DA:180,0
DA:181,0
DA:182,0
DA:205,50
DA:213,1
DA:215,1
DA:216,1
DA:218,2
DA:219,1
DA:220,5
DA:221,1
DA:222,1
DA:223,4
DA:225,1
LF:67
LH:53
end_of_record
SF:lib\features\watch\health_watch_screen.dart
DA:9,50
DA:11,1
DA:12,1
DA:18,1
DA:20,1
DA:21,3
DA:22,3
DA:25,2
DA:26,4
DA:28,4
DA:32,0
DA:33,0
DA:36,0
DA:39,0
DA:49,1
DA:51,2
DA:52,1
DA:55,1
DA:57,1
DA:58,1
DA:59,2
DA:60,1
DA:62,1
DA:63,1
DA:64,1
DA:65,1
DA:67,1
DA:69,1
DA:71,1
DA:73,1
DA:75,1
DA:77,1
DA:79,1
DA:82,1
DA:83,1
DA:85,1
DA:86,1
DA:88,3
DA:94,1
DA:96,3
DA:101,1
DA:103,1
DA:105,0
DA:117,1
DA:118,1
DA:120,2
LF:46
LH:41
end_of_record
SF:lib\firebase_options.dart
DA:18,0
DA:22,0
DA:23,0
DA:25,0
DA:27,0
DA:29,0
DA:31,0
DA:32,0
DA:37,0
LF:9
LH:0
end_of_record
SF:lib\providers\language_provider.dart
DA:6,20
DA:7,5
DA:15,12
DA:16,6
DA:20,6
DA:22,6
DA:23,6
DA:24,6
DA:25,12
DA:28,0
DA:33,1
DA:35,1
DA:36,2
DA:37,2
DA:38,1
DA:41,0
DA:46,1
DA:47,2
DA:48,1
DA:50,0
DA:52,0
DA:60,1
DA:61,2
DA:62,1
DA:64,0
DA:66,0
DA:74,0
DA:75,0
DA:76,0
DA:77,0
LF:30
LH:20
end_of_record
SF:lib\providers\theme_provider.dart
DA:6,20
DA:7,5
DA:11,20
DA:12,5
DA:19,12
DA:20,6
DA:24,6
DA:26,6
DA:27,6
DA:28,4
DA:31,4
DA:36,1
DA:37,2
DA:38,1
DA:42,1
DA:44,1
DA:45,2
DA:46,1
DA:49,0
DA:54,0
DA:55,0
DA:56,0
DA:58,0
DA:60,0
DA:72,10
DA:73,5
DA:77,5
DA:79,5
DA:80,5
DA:81,5
DA:84,0
DA:89,0
DA:90,0
DA:91,0
DA:95,0
DA:97,0
DA:98,0
DA:99,0
DA:102,0
DA:107,0
DA:110,0
DA:111,0
DA:116,0
DA:117,0
DA:121,0
DA:122,0
DA:124,0
DA:125,0
DA:126,0
LF:49
LH:24
end_of_record
SF:lib\features\auth\splash_screen.dart
DA:12,51
DA:14,2
DA:15,2
DA:25,2
DA:27,2
DA:28,2
DA:29,2
DA:32,2
DA:33,4
DA:38,4
DA:43,6
DA:44,4
DA:47,6
DA:48,4
DA:52,2
DA:53,4
DA:54,2
DA:55,4
DA:56,2
DA:58,2
DA:60,2
DA:61,1
DA:62,3
DA:65,2
DA:67,1
DA:68,1
DA:71,2
DA:73,0
DA:74,0
DA:75,0
DA:80,0
DA:82,0
DA:86,2
DA:88,4
DA:89,4
DA:90,2
DA:93,2
DA:95,2
DA:96,2
DA:98,4
DA:102,2
DA:103,2
DA:104,2
DA:105,2
DA:106,2
DA:108,2
DA:109,2
DA:111,1
DA:114,3
DA:122,2
DA:123,2
DA:124,8
DA:125,2
DA:126,2
DA:127,2
DA:128,2
DA:129,2
DA:130,2
DA:131,2
DA:132,2
DA:139,2
DA:142,10
DA:155,2
DA:156,2
DA:157,2
DA:158,2
DA:159,2
DA:160,2
DA:161,2
DA:162,2
DA:163,2
DA:166,2
DA:168,2
DA:169,6
DA:174,2
DA:176,10
LF:76
LH:71
end_of_record
SF:lib\widgets\shared\main_screen.dart
DA:11,1
DA:13,0
DA:14,0
DA:18,0
DA:19,0
DA:20,0
DA:22,0
DA:26,0
DA:28,0
DA:29,0
DA:30,0
DA:31,0
DA:38,0
DA:39,0
DA:40,0
DA:41,0
DA:42,0
DA:46,0
DA:48,0
DA:49,0
DA:50,0
DA:52,0
DA:53,0
DA:54,0
DA:56,0
LF:25
LH:1
end_of_record
SF:lib\widgets\floating_bottom_nav_bar.dart
DA:11,1
DA:18,1
DA:20,1
DA:21,2
DA:22,1
DA:23,1
DA:24,1
DA:25,2
DA:26,3
DA:28,2
DA:29,2
DA:30,2
DA:32,3
DA:34,3
DA:36,1
DA:38,1
DA:41,1
DA:42,1
DA:44,1
DA:46,1
DA:47,1
DA:48,1
DA:55,1
DA:57,3
DA:58,2
DA:59,1
DA:60,1
DA:63,3
DA:64,1
DA:65,0
DA:66,1
DA:79,1
DA:88,1
DA:91,1
DA:93,1
DA:94,1
DA:97,1
DA:98,2
DA:103,0
DA:104,1
DA:108,1
DA:112,1
DA:114,1
DA:116,1
DA:117,2
DA:118,3
DA:119,1
DA:121,3
DA:132,1
DA:133,1
DA:134,3
DA:156,1
LF:52
LH:50
end_of_record
SF:lib\main.dart
DA:13,0
DA:14,0
DA:17,0
DA:18,0
DA:22,0
DA:23,0
DA:25,0
DA:29,0
DA:33,6
DA:35,3
DA:37,6
DA:38,6
DA:39,6
DA:40,6
DA:42,3
DA:61,3
DA:62,3
LF:17
LH:9
end_of_record
SF:lib\providers\health_metrics_provider.dart
DA:5,1
DA:6,1
DA:7,1
DA:21,0
DA:22,0
DA:23,0
LF:6
LH:3
end_of_record
SF:lib\models\health_metrics.dart
DA:10,1
LF:1
LH:1
end_of_record
SF:lib\providers\user_type_provider.dart
DA:7,8
DA:8,4
DA:9,2
DA:13,4
DA:14,2
DA:15,1
DA:19,4
DA:20,2
DA:21,2
DA:25,4
DA:26,2
DA:27,1
DA:31,4
DA:32,2
DA:34,1
DA:36,1
DA:38,1
DA:44,0
DA:45,0
DA:47,0
DA:48,0
DA:53,0
DA:54,0
DA:59,0
DA:60,0
DA:69,4
DA:70,2
DA:73,1
DA:74,1
DA:75,1
DA:85,1
DA:87,1
DA:88,1
DA:89,1
DA:97,1
DA:106,0
DA:107,0
DA:108,0
DA:109,0
DA:115,4
DA:116,1
LF:41
LH:29
end_of_record
SF:lib\providers\user_profile_provider.dart
DA:5,1
DA:6,1
DA:7,1
DA:20,0
DA:21,0
DA:22,0
LF:6
LH:3
end_of_record
SF:lib\models\user_profile.dart
DA:9,1
LF:1
LH:1
end_of_record
SF:lib\features\dashboard\ecg_card.dart
DA:6,1
DA:8,1
DA:10,1
DA:11,1
DA:12,2
DA:15,1
DA:17,1
DA:18,1
DA:19,1
DA:26,1
DA:27,1
DA:33,0
DA:42,1
DA:43,1
DA:46,1
DA:47,1
DA:49,3
DA:57,1
DA:59,2
DA:66,1
DA:67,0
DA:70,1
DA:74,3
LF:23
LH:21
end_of_record
